<testsuites id="" name="" tests="233" failures="31" skipped="176" errors="0" time="133.841771">
<testsuite name="smoke\electron-launch-demo.spec.ts" timestamp="2025-09-02T08:39:25.020Z" hostname="electron-smoke-tests" tests="8" failures="0" skipped="0" time="35.884" errors="0">
<testcase name="Electronåº”ç”¨åŸºç¡€åŠŸèƒ½ â€º åº”ç”¨å¯åŠ¨å’Œçª—å£åˆ›å»º" classname="smoke\electron-launch-demo.spec.ts" time="4.61">
<system-out>
<![CDATA[ðŸš€ å¼€å§‹å¯åŠ¨ Electron åº”ç”¨...
âœ… Electron åº”ç”¨å¯åŠ¨æˆåŠŸï¼Œè€—æ—¶: 850ms
ðŸªŸ ç­‰å¾…ä¸»çª—å£åˆ›å»º...
âœ… ä¸»çª—å£åˆ›å»ºæˆåŠŸï¼Œè€—æ—¶: 1533msï¼Œé‡è¯•æ¬¡æ•°: 0
viewportSize() è¿”å›ž undefinedï¼Œè·³è¿‡å°ºå¯¸éªŒè¯
]]>
</system-out>
</testcase>
<testcase name="Electronåº”ç”¨åŸºç¡€åŠŸèƒ½ â€º å®‰å…¨åŸºçº¿éªŒè¯ - ä¸Šä¸‹æ–‡éš”ç¦»" classname="smoke\electron-launch-demo.spec.ts" time="4.469">
<system-out>
<![CDATA[ðŸ”’ å¼€å§‹å®‰å…¨åŸºçº¿éªŒè¯æµ‹è¯•...
ðŸªŸ ç­‰å¾…ä¸»çª—å£åˆ›å»º(å®‰å…¨æµ‹è¯•)...
â„¹ï¸ æœªæ£€æµ‹åˆ°contextBridge APIï¼Œè¯·ç¡®è®¤æ˜¯å¦éœ€è¦IPCé€šä¿¡
]]>
</system-out>
</testcase>
<testcase name="Electronåº”ç”¨åŸºç¡€åŠŸèƒ½ â€º CSPç­–ç•¥ç”Ÿæ•ˆéªŒè¯" classname="smoke\electron-launch-demo.spec.ts" time="4.46">
<system-out>
<![CDATA[ðŸ›¡ï¸ å¼€å§‹CSPç­–ç•¥éªŒè¯æµ‹è¯•...
ðŸªŸ ç­‰å¾…ä¸»çª—å£åˆ›å»º(CSPæµ‹è¯•)...
]]>
</system-out>
</testcase>
<testcase name="Electronåº”ç”¨åŸºç¡€åŠŸèƒ½ â€º ä¸»è¿›ç¨‹å’Œæ¸²æŸ“è¿›ç¨‹åˆ†ç¦»" classname="smoke\electron-launch-demo.spec.ts" time="4.425">
<system-out>
<![CDATA[âš™ï¸ å¼€å§‹è¿›ç¨‹åˆ†ç¦»éªŒè¯æµ‹è¯•...
ðŸªŸ ç­‰å¾…ä¸»çª—å£åˆ›å»º(è¿›ç¨‹åˆ†ç¦»æµ‹è¯•)...
]]>
</system-out>
</testcase>
<testcase name="æ€§èƒ½å’Œå“åº”æ€§éªŒè¯ â€º åº”ç”¨å¯åŠ¨æ—¶é—´æµ‹è¯•" classname="smoke\electron-launch-demo.spec.ts" time="4.467">
<system-out>
<![CDATA[â±ï¸ å¼€å§‹å¯åŠ¨æ—¶é—´æ€§èƒ½æµ‹è¯•...
ðŸªŸ ç­‰å¾…ä¸»çª—å£åˆ›å»º(æ€§èƒ½æµ‹è¯•)...
åº”ç”¨å¯åŠ¨æ—¶é—´: 2690ms
]]>
</system-out>
</testcase>
<testcase name="æ€§èƒ½å’Œå“åº”æ€§éªŒè¯ â€º çª—å£å“åº”æ€§æµ‹è¯•" classname="smoke\electron-launch-demo.spec.ts" time="4.534">
<system-out>
<![CDATA[ðŸŽ¯ å¼€å§‹çª—å£å“åº”æ€§æµ‹è¯•...
ðŸªŸ ç­‰å¾…ä¸»çª—å£åˆ›å»º(å“åº”æ€§æµ‹è¯•)...
â„¹ï¸ è·³è¿‡UIäº¤äº’æµ‹è¯•ï¼ˆæ— å¯äº¤äº’å…ƒç´ ï¼‰
]]>
</system-out>
</testcase>
<testcase name="é”™è¯¯å¤„ç†å’Œç¨³å®šæ€§ â€º åº”ç”¨æ„å¤–é€€å‡ºæ¢å¤" classname="smoke\electron-launch-demo.spec.ts" time="4.557">
<system-out>
<![CDATA[ðŸ”„ å¼€å§‹åº”ç”¨ç¨³å®šæ€§æµ‹è¯•...
ðŸªŸ ç­‰å¾…ä¸»çª—å£åˆ›å»º(ç¨³å®šæ€§æµ‹è¯•)...
]]>
</system-out>
</testcase>
<testcase name="é”™è¯¯å¤„ç†å’Œç¨³å®šæ€§ â€º å†…å­˜æ³„æ¼åŸºç¡€æ£€æŸ¥" classname="smoke\electron-launch-demo.spec.ts" time="4.362">
<system-out>
<![CDATA[ðŸ§  å¼€å§‹å†…å­˜æ³„æ¼æ£€æŸ¥æµ‹è¯•...
ðŸªŸ ç­‰å¾…ä¸»çª—å£åˆ›å»º(å†…å­˜æµ‹è¯•)...
å†…å­˜ä½¿ç”¨æƒ…å†µ: { used: [33m12700000[39m, total: [33m18200000[39m, limit: [33m3760000000[39m }
]]>
</system-out>
</testcase>
</testsuite>
<testsuite name="smoke.electron.spec.ts" timestamp="2025-09-02T08:39:25.020Z" hostname="electron-smoke-tests" tests="11" failures="0" skipped="0" time="3.59" errors="0">
<testcase name="07ç«  Electron åŸºçº¿éªŒè¯ â€º åº”ç”¨å¯åŠ¨å¹¶æ˜¾ç¤ºä¸»çª—å£" classname="smoke.electron.spec.ts" time="1.448">
<system-out>
<![CDATA[âœ… åº”ç”¨å¯åŠ¨æ­£å¸¸ï¼Œæ ‡é¢˜: "Vite + React + TS"
]]>
</system-out>
</testcase>
<testcase name="07ç«  Electron åŸºçº¿éªŒè¯ â€º å®‰å…¨åŸºçº¿ï¼šNode.js å…¨å±€å˜é‡éš”ç¦»" classname="smoke.electron.spec.ts" time="0.011">
</testcase>
<testcase name="07ç«  Electron åŸºçº¿éªŒè¯ â€º å®‰å…¨åŸºçº¿ï¼šCSP ç­–ç•¥éªŒè¯" classname="smoke.electron.spec.ts" time="0.012">
<system-out>
<![CDATA[âœ… Electron CSPç­–ç•¥éªŒè¯é€šè¿‡: default-src 'self'; script-src 'self'; style-src 'self'; img-src 'self' data: https:; font-src 'self' data:; connect-src 'self' https://sentry.io; object-src 'none'; base-uri 'self'; form-action 'self'; frame-ancestors 'none';
]]>
</system-out>
</testcase>
<testcase name="07ç«  Electron åŸºçº¿éªŒè¯ â€º é¢„åŠ è½½è„šæœ¬ï¼šç™½åå• API éªŒè¯" classname="smoke.electron.spec.ts" time="0.006">
<system-out>
<![CDATA[ðŸ” æš´éœ²çš„ API é”®: []
ðŸ” å…¨éƒ¨windowé”®(å‰20ä¸ª): [
  [32m'window'[39m,      [32m'self'[39m,
  [32m'document'[39m,    [32m'name'[39m,
  [32m'location'[39m,    [32m'customElements'[39m,
  [32m'history'[39m,     [32m'navigation'[39m,
  [32m'locationbar'[39m, [32m'menubar'[39m,
  [32m'personalbar'[39m, [32m'scrollbars'[39m,
  [32m'statusbar'[39m,   [32m'toolbar'[39m,
  [32m'status'[39m,      [32m'closed'[39m,
  [32m'frames'[39m,      [32m'length'[39m,
  [32m'top'[39m,         [32m'opener'[39m
]
ðŸ” electronAPIç±»åž‹: undefined
ðŸ” electronAPIå†…å®¹: [90mundefined[39m
ðŸ” customAPIçŠ¶æ€: [33mfalse[39m
ðŸ” customAPIå†…å®¹: [90mundefined[39m
ðŸ“‹ æ²™ç›’æ¨¡å¼å®‰å…¨æ€§ä¼˜å…ˆï¼Œé¢„åŠ è½½APIåŠŸèƒ½é™çº§æ˜¯å¯æŽ¥å—çš„æƒè¡¡
]]>
</system-out>
<system-err>
<![CDATA[âš ï¸ æ²™ç›’æ¨¡å¼ä¸‹é¢„åŠ è½½è„šæœ¬åŠŸèƒ½å—é™ï¼Œè¿™æ˜¯Electronçš„å·²çŸ¥é™åˆ¶
]]>
</system-err>
</testcase>
<testcase name="07ç«  Electron åŸºçº¿éªŒè¯ â€º çª—å£å±žæ€§ï¼šå®‰å…¨é…ç½®éªŒè¯" classname="smoke.electron.spec.ts" time="0.012">
<system-out>
<![CDATA[âœ… å®‰å…¨ä¸‰å¼€å…³ç¡¬æ–­è¨€éªŒè¯é€šè¿‡ - ä¸»è¿›ç¨‹ä¾§ç¡®è®¤
ðŸ“‹ å®‰å…¨é…ç½®è¯¦æƒ…: {
  nodeIntegration: [33mfalse[39m,
  contextIsolation: [33mtrue[39m,
  sandbox: [33mtrue[39m,
  webSecurity: [33mtrue[39m
}
]]>
</system-out>
</testcase>
<testcase name="07ç«  Electron åŸºçº¿éªŒè¯ â€º åŸºæœ¬äº¤äº’ï¼šåº”ç”¨å“åº”æ€§æµ‹è¯•" classname="smoke.electron.spec.ts" time="0.063">
<system-out>
<![CDATA[âœ… äº¤äº’å“åº”æ—¶é—´: 62ms
]]>
</system-out>
</testcase>
<testcase name="07ç«  Electron åŸºçº¿éªŒè¯ â€º å†…å­˜ä½¿ç”¨ï¼šåŸºçº¿æ£€æŸ¥" classname="smoke.electron.spec.ts" time="0.009">
<system-out>
<![CDATA[ðŸ“Š JS å †å†…å­˜ä½¿ç”¨: 12.11 MB
]]>
</system-out>
</testcase>
<testcase name="07ç«  Electron åŸºçº¿éªŒè¯ â€º é”™è¯¯å¤„ç†ï¼šæœªæ•èŽ·å¼‚å¸¸æ£€æµ‹" classname="smoke.electron.spec.ts" time="2.015">
</testcase>
<testcase name="07ç«  Electron åŸºçº¿éªŒè¯ â€º åº”ç”¨å…³é—­ï¼šæ¸…ç†éªŒè¯" classname="smoke.electron.spec.ts" time="0.004">
<system-out>
<![CDATA[âœ… åº”ç”¨çŠ¶æ€æ£€æŸ¥é€šè¿‡: { isReady: [33mtrue[39m, isPackaged: [33mfalse[39m, windowCount: [33m1[39m }
]]>
</system-out>
</testcase>
<testcase name="07ç«  æž„å»ºäº§ç‰©éªŒè¯ â€º æž„å»ºäº§ç‰©ï¼šæ–‡ä»¶å®Œæ•´æ€§æ£€æŸ¥" classname="smoke.electron.spec.ts" time="0.006">
<system-out>
<![CDATA[ðŸ“ æž„å»ºäº§ç‰©éªŒè¯: {
  appName: [32m'Electron'[39m,
  appVersion: [32m'37.2.4'[39m,
  isReady: [33mtrue[39m,
  isPackaged: [33mfalse[39m,
  processVersion: [32m'37.2.4'[39m,
  nodeVersion: [32m'22.17.1'[39m,
  platform: [32m'win32'[39m,
  arch: [32m'x64'[39m,
  nodeEnv: [32m'test'[39m,
  checkedAt: [32m'2025-09-02T08:40:08.070Z'[39m
}
]]>
</system-out>
</testcase>
<testcase name="07ç«  æž„å»ºäº§ç‰©éªŒè¯ â€º ç‰ˆæœ¬ä¿¡æ¯ï¼šåº”ç”¨å…ƒæ•°æ®éªŒè¯" classname="smoke.electron.spec.ts" time="0.004">
<system-out>
<![CDATA[ðŸ“¦ åº”ç”¨ä¿¡æ¯: { version: [32m'37.2.4'[39m, name: [32m'Electron'[39m, ready: [33mtrue[39m }
]]>
</system-out>
</testcase>
</testsuite>
<testsuite name="framerate-stability.e2e.spec.ts" timestamp="2025-09-02T08:39:25.020Z" hostname="electron-full-e2e" tests="6" failures="1" skipped="5" time="0" errors="0">
<testcase name="å¸§çŽ‡ç¨³å®šæ€§æ•°æ®æ”¶é›† â€º åŸºçº¿å¸§çŽ‡ - é™æ€åœºæ™¯" classname="framerate-stability.e2e.spec.ts" time="0">
<failure message="framerate-stability.e2e.spec.ts:106:3 åŸºçº¿å¸§çŽ‡ - é™æ€åœºæ™¯" type="FAILURE">
<![CDATA[  [electron-full-e2e] â€º framerate-stability.e2e.spec.ts:106:3 â€º å¸§çŽ‡ç¨³å®šæ€§æ•°æ®æ”¶é›† â€º åŸºçº¿å¸§çŽ‡ - é™æ€åœºæ™¯ â”€â”€â”€â”€â”€â”€â”€â”€â”€â”€â”€â”€

    Error: worker process exited unexpectedly (code=3221225794, signal=null)
]]>
</failure>
</testcase>
<testcase name="å¸§çŽ‡ç¨³å®šæ€§æ•°æ®æ”¶é›† â€º åŠ¨ç”»åœºæ™¯å¸§çŽ‡" classname="framerate-stability.e2e.spec.ts" time="0">
<skipped>
</skipped>
</testcase>
<testcase name="å¸§çŽ‡ç¨³å®šæ€§æ•°æ®æ”¶é›† â€º äº¤äº’åœºæ™¯å¸§çŽ‡" classname="framerate-stability.e2e.spec.ts" time="0">
<skipped>
</skipped>
</testcase>
<testcase name="å¸§çŽ‡ç¨³å®šæ€§æ•°æ®æ”¶é›† â€º åŽ‹åŠ›æµ‹è¯•åœºæ™¯å¸§çŽ‡" classname="framerate-stability.e2e.spec.ts" time="0">
<skipped>
</skipped>
</testcase>
<testcase name="å¸§çŽ‡ç¨³å®šæ€§æ•°æ®æ”¶é›† â€º æ±‡æ€»å¹¶è¾“å‡ºå¸§çŽ‡æŠ¥å‘Š" classname="framerate-stability.e2e.spec.ts" time="0">
<skipped>
</skipped>
</testcase>
<testcase name="å¸§çŽ‡ç¨³å®šæ€§å›žå½’æµ‹è¯• â€º ä¸ŽåŽ†å²åŸºçº¿å¯¹æ¯”" classname="framerate-stability.e2e.spec.ts" time="0">
<skipped>
</skipped>
</testcase>
</testsuite>
<testsuite name="guild-manager\guild-manager.e2e.spec.ts" timestamp="2025-09-02T08:39:25.020Z" hostname="electron-full-e2e" tests="12" failures="1" skipped="11" time="0" errors="0">
<testcase name="Guild Manager - Core Functionality â€º should load guild manager interface" classname="guild-manager\guild-manager.e2e.spec.ts" time="0">
<failure message="guild-manager.e2e.spec.ts:54:3 should load guild manager interface" type="FAILURE">
<![CDATA[  [electron-full-e2e] â€º guild-manager\guild-manager.e2e.spec.ts:54:3 â€º Guild Manager - Core Functionality â€º should load guild manager interface 

    Error: worker process exited unexpectedly (code=3221225794, signal=null)
]]>
</failure>
</testcase>
<testcase name="Guild Manager - Core Functionality â€º should display guild resources correctly" classname="guild-manager\guild-manager.e2e.spec.ts" time="0">
<skipped>
</skipped>
</testcase>
<testcase name="Guild Manager - Core Functionality â€º should navigate between guild management sections" classname="guild-manager\guild-manager.e2e.spec.ts" time="0">
<skipped>
</skipped>
</testcase>
<testcase name="Guild Manager - Core Functionality â€º should handle member recruitment flow" classname="guild-manager\guild-manager.e2e.spec.ts" time="0">
<skipped>
</skipped>
</testcase>
<testcase name="Guild Manager - Core Functionality â€º should validate performance SLO requirements - P95é‡‡æ ·" classname="guild-manager\guild-manager.e2e.spec.ts" time="0">
<skipped>
</skipped>
</testcase>
<testcase name="Guild Manager - Core Functionality â€º should handle CloudEvents integration" classname="guild-manager\guild-manager.e2e.spec.ts" time="0">
<skipped>
</skipped>
</testcase>
<testcase name="Guild Manager - Core Functionality â€º should maintain state across navigation" classname="guild-manager\guild-manager.e2e.spec.ts" time="0">
<skipped>
</skipped>
</testcase>
<testcase name="Guild Manager - Advanced Features â€º should handle raid composition management" classname="guild-manager\guild-manager.e2e.spec.ts" time="0">
<skipped>
</skipped>
</testcase>
<testcase name="Guild Manager - Advanced Features â€º should handle diplomatic interactions" classname="guild-manager\guild-manager.e2e.spec.ts" time="0">
<skipped>
</skipped>
</testcase>
<testcase name="Guild Manager - Advanced Features â€º should validate accessibility requirements" classname="guild-manager\guild-manager.e2e.spec.ts" time="0">
<skipped>
</skipped>
</testcase>
<testcase name="Guild Manager - Error Handling â€º should handle network errors gracefully" classname="guild-manager\guild-manager.e2e.spec.ts" time="0">
<skipped>
</skipped>
</testcase>
<testcase name="Guild Manager - Error Handling â€º should recover from temporary failures" classname="guild-manager\guild-manager.e2e.spec.ts" time="0">
<skipped>
</skipped>
</testcase>
</testsuite>
<testsuite name="guild-manager\performance.e2e.spec.ts" timestamp="2025-09-02T08:39:25.020Z" hostname="electron-full-e2e" tests="8" failures="1" skipped="7" time="0" errors="0">
<testcase name="Guild Manager - Performance SLO Validation â€º should meet UI interaction P95 â‰¤ 100ms SLO" classname="guild-manager\performance.e2e.spec.ts" time="0">
<failure message="performance.e2e.spec.ts:75:3 should meet UI interaction P95 â‰¤ 100ms SLO" type="FAILURE">
<![CDATA[  [electron-full-e2e] â€º guild-manager\performance.e2e.spec.ts:75:3 â€º Guild Manager - Performance SLO Validation â€º should meet UI interaction P95 â‰¤ 100ms SLO 

    Error: worker process exited unexpectedly (code=3221225794, signal=null)
]]>
</failure>
</testcase>
<testcase name="Guild Manager - Performance SLO Validation â€º should meet event processing P95 â‰¤ 50ms SLO" classname="guild-manager\performance.e2e.spec.ts" time="0">
<skipped>
</skipped>
</testcase>
<testcase name="Guild Manager - Performance SLO Validation â€º should handle large member list rendering efficiently" classname="guild-manager\performance.e2e.spec.ts" time="0">
<skipped>
</skipped>
</testcase>
<testcase name="Guild Manager - Performance SLO Validation â€º should maintain memory usage within acceptable limits" classname="guild-manager\performance.e2e.spec.ts" time="0">
<skipped>
</skipped>
</testcase>
<testcase name="Guild Manager - Performance SLO Validation â€º should handle concurrent operations efficiently" classname="guild-manager\performance.e2e.spec.ts" time="0">
<skipped>
</skipped>
</testcase>
<testcase name="Guild Manager - Performance SLO Validation â€º should handle animation frame budget efficiently" classname="guild-manager\performance.e2e.spec.ts" time="0">
<skipped>
</skipped>
</testcase>
<testcase name="Guild Manager - Resource Usage Monitoring â€º should monitor CPU usage during intensive operations" classname="guild-manager\performance.e2e.spec.ts" time="0">
<skipped>
</skipped>
</testcase>
<testcase name="Guild Manager - Resource Usage Monitoring â€º should validate SQLite performance characteristics" classname="guild-manager\performance.e2e.spec.ts" time="0">
<skipped>
</skipped>
</testcase>
</testsuite>
<testsuite name="guild-manager\security.e2e.spec.ts" timestamp="2025-09-02T08:39:25.020Z" hostname="electron-full-e2e" tests="22" failures="1" skipped="21" time="0" errors="0">
<testcase name="Guild Manager - Electron Security Baseline â€º should verify webPreferences configuration at main process level" classname="guild-manager\security.e2e.spec.ts" time="0">
<failure message="security.e2e.spec.ts:38:3 should verify webPreferences configuration at main process level" type="FAILURE">
<![CDATA[  [electron-full-e2e] â€º guild-manager\security.e2e.spec.ts:38:3 â€º Guild Manager - Electron Security Baseline â€º should verify webPreferences configuration at main process level 

    Error: worker process exited unexpectedly (code=3221225794, signal=null)
]]>
</failure>
</testcase>
<testcase name="Guild Manager - Electron Security Baseline â€º should expose comprehensive security configuration for testing" classname="guild-manager\security.e2e.spec.ts" time="0">
<skipped>
</skipped>
</testcase>
<testcase name="Guild Manager - Electron Security Baseline â€º should verify security policy environment-specific configuration" classname="guild-manager\security.e2e.spec.ts" time="0">
<skipped>
</skipped>
</testcase>
<testcase name="Guild Manager - Electron Security Baseline â€º should verify BrowserWindow webPreferences are properly configured" classname="guild-manager\security.e2e.spec.ts" time="0">
<skipped>
</skipped>
</testcase>
<testcase name="Guild Manager - Electron Security Baseline â€º should enforce nodeIntegration=false" classname="guild-manager\security.e2e.spec.ts" time="0">
<skipped>
</skipped>
</testcase>
<testcase name="Guild Manager - Electron Security Baseline â€º should enforce contextIsolation=true" classname="guild-manager\security.e2e.spec.ts" time="0">
<skipped>
</skipped>
</testcase>
<testcase name="Guild Manager - Electron Security Baseline â€º should enforce sandbox=true" classname="guild-manager\security.e2e.spec.ts" time="0">
<skipped>
</skipped>
</testcase>
<testcase name="Guild Manager - Electron Security Baseline â€º should enforce strict Content Security Policy" classname="guild-manager\security.e2e.spec.ts" time="0">
<skipped>
</skipped>
</testcase>
<testcase name="Guild Manager - Electron Security Baseline â€º should intercept and control window.open() behavior" classname="guild-manager\security.e2e.spec.ts" time="0">
<skipped>
</skipped>
</testcase>
<testcase name="Guild Manager - Electron Security Baseline â€º should prevent malicious window.open() attacks" classname="guild-manager\security.e2e.spec.ts" time="0">
<skipped>
</skipped>
</testcase>
<testcase name="Guild Manager - Electron Security Baseline â€º should intercept and control permission requests" classname="guild-manager\security.e2e.spec.ts" time="0">
<skipped>
</skipped>
</testcase>
<testcase name="Guild Manager - Electron Security Baseline â€º should handle geolocation permission requests securely" classname="guild-manager\security.e2e.spec.ts" time="0">
<skipped>
</skipped>
</testcase>
<testcase name="Guild Manager - Electron Security Baseline â€º should block unauthorized notification requests" classname="guild-manager\security.e2e.spec.ts" time="0">
<skipped>
</skipped>
</testcase>
<testcase name="Guild Manager - Electron Security Baseline â€º should prevent unauthorized media access" classname="guild-manager\security.e2e.spec.ts" time="0">
<skipped>
</skipped>
</testcase>
<testcase name="Guild Manager - Electron Security Baseline â€º should validate permission request origin checks" classname="guild-manager\security.e2e.spec.ts" time="0">
<skipped>
</skipped>
</testcase>
<testcase name="Guild Manager - Electron Security Baseline â€º should validate secure IPC communication" classname="guild-manager\security.e2e.spec.ts" time="0">
<skipped>
</skipped>
</testcase>
<testcase name="Guild Manager - Electron Security Baseline â€º should prevent XSS attacks" classname="guild-manager\security.e2e.spec.ts" time="0">
<skipped>
</skipped>
</testcase>
<testcase name="Guild Manager - Electron Security Baseline â€º should validate secure data handling" classname="guild-manager\security.e2e.spec.ts" time="0">
<skipped>
</skipped>
</testcase>
<testcase name="Guild Manager - Electron Security Baseline â€º should validate secure storage mechanisms" classname="guild-manager\security.e2e.spec.ts" time="0">
<skipped>
</skipped>
</testcase>
<testcase name="Guild Manager - Security Compliance â€º should comply with OWASP security guidelines" classname="guild-manager\security.e2e.spec.ts" time="0">
<skipped>
</skipped>
</testcase>
<testcase name="Guild Manager - Security Compliance â€º should handle security headers correctly" classname="guild-manager\security.e2e.spec.ts" time="0">
<skipped>
</skipped>
</testcase>
<testcase name="Guild Manager - Security Compliance â€º should prevent information disclosure" classname="guild-manager\security.e2e.spec.ts" time="0">
<skipped>
</skipped>
</testcase>
</testsuite>
<testsuite name="perf.smoke.spec.ts" timestamp="2025-09-02T08:39:25.020Z" hostname="electron-full-e2e" tests="9" failures="1" skipped="8" time="0" errors="0">
<testcase name="æ€§èƒ½å†’çƒŸæµ‹è¯•å¥—ä»¶ â€º åº”ç”¨å†·å¯åŠ¨æ€§èƒ½éªŒè¯ - P95é‡‡æ ·" classname="perf.smoke.spec.ts" time="0">
<failure message="perf.smoke.spec.ts:41:3 åº”ç”¨å†·å¯åŠ¨æ€§èƒ½éªŒè¯ - P95é‡‡æ ·" type="FAILURE">
<![CDATA[  [electron-full-e2e] â€º perf.smoke.spec.ts:41:3 â€º æ€§èƒ½å†’çƒŸæµ‹è¯•å¥—ä»¶ â€º åº”ç”¨å†·å¯åŠ¨æ€§èƒ½éªŒè¯ - P95é‡‡æ · â”€â”€â”€â”€â”€â”€â”€â”€â”€â”€â”€â”€â”€â”€â”€â”€â”€â”€â”€â”€â”€

    Error: worker process exited unexpectedly (code=3221225794, signal=null)
]]>
</failure>
</testcase>
<testcase name="æ€§èƒ½å†’çƒŸæµ‹è¯•å¥—ä»¶ â€º é¡µé¢åŠ è½½æ€§èƒ½éªŒè¯" classname="perf.smoke.spec.ts" time="0">
<skipped>
</skipped>
</testcase>
<testcase name="æ€§èƒ½å†’çƒŸæµ‹è¯•å¥—ä»¶ â€º äº¤äº’å“åº”æ€§èƒ½éªŒè¯ - P95é‡‡æ ·" classname="perf.smoke.spec.ts" time="0">
<skipped>
</skipped>
</testcase>
<testcase name="æ€§èƒ½å†’çƒŸæµ‹è¯•å¥—ä»¶ â€º å¸§çŽ‡æ€§èƒ½éªŒè¯" classname="perf.smoke.spec.ts" time="0">
<skipped>
</skipped>
</testcase>
<testcase name="æ€§èƒ½å†’çƒŸæµ‹è¯•å¥—ä»¶ â€º å†…å­˜ä½¿ç”¨æ€§èƒ½éªŒè¯" classname="perf.smoke.spec.ts" time="0">
<skipped>
</skipped>
</testcase>
<testcase name="æ€§èƒ½å†’çƒŸæµ‹è¯•å¥—ä»¶ â€º åœºæ™¯åˆ‡æ¢æ€§èƒ½éªŒè¯" classname="perf.smoke.spec.ts" time="0">
<skipped>
</skipped>
</testcase>
<testcase name="æ€§èƒ½å†’çƒŸæµ‹è¯•å¥—ä»¶ â€º èµ„æºåŠ è½½æ€§èƒ½éªŒè¯" classname="perf.smoke.spec.ts" time="0">
<skipped>
</skipped>
</testcase>
<testcase name="æ€§èƒ½å†’çƒŸæµ‹è¯•å¥—ä»¶ â€º å¹¶å‘æ“ä½œæ€§èƒ½éªŒè¯ - P95é‡‡æ ·" classname="perf.smoke.spec.ts" time="0">
<skipped>
</skipped>
</testcase>
<testcase name="æ€§èƒ½å›žå½’æ£€æµ‹ â€º åŸºçº¿æ€§èƒ½å¿«ç…§å¯¹æ¯”" classname="perf.smoke.spec.ts" time="0">
<skipped>
</skipped>
</testcase>
</testsuite>
<testsuite name="quality\react19-actions.spec.ts" timestamp="2025-09-02T08:39:25.020Z" hostname="electron-full-e2e" tests="3" failures="1" skipped="2" time="0" errors="0">
<testcase name="React 19 Actions è¡¨å•è·¯å¾„éªŒè¯ â€º å…³é”®è¡¨å•åº”ä½¿ç”¨React 19 Actionsè€Œéžä¼ ç»ŸuseState" classname="quality\react19-actions.spec.ts" time="0">
<failure message="react19-actions.spec.ts:31:3 å…³é”®è¡¨å•åº”ä½¿ç”¨React 19 Actionsè€Œéžä¼ ç»ŸuseState" type="FAILURE">
<![CDATA[  [electron-full-e2e] â€º quality\react19-actions.spec.ts:31:3 â€º React 19 Actions è¡¨å•è·¯å¾„éªŒè¯ â€º å…³é”®è¡¨å•åº”ä½¿ç”¨React 19 Actionsè€Œéžä¼ ç»ŸuseState 

    Error: worker process exited unexpectedly (code=3221225794, signal=null)
]]>
</failure>
</testcase>
<testcase name="React 19 Actions è¡¨å•è·¯å¾„éªŒè¯ â€º éªŒè¯Actionsç›¸å…³çš„çŠ¶æ€ç®¡ç†" classname="quality\react19-actions.spec.ts" time="0">
<skipped>
</skipped>
</testcase>
<testcase name="React 19 Actions é™æ€åˆ†æžé›†æˆ â€º ESLintè§„åˆ™åº”è¯¥èƒ½æ£€æµ‹åˆ°Actionsä½¿ç”¨" classname="quality\react19-actions.spec.ts" time="0">
<skipped>
</skipped>
</testcase>
</testsuite>
<testsuite name="scene-transition.e2e.spec.ts" timestamp="2025-09-02T08:39:25.020Z" hostname="electron-full-e2e" tests="4" failures="1" skipped="3" time="0" errors="0">
<testcase name="åœºæ™¯è½¬æ¢æ€§èƒ½æµ‹è¯• - P1-A User Timing API â€º åœºæ™¯è½¬æ¢æ€§èƒ½ - game.scene.load" classname="scene-transition.e2e.spec.ts" time="0">
<failure message="scene-transition.e2e.spec.ts:270:5 åœºæ™¯è½¬æ¢æ€§èƒ½ - game.scene.load" type="FAILURE">
<![CDATA[  [electron-full-e2e] â€º scene-transition.e2e.spec.ts:270:5 â€º åœºæ™¯è½¬æ¢æ€§èƒ½æµ‹è¯• - P1-A User Timing API â€º åœºæ™¯è½¬æ¢æ€§èƒ½ - game.scene.load 

    Error: worker process exited unexpectedly (code=3221225794, signal=null)
]]>
</failure>
</testcase>
<testcase name="åœºæ™¯è½¬æ¢æ€§èƒ½æµ‹è¯• - P1-A User Timing API â€º åœºæ™¯è½¬æ¢æ€§èƒ½ - game.scene.menu" classname="scene-transition.e2e.spec.ts" time="0">
<skipped>
</skipped>
</testcase>
<testcase name="åœºæ™¯è½¬æ¢æ€§èƒ½æµ‹è¯• - P1-A User Timing API â€º åœºæ™¯è½¬æ¢æ€§èƒ½ - phaser.scene.create" classname="scene-transition.e2e.spec.ts" time="0">
<skipped>
</skipped>
</testcase>
<testcase name="åœºæ™¯è½¬æ¢æ€§èƒ½æµ‹è¯• - P1-A User Timing API â€º ç»¼åˆåœºæ™¯è½¬æ¢æ€§èƒ½æŠ¥å‘Š" classname="scene-transition.e2e.spec.ts" time="0">
<skipped>
</skipped>
</testcase>
</testsuite>
<testsuite name="security\electron-security.spec.ts" timestamp="2025-09-02T08:39:25.020Z" hostname="electron-full-e2e" tests="9" failures="1" skipped="8" time="0" errors="0">
<testcase name="Electronå®‰å…¨åŸºçº¿éªŒè¯ - ADR-0002 â€º 1. BrowserWindowå®‰å…¨é…ç½®éªŒè¯ â€º ä¸»çª—å£å®‰å…¨é…ç½®åˆè§„æ£€æŸ¥" classname="security\electron-security.spec.ts" time="0">
<failure message="electron-security.spec.ts:47:5 ä¸»çª—å£å®‰å…¨é…ç½®åˆè§„æ£€æŸ¥" type="FAILURE">
<![CDATA[  [electron-full-e2e] â€º security\electron-security.spec.ts:47:5 â€º Electronå®‰å…¨åŸºçº¿éªŒè¯ - ADR-0002 â€º 1. BrowserWindowå®‰å…¨é…ç½®éªŒè¯ â€º ä¸»çª—å£å®‰å…¨é…ç½®åˆè§„æ£€æŸ¥ 

    Error: worker process exited unexpectedly (code=3221225794, signal=null)
]]>
</failure>
</testcase>
<testcase name="Electronå®‰å…¨åŸºçº¿éªŒè¯ - ADR-0002 â€º 1. BrowserWindowå®‰å…¨é…ç½®éªŒè¯ â€º preload APIç™½åå•éªŒè¯" classname="security\electron-security.spec.ts" time="0">
<skipped>
</skipped>
</testcase>
<testcase name="Electronå®‰å…¨åŸºçº¿éªŒè¯ - ADR-0002 â€º 2. å¯¼èˆªä¸Žå¼¹çª—æ‹¦æˆªéªŒè¯ â€º å¤–éƒ¨å¯¼èˆªåº”è¢«æ‹¦æˆª" classname="security\electron-security.spec.ts" time="0">
<skipped>
</skipped>
</testcase>
<testcase name="Electronå®‰å…¨åŸºçº¿éªŒè¯ - ADR-0002 â€º 2. å¯¼èˆªä¸Žå¼¹çª—æ‹¦æˆªéªŒè¯ â€º æ–°çª—å£æ‰“å¼€æŽ§åˆ¶éªŒè¯" classname="security\electron-security.spec.ts" time="0">
<skipped>
</skipped>
</testcase>
<testcase name="Electronå®‰å…¨åŸºçº¿éªŒè¯ - ADR-0002 â€º 3. CSPç­–ç•¥åˆè§„éªŒè¯ â€º å†…è”è„šæœ¬åº”è¢«CSPé˜»æ­¢" classname="security\electron-security.spec.ts" time="0">
<skipped>
</skipped>
</testcase>
<testcase name="Electronå®‰å…¨åŸºçº¿éªŒè¯ - ADR-0002 â€º 3. CSPç­–ç•¥åˆè§„éªŒè¯ â€º å¤–éƒ¨èµ„æºCSPç­–ç•¥éªŒè¯" classname="security\electron-security.spec.ts" time="0">
<skipped>
</skipped>
</testcase>
<testcase name="Electronå®‰å…¨åŸºçº¿éªŒè¯ - ADR-0002 â€º 4. è¿è¡Œæ—¶å®‰å…¨ç›‘æŽ§ â€º åº”ç”¨åŸºæœ¬åŠŸèƒ½æ­£å¸¸" classname="security\electron-security.spec.ts" time="0">
<skipped>
</skipped>
</testcase>
<testcase name="Electronå®‰å…¨åŸºçº¿éªŒè¯ - ADR-0002 â€º 4. è¿è¡Œæ—¶å®‰å…¨ç›‘æŽ§ â€º æ€§èƒ½å½±å“è¯„ä¼°" classname="security\electron-security.spec.ts" time="0">
<skipped>
</skipped>
</testcase>
<testcase name="Electronå®‰å…¨åŸºçº¿éªŒè¯ - ADR-0002 â€º 5. å®‰å…¨ç»¼åˆè¯„åˆ† â€º å®‰å…¨é…ç½®ç»¼åˆè¯„åˆ†åº”ä¸º100%" classname="security\electron-security.spec.ts" time="0">
<skipped>
</skipped>
</testcase>
</testsuite>
<testsuite name="security\enhanced\enhanced-csp-security.spec.ts" timestamp="2025-09-02T08:39:25.020Z" hostname="electron-full-e2e" tests="9" failures="1" skipped="8" time="0" errors="0">
<testcase name="CSPç­–ç•¥å®‰å…¨éªŒè¯ â€º CSPåº”è¯¥é˜»æ­¢å†…è”è„šæœ¬æ‰§è¡Œ" classname="security\enhanced\enhanced-csp-security.spec.ts" time="0">
<failure message="enhanced-csp-security.spec.ts:31:3 CSPåº”è¯¥é˜»æ­¢å†…è”è„šæœ¬æ‰§è¡Œ" type="FAILURE">
<![CDATA[  [electron-full-e2e] â€º security\enhanced\enhanced-csp-security.spec.ts:31:3 â€º CSPç­–ç•¥å®‰å…¨éªŒè¯ â€º CSPåº”è¯¥é˜»æ­¢å†…è”è„šæœ¬æ‰§è¡Œ 

    Error: worker process exited unexpectedly (code=3221225794, signal=null)
]]>
</failure>
</testcase>
<testcase name="CSPç­–ç•¥å®‰å…¨éªŒè¯ â€º CSPåº”è¯¥é˜»æ­¢ä¸å®‰å…¨çš„å¤–éƒ¨èµ„æº" classname="security\enhanced\enhanced-csp-security.spec.ts" time="0">
<skipped>
</skipped>
</testcase>
<testcase name="CSPç­–ç•¥å®‰å…¨éªŒè¯ â€º CSPè¿è§„æŠ¥å‘ŠåŠŸèƒ½" classname="security\enhanced\enhanced-csp-security.spec.ts" time="0">
<skipped>
</skipped>
</testcase>
<testcase name="CSPç­–ç•¥å®‰å…¨éªŒè¯ â€º CSPç­–ç•¥å®Œæ•´æ€§æ£€æŸ¥" classname="security\enhanced\enhanced-csp-security.spec.ts" time="0">
<skipped>
</skipped>
</testcase>
<testcase name="CSPç­–ç•¥å®‰å…¨éªŒè¯ â€º CSPåŠ¨æ€ç­–ç•¥éªŒè¯ - çŽ¯å¢ƒç‰¹å®šæ£€æŸ¥" classname="security\enhanced\enhanced-csp-security.spec.ts" time="0">
<skipped>
</skipped>
</testcase>
<testcase name="CSPç­–ç•¥å®‰å…¨éªŒè¯ â€º CSPå®žæ—¶ç­–ç•¥æ›´æ–°éªŒè¯" classname="security\enhanced\enhanced-csp-security.spec.ts" time="0">
<skipped>
</skipped>
</testcase>
<testcase name="CSPç­–ç•¥å®‰å…¨éªŒè¯ â€º CSPè¿è§„äº‹ä»¶ç›‘å¬å™¨éªŒè¯" classname="security\enhanced\enhanced-csp-security.spec.ts" time="0">
<skipped>
</skipped>
</testcase>
<testcase name="CSPç­–ç•¥å®‰å…¨éªŒè¯ â€º CSPç­–ç•¥æŒ‡ä»¤è¦†ç›–å®Œæ•´æ€§" classname="security\enhanced\enhanced-csp-security.spec.ts" time="0">
<skipped>
</skipped>
</testcase>
<testcase name="CSPç­–ç•¥å®‰å…¨éªŒè¯ â€º CSPç­–ç•¥åŠ¨æ€çŽ¯å¢ƒé€‚é…" classname="security\enhanced\enhanced-csp-security.spec.ts" time="0">
<skipped>
</skipped>
</testcase>
</testsuite>
<testsuite name="security\enhanced\enhanced-electron-security.spec.ts" timestamp="2025-09-02T08:39:25.020Z" hostname="electron-full-e2e" tests="4" failures="1" skipped="3" time="0" errors="0">
<testcase name="Electronå®‰å…¨åŸºçº¿éªŒè¯ â€º æ¸²æŸ“è¿›ç¨‹åº”è¯¥æ— æ³•è®¿é—®Node.js API" classname="security\enhanced\enhanced-electron-security.spec.ts" time="0">
<failure message="enhanced-electron-security.spec.ts:31:3 æ¸²æŸ“è¿›ç¨‹åº”è¯¥æ— æ³•è®¿é—®Node.js API" type="FAILURE">
<![CDATA[  [electron-full-e2e] â€º security\enhanced\enhanced-electron-security.spec.ts:31:3 â€º Electronå®‰å…¨åŸºçº¿éªŒè¯ â€º æ¸²æŸ“è¿›ç¨‹åº”è¯¥æ— æ³•è®¿é—®Node.js API 

    Error: worker process exited unexpectedly (code=3221225794, signal=null)
]]>
</failure>
</testcase>
<testcase name="Electronå®‰å…¨åŸºçº¿éªŒè¯ â€º ä¸Šä¸‹æ–‡éš”ç¦»åº”è¯¥å¯ç”¨" classname="security\enhanced\enhanced-electron-security.spec.ts" time="0">
<skipped>
</skipped>
</testcase>
<testcase name="Electronå®‰å…¨åŸºçº¿éªŒè¯ â€º sandboxæ¨¡å¼éªŒè¯" classname="security\enhanced\enhanced-electron-security.spec.ts" time="0">
<skipped>
</skipped>
</testcase>
<testcase name="Electronå®‰å…¨åŸºçº¿éªŒè¯ â€º åº”è¯¥åªæš´éœ²ç™½åå•API" classname="security\enhanced\enhanced-electron-security.spec.ts" time="0">
<skipped>
</skipped>
</testcase>
</testsuite>
<testsuite name="security\enhanced\security-redlines.spec.ts" timestamp="2025-09-02T08:39:25.020Z" hostname="electron-full-e2e" tests="13" failures="1" skipped="12" time="0" errors="0">
<testcase name="ðŸ”´ Electronå®‰å…¨çº¢çº¿æµ‹è¯• - ADR-0002æ ¸å¿ƒæ‹¦æˆª â€º çº¢çº¿1: æƒé™è¯·æ±‚æ‹¦æˆª (é»˜è®¤æ‹’ç») â€º åœ°ç†ä½ç½®æƒé™åº”è¢«é»˜è®¤æ‹’ç»" classname="security\enhanced\security-redlines.spec.ts" time="0">
<failure message="security-redlines.spec.ts:48:5 åœ°ç†ä½ç½®æƒé™åº”è¢«é»˜è®¤æ‹’ç»" type="FAILURE">
<![CDATA[  [electron-full-e2e] â€º security\enhanced\security-redlines.spec.ts:48:5 â€º ðŸ”´ Electronå®‰å…¨çº¢çº¿æµ‹è¯• - ADR-0002æ ¸å¿ƒæ‹¦æˆª â€º çº¢çº¿1: æƒé™è¯·æ±‚æ‹¦æˆª (é»˜è®¤æ‹’ç») â€º åœ°ç†ä½ç½®æƒé™åº”è¢«é»˜è®¤æ‹’ç» 

    Error: worker process exited unexpectedly (code=3221225794, signal=null)
]]>
</failure>
</testcase>
<testcase name="ðŸ”´ Electronå®‰å…¨çº¢çº¿æµ‹è¯• - ADR-0002æ ¸å¿ƒæ‹¦æˆª â€º çº¢çº¿1: æƒé™è¯·æ±‚æ‹¦æˆª (é»˜è®¤æ‹’ç») â€º æ‘„åƒå¤´æƒé™åº”è¢«é»˜è®¤æ‹’ç»" classname="security\enhanced\security-redlines.spec.ts" time="0">
<skipped>
</skipped>
</testcase>
<testcase name="ðŸ”´ Electronå®‰å…¨çº¢çº¿æµ‹è¯• - ADR-0002æ ¸å¿ƒæ‹¦æˆª â€º çº¢çº¿1: æƒé™è¯·æ±‚æ‹¦æˆª (é»˜è®¤æ‹’ç») â€º éº¦å…‹é£Žæƒé™åº”è¢«é»˜è®¤æ‹’ç»" classname="security\enhanced\security-redlines.spec.ts" time="0">
<skipped>
</skipped>
</testcase>
<testcase name="ðŸ”´ Electronå®‰å…¨çº¢çº¿æµ‹è¯• - ADR-0002æ ¸å¿ƒæ‹¦æˆª â€º çº¢çº¿1: æƒé™è¯·æ±‚æ‹¦æˆª (é»˜è®¤æ‹’ç») â€º é€šçŸ¥æƒé™åº”è¢«æŽ§åˆ¶" classname="security\enhanced\security-redlines.spec.ts" time="0">
<skipped>
</skipped>
</testcase>
<testcase name="ðŸ”´ Electronå®‰å…¨çº¢çº¿æµ‹è¯• - ADR-0002æ ¸å¿ƒæ‹¦æˆª â€º çº¢çº¿2: å¤–éƒ¨å¯¼èˆªæ‹¦æˆª (å¼ºåˆ¶é˜»æ–­) â€º window.location.hrefå¤–éƒ¨å¯¼èˆªåº”è¢«é˜»æ­¢" classname="security\enhanced\security-redlines.spec.ts" time="0">
<skipped>
</skipped>
</testcase>
<testcase name="ðŸ”´ Electronå®‰å…¨çº¢çº¿æµ‹è¯• - ADR-0002æ ¸å¿ƒæ‹¦æˆª â€º çº¢çº¿2: å¤–éƒ¨å¯¼èˆªæ‹¦æˆª (å¼ºåˆ¶é˜»æ–­) â€º window.openå¤–éƒ¨å¯¼èˆªåº”è¢«é˜»æ­¢" classname="security\enhanced\security-redlines.spec.ts" time="0">
<skipped>
</skipped>
</testcase>
<testcase name="ðŸ”´ Electronå®‰å…¨çº¢çº¿æµ‹è¯• - ADR-0002æ ¸å¿ƒæ‹¦æˆª â€º çº¢çº¿2: å¤–éƒ¨å¯¼èˆªæ‹¦æˆª (å¼ºåˆ¶é˜»æ–­) â€º è¡¨å•å¤–éƒ¨æäº¤åº”è¢«é˜»æ­¢" classname="security\enhanced\security-redlines.spec.ts" time="0">
<skipped>
</skipped>
</testcase>
<testcase name="ðŸ”´ Electronå®‰å…¨çº¢çº¿æµ‹è¯• - ADR-0002æ ¸å¿ƒæ‹¦æˆª â€º çº¢çº¿3: æ–°çª—å£æ‰“å¼€æ‹¦æˆª (é›¶å®¹å¿) â€º æ‰€æœ‰window.openè°ƒç”¨éƒ½åº”è¢«é˜»æ­¢" classname="security\enhanced\security-redlines.spec.ts" time="0">
<skipped>
</skipped>
</testcase>
<testcase name="ðŸ”´ Electronå®‰å…¨çº¢çº¿æµ‹è¯• - ADR-0002æ ¸å¿ƒæ‹¦æˆª â€º çº¢çº¿3: æ–°çª—å£æ‰“å¼€æ‹¦æˆª (é›¶å®¹å¿) â€º å¼¹çª—äº‹ä»¶ç›‘å¬éªŒè¯" classname="security\enhanced\security-redlines.spec.ts" time="0">
<skipped>
</skipped>
</testcase>
<testcase name="ðŸ”´ Electronå®‰å…¨çº¢çº¿æµ‹è¯• - ADR-0002æ ¸å¿ƒæ‹¦æˆª â€º çº¢çº¿3: æ–°çª—å£æ‰“å¼€æ‹¦æˆª (é›¶å®¹å¿) â€º iframeå¼¹çª—å°è¯•åº”è¢«é˜»æ­¢" classname="security\enhanced\security-redlines.spec.ts" time="0">
<skipped>
</skipped>
</testcase>
<testcase name="ðŸ”´ Electronå®‰å…¨çº¢çº¿æµ‹è¯• - ADR-0002æ ¸å¿ƒæ‹¦æˆª â€º çº¢çº¿ç»¼åˆéªŒè¯ â€º å®‰å…¨æ‹¦æˆªåŠŸèƒ½ä¸å½±å“æ­£å¸¸åº”ç”¨åŠŸèƒ½" classname="security\enhanced\security-redlines.spec.ts" time="0">
<skipped>
</skipped>
</testcase>
<testcase name="ðŸ”´ Electronå®‰å…¨çº¢çº¿æµ‹è¯• - ADR-0002æ ¸å¿ƒæ‹¦æˆª â€º çº¢çº¿ç»¼åˆéªŒè¯ â€º çº¢çº¿æ‹¦æˆªæ€§èƒ½å½±å“è¯„ä¼°" classname="security\enhanced\security-redlines.spec.ts" time="0">
<skipped>
</skipped>
</testcase>
<testcase name="ðŸ”´ Electronå®‰å…¨çº¢çº¿æµ‹è¯• - ADR-0002æ ¸å¿ƒæ‹¦æˆª â€º çº¢çº¿ç»¼åˆéªŒè¯ â€º çº¢çº¿é…ç½®å®Œæ•´æ€§æ£€æŸ¥" classname="security\enhanced\security-redlines.spec.ts" time="0">
<skipped>
</skipped>
</testcase>
</testsuite>
<testsuite name="security\redlines-simple.spec.ts" timestamp="2025-09-02T08:39:25.020Z" hostname="electron-full-e2e" tests="4" failures="1" skipped="3" time="0" errors="0">
<testcase name="ðŸš« RED LINE 1: å¤–éƒ¨å¯¼èˆªè¢«æ‹¦æˆª" classname="security\redlines-simple.spec.ts" time="0">
<failure message="redlines-simple.spec.ts:43:1 ðŸš« RED LINE 1: å¤–éƒ¨å¯¼èˆªè¢«æ‹¦æˆª" type="FAILURE">
<![CDATA[  [electron-full-e2e] â€º security\redlines-simple.spec.ts:43:1 â€º ðŸš« RED LINE 1: å¤–éƒ¨å¯¼èˆªè¢«æ‹¦æˆª â”€â”€â”€â”€â”€â”€â”€â”€â”€â”€â”€â”€â”€

    Error: worker process exited unexpectedly (code=3221225794, signal=null)
]]>
</failure>
</testcase>
<testcase name="ðŸš« RED LINE 2: æ–°çª—å£æ‰“å¼€è¢«æ‹¦æˆª" classname="security\redlines-simple.spec.ts" time="0">
<skipped>
</skipped>
</testcase>
<testcase name="ðŸš« RED LINE 3: æ•æ„Ÿæƒé™è¢«æ‹’ç»" classname="security\redlines-simple.spec.ts" time="0">
<skipped>
</skipped>
</testcase>
<testcase name="ðŸ›¡ï¸ ä¸‰æ¡çº¢çº¿ç»¼åˆç¨³å®šæ€§" classname="security\redlines-simple.spec.ts" time="0">
<skipped>
</skipped>
</testcase>
</testsuite>
<testsuite name="security\security-redlines.spec.ts" timestamp="2025-09-02T08:39:25.020Z" hostname="electron-full-e2e" tests="10" failures="1" skipped="9" time="0" errors="0">
<testcase name="ðŸš« çº¢çº¿ç”¨ä¾‹ 1: å¯¼èˆªæ‹¦æˆªï¼ˆé»˜è®¤æ‹’ç»ï¼‰ â€º å¤–éƒ¨å¯¼èˆªåº”è¢«æ‹¦æˆª - window.location.href" classname="security\security-redlines.spec.ts" time="0">
<failure message="security-redlines.spec.ts:54:3 å¤–éƒ¨å¯¼èˆªåº”è¢«æ‹¦æˆª - window.location.href" type="FAILURE">
<![CDATA[  [electron-full-e2e] â€º security\security-redlines.spec.ts:54:3 â€º ðŸš« çº¢çº¿ç”¨ä¾‹ 1: å¯¼èˆªæ‹¦æˆªï¼ˆé»˜è®¤æ‹’ç»ï¼‰ â€º å¤–éƒ¨å¯¼èˆªåº”è¢«æ‹¦æˆª - window.location.href 

    Error: worker process exited unexpectedly (code=3221225794, signal=null)
]]>
</failure>
</testcase>
<testcase name="ðŸš« çº¢çº¿ç”¨ä¾‹ 1: å¯¼èˆªæ‹¦æˆªï¼ˆé»˜è®¤æ‹’ç»ï¼‰ â€º å¤–éƒ¨å¯¼èˆªåº”è¢«æ‹¦æˆª - é“¾æŽ¥ç‚¹å‡»" classname="security\security-redlines.spec.ts" time="0">
<skipped>
</skipped>
</testcase>
<testcase name="ðŸš« çº¢çº¿ç”¨ä¾‹ 2: çª—å£æ‰“å¼€æ‹¦æˆªï¼ˆé»˜è®¤æ‹’ç»ï¼‰ â€º window.open() åº”è¢«æ‹¦æˆª" classname="security\security-redlines.spec.ts" time="0">
<skipped>
</skipped>
</testcase>
<testcase name="ðŸš« çº¢çº¿ç”¨ä¾‹ 2: çª—å£æ‰“å¼€æ‹¦æˆªï¼ˆé»˜è®¤æ‹’ç»ï¼‰ â€º target=&quot;_blank&quot; é“¾æŽ¥åº”è¢«æ‹¦æˆª" classname="security\security-redlines.spec.ts" time="0">
<skipped>
</skipped>
</testcase>
<testcase name="ðŸš« çº¢çº¿ç”¨ä¾‹ 3: æƒé™è¯·æ±‚æ‹’ç»ï¼ˆé»˜è®¤æ‹’ç»ï¼‰ â€º æ‘„åƒå¤´æƒé™åº”è¢«æ‹’ç»" classname="security\security-redlines.spec.ts" time="0">
<skipped>
</skipped>
</testcase>
<testcase name="ðŸš« çº¢çº¿ç”¨ä¾‹ 3: æƒé™è¯·æ±‚æ‹’ç»ï¼ˆé»˜è®¤æ‹’ç»ï¼‰ â€º éº¦å…‹é£Žæƒé™åº”è¢«æ‹’ç»" classname="security\security-redlines.spec.ts" time="0">
<skipped>
</skipped>
</testcase>
<testcase name="ðŸš« çº¢çº¿ç”¨ä¾‹ 3: æƒé™è¯·æ±‚æ‹’ç»ï¼ˆé»˜è®¤æ‹’ç»ï¼‰ â€º åœ°ç†ä½ç½®æƒé™åº”è¢«æ‹’ç»" classname="security\security-redlines.spec.ts" time="0">
<skipped>
</skipped>
</testcase>
<testcase name="ðŸš« çº¢çº¿ç”¨ä¾‹ 3: æƒé™è¯·æ±‚æ‹’ç»ï¼ˆé»˜è®¤æ‹’ç»ï¼‰ â€º é€šçŸ¥æƒé™åº”è¢«æ‹’ç»" classname="security\security-redlines.spec.ts" time="0">
<skipped>
</skipped>
</testcase>
<testcase name="ðŸ›¡ï¸ ç»¼åˆçº¢çº¿éªŒè¯ â€º ä¸‰æ¡çº¢çº¿ç”¨ä¾‹ç¨³å®šæ€§æµ‹è¯•" classname="security\security-redlines.spec.ts" time="0">
<skipped>
</skipped>
</testcase>
<testcase name="ðŸ›¡ï¸ ç»¼åˆçº¢çº¿éªŒè¯ â€º å®‰å…¨é…ç½®æŒä¹…æ€§éªŒè¯" classname="security\security-redlines.spec.ts" time="0">
<skipped>
</skipped>
</testcase>
</testsuite>
<testsuite name="security-smoke.spec.ts" timestamp="2025-09-02T08:39:25.020Z" hostname="electron-full-e2e" tests="1" failures="1" skipped="0" time="0" errors="0">
<testcase name="å®‰å…¨æŠ¤æ ç”Ÿæ•ˆï¼ˆCSP &amp; ç¦ç”¨ Nodeï¼‰" classname="security-smoke.spec.ts" time="0">
<failure message="security-smoke.spec.ts:3:1 å®‰å…¨æŠ¤æ ç”Ÿæ•ˆï¼ˆCSP &amp; ç¦ç”¨ Nodeï¼‰" type="FAILURE">
<![CDATA[  [electron-full-e2e] â€º security-smoke.spec.ts:3:1 â€º å®‰å…¨æŠ¤æ ç”Ÿæ•ˆï¼ˆCSP & ç¦ç”¨ Nodeï¼‰ â”€â”€â”€â”€â”€â”€â”€â”€â”€â”€â”€â”€â”€â”€â”€â”€â”€â”€â”€â”€â”€â”€â”€â”€â”€

    Error: worker process exited unexpectedly (code=3221225794, signal=null)
]]>
</failure>
</testcase>
</testsuite>
<testsuite name="security.smoke.spec.ts" timestamp="2025-09-02T08:39:25.020Z" hostname="electron-full-e2e" tests="13" failures="1" skipped="12" time="0" errors="0">
<testcase name="Electronå®‰å…¨åŸºçº¿éªŒè¯å¥—ä»¶ â€º åº”ç”¨æˆåŠŸå¯åŠ¨ä¸”ä¸»çª—å£å¯è§" classname="security.smoke.spec.ts" time="0">
<failure message="security.smoke.spec.ts:112:3 åº”ç”¨æˆåŠŸå¯åŠ¨ä¸”ä¸»çª—å£å¯è§" type="FAILURE">
<![CDATA[  [electron-full-e2e] â€º security.smoke.spec.ts:112:3 â€º Electronå®‰å…¨åŸºçº¿éªŒè¯å¥—ä»¶ â€º åº”ç”¨æˆåŠŸå¯åŠ¨ä¸”ä¸»çª—å£å¯è§ â”€â”€â”€â”€â”€â”€â”€â”€â”€â”€â”€â”€â”€

    Error: worker process exited unexpectedly (code=3221225794, signal=null)
]]>
</failure>
</testcase>
<testcase name="Electronå®‰å…¨åŸºçº¿éªŒè¯å¥—ä»¶ â€º Context Bridge APIæ­£ç¡®æš´éœ²ä¸”ç±»åž‹å®‰å…¨" classname="security.smoke.spec.ts" time="0">
<skipped>
</skipped>
</testcase>
<testcase name="Electronå®‰å…¨åŸºçº¿éªŒè¯å¥—ä»¶ â€º IPCç™½åå•æœºåˆ¶å·¥ä½œæ­£å¸¸" classname="security.smoke.spec.ts" time="0">
<skipped>
</skipped>
</testcase>
<testcase name="Electronå®‰å…¨åŸºçº¿éªŒè¯å¥—ä»¶ â€º CSPç­–ç•¥æ­£ç¡®è®¾ç½®ä¸”åŒ…å«å¿…éœ€æŒ‡ä»¤" classname="security.smoke.spec.ts" time="0">
<skipped>
</skipped>
</testcase>
<testcase name="Electronå®‰å…¨åŸºçº¿éªŒè¯å¥—ä»¶ â€º CSPæœ‰æ•ˆé˜»æ­¢å†…è”è„šæœ¬æ‰§è¡Œ" classname="security.smoke.spec.ts" time="0">
<skipped>
</skipped>
</testcase>
<testcase name="Electronå®‰å…¨åŸºçº¿éªŒè¯å¥—ä»¶ â€º CSPé˜»æ­¢ä¸å®‰å…¨çš„èµ„æºåŠ è½½" classname="security.smoke.spec.ts" time="0">
<skipped>
</skipped>
</testcase>
<testcase name="Electronå®‰å…¨åŸºçº¿éªŒè¯å¥—ä»¶ â€º Node.js APIåœ¨æ¸²æŸ“è¿›ç¨‹ä¸­å®Œå…¨ä¸å¯è®¿é—®" classname="security.smoke.spec.ts" time="0">
<skipped>
</skipped>
</testcase>
<testcase name="Electronå®‰å…¨åŸºçº¿éªŒè¯å¥—ä»¶ â€º å¤–éƒ¨å¯¼èˆªè¢«æ­£ç¡®é˜»æ­¢" classname="security.smoke.spec.ts" time="0">
<skipped>
</skipped>
</testcase>
<testcase name="Electronå®‰å…¨åŸºçº¿éªŒè¯å¥—ä»¶ â€º æ–°çª—å£å’Œå¼¹çª—åˆ›å»ºè¢«é˜»æ­¢" classname="security.smoke.spec.ts" time="0">
<skipped>
</skipped>
</testcase>
<testcase name="Electronå®‰å…¨åŸºçº¿éªŒè¯å¥—ä»¶ â€º å®‰å…¨è¿è§„æŠ¥å‘ŠåŠŸèƒ½æ­£å¸¸å·¥ä½œ" classname="security.smoke.spec.ts" time="0">
<skipped>
</skipped>
</testcase>
<testcase name="Electronå®‰å…¨åŸºçº¿éªŒè¯å¥—ä»¶ â€º å®‰å…¨çŠ¶æ€æŸ¥è¯¢åŠŸèƒ½æ­£å¸¸" classname="security.smoke.spec.ts" time="0">
<skipped>
</skipped>
</testcase>
<testcase name="Electronå®‰å…¨åŸºçº¿éªŒè¯å¥—ä»¶ â€º åº”ç”¨æ•´ä½“å®‰å…¨é…ç½®ç¬¦åˆåŸºçº¿è¦æ±‚" classname="security.smoke.spec.ts" time="0">
<skipped>
</skipped>
</testcase>
<testcase name="Electronå®‰å…¨åŸºçº¿éªŒè¯å¥—ä»¶ â€º å®‰å…¨é…ç½®ä¸å½±å“åº”ç”¨åŸºæœ¬æ€§èƒ½" classname="security.smoke.spec.ts" time="0">
<skipped>
</skipped>
</testcase>
</testsuite>
<testsuite name="smoke\electron-launch-demo.spec.ts" timestamp="2025-09-02T08:39:25.020Z" hostname="electron-full-e2e" tests="8" failures="1" skipped="7" time="0" errors="0">
<testcase name="Electronåº”ç”¨åŸºç¡€åŠŸèƒ½ â€º åº”ç”¨å¯åŠ¨å’Œçª—å£åˆ›å»º" classname="smoke\electron-launch-demo.spec.ts" time="0">
<failure message="electron-launch-demo.spec.ts:20:3 åº”ç”¨å¯åŠ¨å’Œçª—å£åˆ›å»º" type="FAILURE">
<![CDATA[  [electron-full-e2e] â€º smoke\electron-launch-demo.spec.ts:20:3 â€º Electronåº”ç”¨åŸºç¡€åŠŸèƒ½ â€º åº”ç”¨å¯åŠ¨å’Œçª—å£åˆ›å»º â”€â”€â”€â”€â”€â”€â”€

    Error: worker process exited unexpectedly (code=3221225794, signal=null)
]]>
</failure>
</testcase>
<testcase name="Electronåº”ç”¨åŸºç¡€åŠŸèƒ½ â€º å®‰å…¨åŸºçº¿éªŒè¯ - ä¸Šä¸‹æ–‡éš”ç¦»" classname="smoke\electron-launch-demo.spec.ts" time="0">
<skipped>
</skipped>
</testcase>
<testcase name="Electronåº”ç”¨åŸºç¡€åŠŸèƒ½ â€º CSPç­–ç•¥ç”Ÿæ•ˆéªŒè¯" classname="smoke\electron-launch-demo.spec.ts" time="0">
<skipped>
</skipped>
</testcase>
<testcase name="Electronåº”ç”¨åŸºç¡€åŠŸèƒ½ â€º ä¸»è¿›ç¨‹å’Œæ¸²æŸ“è¿›ç¨‹åˆ†ç¦»" classname="smoke\electron-launch-demo.spec.ts" time="0">
<skipped>
</skipped>
</testcase>
<testcase name="æ€§èƒ½å’Œå“åº”æ€§éªŒè¯ â€º åº”ç”¨å¯åŠ¨æ—¶é—´æµ‹è¯•" classname="smoke\electron-launch-demo.spec.ts" time="0">
<skipped>
</skipped>
</testcase>
<testcase name="æ€§èƒ½å’Œå“åº”æ€§éªŒè¯ â€º çª—å£å“åº”æ€§æµ‹è¯•" classname="smoke\electron-launch-demo.spec.ts" time="0">
<skipped>
</skipped>
</testcase>
<testcase name="é”™è¯¯å¤„ç†å’Œç¨³å®šæ€§ â€º åº”ç”¨æ„å¤–é€€å‡ºæ¢å¤" classname="smoke\electron-launch-demo.spec.ts" time="0">
<skipped>
</skipped>
</testcase>
<testcase name="é”™è¯¯å¤„ç†å’Œç¨³å®šæ€§ â€º å†…å­˜æ³„æ¼åŸºç¡€æ£€æŸ¥" classname="smoke\electron-launch-demo.spec.ts" time="0">
<skipped>
</skipped>
</testcase>
</testsuite>
<testsuite name="smoke.electron.spec.ts" timestamp="2025-09-02T08:39:25.020Z" hostname="electron-full-e2e" tests="11" failures="1" skipped="10" time="0" errors="0">
<testcase name="07ç«  Electron åŸºçº¿éªŒè¯ â€º åº”ç”¨å¯åŠ¨å¹¶æ˜¾ç¤ºä¸»çª—å£" classname="smoke.electron.spec.ts" time="0">
<failure message="smoke.electron.spec.ts:42:3 åº”ç”¨å¯åŠ¨å¹¶æ˜¾ç¤ºä¸»çª—å£" type="FAILURE">
<![CDATA[  [electron-full-e2e] â€º smoke.electron.spec.ts:42:3 â€º 07ç«  Electron åŸºçº¿éªŒè¯ â€º åº”ç”¨å¯åŠ¨å¹¶æ˜¾ç¤ºä¸»çª—å£ â”€â”€â”€â”€â”€â”€â”€â”€â”€â”€â”€â”€â”€â”€â”€

    Error: worker process exited unexpectedly (code=3221225794, signal=null)
]]>
</failure>
</testcase>
<testcase name="07ç«  Electron åŸºçº¿éªŒè¯ â€º å®‰å…¨åŸºçº¿ï¼šNode.js å…¨å±€å˜é‡éš”ç¦»" classname="smoke.electron.spec.ts" time="0">
<skipped>
</skipped>
</testcase>
<testcase name="07ç«  Electron åŸºçº¿éªŒè¯ â€º å®‰å…¨åŸºçº¿ï¼šCSP ç­–ç•¥éªŒè¯" classname="smoke.electron.spec.ts" time="0">
<skipped>
</skipped>
</testcase>
<testcase name="07ç«  Electron åŸºçº¿éªŒè¯ â€º é¢„åŠ è½½è„šæœ¬ï¼šç™½åå• API éªŒè¯" classname="smoke.electron.spec.ts" time="0">
<skipped>
</skipped>
</testcase>
<testcase name="07ç«  Electron åŸºçº¿éªŒè¯ â€º çª—å£å±žæ€§ï¼šå®‰å…¨é…ç½®éªŒè¯" classname="smoke.electron.spec.ts" time="0">
<skipped>
</skipped>
</testcase>
<testcase name="07ç«  Electron åŸºçº¿éªŒè¯ â€º åŸºæœ¬äº¤äº’ï¼šåº”ç”¨å“åº”æ€§æµ‹è¯•" classname="smoke.electron.spec.ts" time="0">
<skipped>
</skipped>
</testcase>
<testcase name="07ç«  Electron åŸºçº¿éªŒè¯ â€º å†…å­˜ä½¿ç”¨ï¼šåŸºçº¿æ£€æŸ¥" classname="smoke.electron.spec.ts" time="0">
<skipped>
</skipped>
</testcase>
<testcase name="07ç«  Electron åŸºçº¿éªŒè¯ â€º é”™è¯¯å¤„ç†ï¼šæœªæ•èŽ·å¼‚å¸¸æ£€æµ‹" classname="smoke.electron.spec.ts" time="0">
<skipped>
</skipped>
</testcase>
<testcase name="07ç«  Electron åŸºçº¿éªŒè¯ â€º åº”ç”¨å…³é—­ï¼šæ¸…ç†éªŒè¯" classname="smoke.electron.spec.ts" time="0">
<skipped>
</skipped>
</testcase>
<testcase name="07ç«  æž„å»ºäº§ç‰©éªŒè¯ â€º æž„å»ºäº§ç‰©ï¼šæ–‡ä»¶å®Œæ•´æ€§æ£€æŸ¥" classname="smoke.electron.spec.ts" time="0">
<skipped>
</skipped>
</testcase>
<testcase name="07ç«  æž„å»ºäº§ç‰©éªŒè¯ â€º ç‰ˆæœ¬ä¿¡æ¯ï¼šåº”ç”¨å…ƒæ•°æ®éªŒè¯" classname="smoke.electron.spec.ts" time="0">
<skipped>
</skipped>
</testcase>
</testsuite>
<testsuite name="vertical-slice-minimal.spec.ts" timestamp="2025-09-02T08:39:25.020Z" hostname="electron-full-e2e" tests="3" failures="1" skipped="2" time="0" errors="0">
<testcase name="ç«–åˆ‡æµ‹è¯• - æœ€å°ç‰ˆæœ¬ â€º åŸºç¡€åº”ç”¨å¯åŠ¨å’ŒUIå¯¼èˆª" classname="vertical-slice-minimal.spec.ts" time="0">
<failure message="vertical-slice-minimal.spec.ts:13:3 åŸºç¡€åº”ç”¨å¯åŠ¨å’ŒUIå¯¼èˆª" type="FAILURE">
<![CDATA[  [electron-full-e2e] â€º vertical-slice-minimal.spec.ts:13:3 â€º ç«–åˆ‡æµ‹è¯• - æœ€å°ç‰ˆæœ¬ â€º åŸºç¡€åº”ç”¨å¯åŠ¨å’ŒUIå¯¼èˆª â”€â”€â”€â”€â”€â”€â”€â”€â”€â”€â”€â”€

    Error: worker process exited unexpectedly (code=3221225794, signal=null)
]]>
</failure>
</testcase>
<testcase name="ç«–åˆ‡æµ‹è¯• - æœ€å°ç‰ˆæœ¬ â€º åŸºç¡€å­˜å‚¨å’Œæ•°æ®åŠŸèƒ½éªŒè¯" classname="vertical-slice-minimal.spec.ts" time="0">
<skipped>
</skipped>
</testcase>
<testcase name="ç«–åˆ‡æµ‹è¯• - æœ€å°ç‰ˆæœ¬ â€º æ€§èƒ½å’Œå†…å­˜åŸºç¡€æ£€æŸ¥" classname="vertical-slice-minimal.spec.ts" time="0">
<skipped>
</skipped>
</testcase>
</testsuite>
<testsuite name="vertical-slice.spec.ts" timestamp="2025-09-02T08:39:25.020Z" hostname="electron-full-e2e" tests="5" failures="1" skipped="4" time="0" errors="0">
<testcase name="æ¸¸æˆç«–åˆ‡ç«¯åˆ°ç«¯æµ‹è¯• â€º å®Œæ•´ç«–åˆ‡æµç¨‹ - ä»Žå¯åŠ¨åˆ°æ•°æ®æŒä¹…åŒ–" classname="vertical-slice.spec.ts" time="0">
<failure message="vertical-slice.spec.ts:46:3 å®Œæ•´ç«–åˆ‡æµç¨‹ - ä»Žå¯åŠ¨åˆ°æ•°æ®æŒä¹…åŒ–" type="FAILURE">
<![CDATA[  [electron-full-e2e] â€º vertical-slice.spec.ts:46:3 â€º æ¸¸æˆç«–åˆ‡ç«¯åˆ°ç«¯æµ‹è¯• â€º å®Œæ•´ç«–åˆ‡æµç¨‹ - ä»Žå¯åŠ¨åˆ°æ•°æ®æŒä¹…åŒ– â”€â”€â”€â”€â”€â”€â”€â”€â”€â”€â”€â”€â”€â”€â”€

    Error: worker process exited unexpectedly (code=3221225794, signal=null)
]]>
</failure>
</testcase>
<testcase name="æ¸¸æˆç«–åˆ‡ç«¯åˆ°ç«¯æµ‹è¯• â€º ç«–åˆ‡æµ‹è¯•é‡ç½®å’Œé‡æ–°è¿è¡Œ" classname="vertical-slice.spec.ts" time="0">
<skipped>
</skipped>
</testcase>
<testcase name="æ¸¸æˆç«–åˆ‡ç«¯åˆ°ç«¯æµ‹è¯• â€º ç«–åˆ‡æµ‹è¯•é”™è¯¯å¤„ç†" classname="vertical-slice.spec.ts" time="0">
<skipped>
</skipped>
</testcase>
<testcase name="ç«–åˆ‡æ€§èƒ½å’Œç¨³å®šæ€§æµ‹è¯• â€º ç«–åˆ‡æµ‹è¯•æ€§èƒ½åŸºå‡†éªŒè¯" classname="vertical-slice.spec.ts" time="0">
<skipped>
</skipped>
</testcase>
<testcase name="ç«–åˆ‡æ€§èƒ½å’Œç¨³å®šæ€§æµ‹è¯• â€º ç«–åˆ‡å†…å­˜ä½¿ç”¨ç›‘æŽ§" classname="vertical-slice.spec.ts" time="0">
<skipped>
</skipped>
</testcase>
</testsuite>
<testsuite name="security\electron-security.spec.ts" timestamp="2025-09-02T08:39:25.020Z" hostname="electron-security-audit" tests="9" failures="1" skipped="8" time="0" errors="0">
<testcase name="Electronå®‰å…¨åŸºçº¿éªŒè¯ - ADR-0002 â€º 1. BrowserWindowå®‰å…¨é…ç½®éªŒè¯ â€º ä¸»çª—å£å®‰å…¨é…ç½®åˆè§„æ£€æŸ¥" classname="security\electron-security.spec.ts" time="0">
<failure message="electron-security.spec.ts:47:5 ä¸»çª—å£å®‰å…¨é…ç½®åˆè§„æ£€æŸ¥" type="FAILURE">
<![CDATA[  [electron-security-audit] â€º security\electron-security.spec.ts:47:5 â€º Electronå®‰å…¨åŸºçº¿éªŒè¯ - ADR-0002 â€º 1. BrowserWindowå®‰å…¨é…ç½®éªŒè¯ â€º ä¸»çª—å£å®‰å…¨é…ç½®åˆè§„æ£€æŸ¥ 

    TimeoutError: electron.launch: Timeout 30000ms exceeded.
    Call log:
      - <launching> "C:\buildgame\vitegame\node_modules\electron\dist\electron.exe" "-r" "C:\buildgame\vitegame\node_modules\playwright-core\lib\server\electron\loader.js" "--inspect=0" "--remote-debugging-port=0" "./electron/main.js"
      - <launched> pid=29552
      - [pid=29552][out]
      - [pid=29552][err] Debugger listening on ws://127.0.0.1:11472/543a7b94-5e59-473d-9bea-d6580156d6d1
      - [pid=29552][err] For help, see: https://nodejs.org/en/docs/inspector
      - <ws connecting> ws://127.0.0.1:11472/543a7b94-5e59-473d-9bea-d6580156d6d1
      - <ws connected> ws://127.0.0.1:11472/543a7b94-5e59-473d-9bea-d6580156d6d1
      - [pid=29552][err] Debugger attached.


      29 |
      30 |   // å¯åŠ¨Electronåº”ç”¨
    > 31 |   electronApp = await electron.launch({
         |                 ^
      32 |     args: ['./electron/main.js'],
      33 |     timeout: 30000,
      34 |   });
        at C:\buildgame\vitegame\tests\e2e\security\electron-security.spec.ts:31:17
]]>
</failure>
<system-out>
<![CDATA[[Test] å¯åŠ¨Electronåº”ç”¨è¿›è¡Œå®‰å…¨æµ‹è¯•...

=== Electronå®‰å…¨åŸºçº¿æµ‹è¯•æ€»ç»“ ===
âœ… BrowserWindowå®‰å…¨é…ç½®éªŒè¯
âœ… å¯¼èˆªä¸Žå¼¹çª—æ‹¦æˆªéªŒè¯
âœ… CSPç­–ç•¥åˆè§„éªŒè¯
âœ… è¿è¡Œæ—¶å®‰å…¨ç›‘æŽ§
âœ… å®‰å…¨ç»¼åˆè¯„åˆ†100%

ðŸ›¡ï¸ ADR-0002 Electronå®‰å…¨åŸºçº¿éªŒè¯å®Œæˆï¼
]]>
</system-out>
</testcase>
<testcase name="Electronå®‰å…¨åŸºçº¿éªŒè¯ - ADR-0002 â€º 1. BrowserWindowå®‰å…¨é…ç½®éªŒè¯ â€º preload APIç™½åå•éªŒè¯" classname="security\electron-security.spec.ts" time="0">
<skipped>
</skipped>
</testcase>
<testcase name="Electronå®‰å…¨åŸºçº¿éªŒè¯ - ADR-0002 â€º 2. å¯¼èˆªä¸Žå¼¹çª—æ‹¦æˆªéªŒè¯ â€º å¤–éƒ¨å¯¼èˆªåº”è¢«æ‹¦æˆª" classname="security\electron-security.spec.ts" time="0">
<skipped>
</skipped>
</testcase>
<testcase name="Electronå®‰å…¨åŸºçº¿éªŒè¯ - ADR-0002 â€º 2. å¯¼èˆªä¸Žå¼¹çª—æ‹¦æˆªéªŒè¯ â€º æ–°çª—å£æ‰“å¼€æŽ§åˆ¶éªŒè¯" classname="security\electron-security.spec.ts" time="0">
<skipped>
</skipped>
</testcase>
<testcase name="Electronå®‰å…¨åŸºçº¿éªŒè¯ - ADR-0002 â€º 3. CSPç­–ç•¥åˆè§„éªŒè¯ â€º å†…è”è„šæœ¬åº”è¢«CSPé˜»æ­¢" classname="security\electron-security.spec.ts" time="0">
<skipped>
</skipped>
</testcase>
<testcase name="Electronå®‰å…¨åŸºçº¿éªŒè¯ - ADR-0002 â€º 3. CSPç­–ç•¥åˆè§„éªŒè¯ â€º å¤–éƒ¨èµ„æºCSPç­–ç•¥éªŒè¯" classname="security\electron-security.spec.ts" time="0">
<skipped>
</skipped>
</testcase>
<testcase name="Electronå®‰å…¨åŸºçº¿éªŒè¯ - ADR-0002 â€º 4. è¿è¡Œæ—¶å®‰å…¨ç›‘æŽ§ â€º åº”ç”¨åŸºæœ¬åŠŸèƒ½æ­£å¸¸" classname="security\electron-security.spec.ts" time="0">
<skipped>
</skipped>
</testcase>
<testcase name="Electronå®‰å…¨åŸºçº¿éªŒè¯ - ADR-0002 â€º 4. è¿è¡Œæ—¶å®‰å…¨ç›‘æŽ§ â€º æ€§èƒ½å½±å“è¯„ä¼°" classname="security\electron-security.spec.ts" time="0">
<skipped>
</skipped>
</testcase>
<testcase name="Electronå®‰å…¨åŸºçº¿éªŒè¯ - ADR-0002 â€º 5. å®‰å…¨ç»¼åˆè¯„åˆ† â€º å®‰å…¨é…ç½®ç»¼åˆè¯„åˆ†åº”ä¸º100%" classname="security\electron-security.spec.ts" time="0">
<skipped>
</skipped>
</testcase>
</testsuite>
<testsuite name="security\enhanced\enhanced-csp-security.spec.ts" timestamp="2025-09-02T08:39:25.020Z" hostname="electron-security-audit" tests="9" failures="3" skipped="0" time="4.755" errors="0">
<testcase name="CSPç­–ç•¥å®‰å…¨éªŒè¯ â€º CSPåº”è¯¥é˜»æ­¢å†…è”è„šæœ¬æ‰§è¡Œ" classname="security\enhanced\enhanced-csp-security.spec.ts" time="1.07">
</testcase>
<testcase name="CSPç­–ç•¥å®‰å…¨éªŒè¯ â€º CSPåº”è¯¥é˜»æ­¢ä¸å®‰å…¨çš„å¤–éƒ¨èµ„æº" classname="security\enhanced\enhanced-csp-security.spec.ts" time="0.011">
</testcase>
<testcase name="CSPç­–ç•¥å®‰å…¨éªŒè¯ â€º CSPè¿è§„æŠ¥å‘ŠåŠŸèƒ½" classname="security\enhanced\enhanced-csp-security.spec.ts" time="1.016">
<failure message="enhanced-csp-security.spec.ts:66:3 CSPè¿è§„æŠ¥å‘ŠåŠŸèƒ½" type="FAILURE">
<![CDATA[  [electron-security-audit] â€º security\enhanced\enhanced-csp-security.spec.ts:66:3 â€º CSPç­–ç•¥å®‰å…¨éªŒè¯ â€º CSPè¿è§„æŠ¥å‘ŠåŠŸèƒ½ 

    Error: expect(received).toBeGreaterThan(expected)

    Expected: > 0
    Received:   0

      108 |
      109 |     // éªŒè¯è‡³å°‘æ•èŽ·åˆ°ä¸€ä¸ª CSP è¿è§„
    > 110 |     expect(cspViolations.length).toBeGreaterThan(0);
          |                                  ^
      111 |     expect(
      112 |       cspViolations.some(v => v.violatedDirective.includes('script-src'))
      113 |     ).toBe(true);
        at C:\buildgame\vitegame\tests\e2e\security\enhanced\enhanced-csp-security.spec.ts:110:34

    attachment #1: screenshot (image/png) â”€â”€â”€â”€â”€â”€â”€â”€â”€â”€â”€â”€â”€â”€â”€â”€â”€â”€â”€â”€â”€â”€â”€â”€â”€â”€â”€â”€â”€â”€â”€â”€â”€â”€â”€â”€â”€â”€â”€â”€â”€â”€â”€â”€â”€â”€â”€â”€â”€â”€â”€â”€â”€â”€â”€â”€â”€â”€
    ..\..\test-results\artifacts\security-enhanced-enhanced-csp-security-CSPç­–ç•¥å®‰å…¨éªŒè¯-CSPè¿è§„æŠ¥å‘ŠåŠŸèƒ½-electron-security-audit\test-failed-1.png
    â”€â”€â”€â”€â”€â”€â”€â”€â”€â”€â”€â”€â”€â”€â”€â”€â”€â”€â”€â”€â”€â”€â”€â”€â”€â”€â”€â”€â”€â”€â”€â”€â”€â”€â”€â”€â”€â”€â”€â”€â”€â”€â”€â”€â”€â”€â”€â”€â”€â”€â”€â”€â”€â”€â”€â”€â”€â”€â”€â”€â”€â”€â”€â”€â”€â”€â”€â”€â”€â”€â”€â”€â”€â”€â”€â”€â”€â”€â”€â”€â”€â”€â”€â”€â”€â”€â”€â”€â”€â”€â”€â”€â”€â”€â”€â”€

    Error Context: ..\..\test-results\artifacts\security-enhanced-enhanced-csp-security-CSPç­–ç•¥å®‰å…¨éªŒè¯-CSPè¿è§„æŠ¥å‘ŠåŠŸèƒ½-electron-security-audit\error-context.md
]]>
</failure>
<system-out>
<![CDATA[
[[ATTACHMENT|artifacts\security-enhanced-enhanced-csp-security-CSPç­–ç•¥å®‰å…¨éªŒè¯-CSPè¿è§„æŠ¥å‘ŠåŠŸèƒ½-electron-security-audit\test-failed-1.png]]

[[ATTACHMENT|artifacts\security-enhanced-enhanced-csp-security-CSPç­–ç•¥å®‰å…¨éªŒè¯-CSPè¿è§„æŠ¥å‘ŠåŠŸèƒ½-electron-security-audit\error-context.md]]
]]>
</system-out>
</testcase>
<testcase name="CSPç­–ç•¥å®‰å…¨éªŒè¯ â€º CSPç­–ç•¥å®Œæ•´æ€§æ£€æŸ¥" classname="security\enhanced\enhanced-csp-security.spec.ts" time="0.918">
<system-out>
<![CDATA[Current CSP Policy: default-src 'self'; script-src 'self'; style-src 'self'; img-src 'self' data: https:; font-src 'self' data:; connect-src 'self' https://sentry.io; object-src 'none'; base-uri 'self'; form-action 'self'; frame-ancestors 'none';
]]>
</system-out>
</testcase>
<testcase name="CSPç­–ç•¥å®‰å…¨éªŒè¯ â€º CSPåŠ¨æ€ç­–ç•¥éªŒè¯ - çŽ¯å¢ƒç‰¹å®šæ£€æŸ¥" classname="security\enhanced\enhanced-csp-security.spec.ts" time="0.21">
</testcase>
<testcase name="CSPç­–ç•¥å®‰å…¨éªŒè¯ â€º CSPå®žæ—¶ç­–ç•¥æ›´æ–°éªŒè¯" classname="security\enhanced\enhanced-csp-security.spec.ts" time="0.129">
</testcase>
<testcase name="CSPç­–ç•¥å®‰å…¨éªŒè¯ â€º CSPè¿è§„äº‹ä»¶ç›‘å¬å™¨éªŒè¯" classname="security\enhanced\enhanced-csp-security.spec.ts" time="0.527">
</testcase>
<testcase name="CSPç­–ç•¥å®‰å…¨éªŒè¯ â€º CSPç­–ç•¥æŒ‡ä»¤è¦†ç›–å®Œæ•´æ€§" classname="security\enhanced\enhanced-csp-security.spec.ts" time="0.009">
<failure message="enhanced-csp-security.spec.ts:274:3 CSPç­–ç•¥æŒ‡ä»¤è¦†ç›–å®Œæ•´æ€§" type="FAILURE">
<![CDATA[  [electron-security-audit] â€º security\enhanced\enhanced-csp-security.spec.ts:274:3 â€º CSPç­–ç•¥å®‰å…¨éªŒè¯ â€º CSPç­–ç•¥æŒ‡ä»¤è¦†ç›–å®Œæ•´æ€§ 

    Error: expect(received).toHaveProperty(path)

    Expected path: "script-src"
    Received path: []

    Received value: {"default-src": "'unsafe-inline' *"}

      304 |
      305 |     requiredDirectives.forEach(directive => {
    > 306 |       expect(directives).toHaveProperty(directive);
          |                          ^
      307 |       expect(directives[directive]).toBeTruthy();
      308 |     });
      309 |
        at forEach (C:\buildgame\vitegame\tests\e2e\security\enhanced\enhanced-csp-security.spec.ts:306:26)
        at C:\buildgame\vitegame\tests\e2e\security\enhanced\enhanced-csp-security.spec.ts:305:24

    attachment #1: screenshot (image/png) â”€â”€â”€â”€â”€â”€â”€â”€â”€â”€â”€â”€â”€â”€â”€â”€â”€â”€â”€â”€â”€â”€â”€â”€â”€â”€â”€â”€â”€â”€â”€â”€â”€â”€â”€â”€â”€â”€â”€â”€â”€â”€â”€â”€â”€â”€â”€â”€â”€â”€â”€â”€â”€â”€â”€â”€â”€â”€
    ..\..\test-results\artifacts\security-enhanced-enhanced-03306-rity-CSPç­–ç•¥å®‰å…¨éªŒè¯-CSPç­–ç•¥æŒ‡ä»¤è¦†ç›–å®Œæ•´æ€§-electron-security-audit\test-failed-1.png
    â”€â”€â”€â”€â”€â”€â”€â”€â”€â”€â”€â”€â”€â”€â”€â”€â”€â”€â”€â”€â”€â”€â”€â”€â”€â”€â”€â”€â”€â”€â”€â”€â”€â”€â”€â”€â”€â”€â”€â”€â”€â”€â”€â”€â”€â”€â”€â”€â”€â”€â”€â”€â”€â”€â”€â”€â”€â”€â”€â”€â”€â”€â”€â”€â”€â”€â”€â”€â”€â”€â”€â”€â”€â”€â”€â”€â”€â”€â”€â”€â”€â”€â”€â”€â”€â”€â”€â”€â”€â”€â”€â”€â”€â”€â”€â”€

    Error Context: ..\..\test-results\artifacts\security-enhanced-enhanced-03306-rity-CSPç­–ç•¥å®‰å…¨éªŒè¯-CSPç­–ç•¥æŒ‡ä»¤è¦†ç›–å®Œæ•´æ€§-electron-security-audit\error-context.md
]]>
</failure>
<system-out>
<![CDATA[
[[ATTACHMENT|artifacts\security-enhanced-enhanced-03306-rity-CSPç­–ç•¥å®‰å…¨éªŒè¯-CSPç­–ç•¥æŒ‡ä»¤è¦†ç›–å®Œæ•´æ€§-electron-security-audit\test-failed-1.png]]

[[ATTACHMENT|artifacts\security-enhanced-enhanced-03306-rity-CSPç­–ç•¥å®‰å…¨éªŒè¯-CSPç­–ç•¥æŒ‡ä»¤è¦†ç›–å®Œæ•´æ€§-electron-security-audit\error-context.md]]
]]>
</system-out>
</testcase>
<testcase name="CSPç­–ç•¥å®‰å…¨éªŒè¯ â€º CSPç­–ç•¥åŠ¨æ€çŽ¯å¢ƒé€‚é…" classname="security\enhanced\enhanced-csp-security.spec.ts" time="0.865">
<failure message="enhanced-csp-security.spec.ts:317:3 CSPç­–ç•¥åŠ¨æ€çŽ¯å¢ƒé€‚é…" type="FAILURE">
<![CDATA[  [electron-security-audit] â€º security\enhanced\enhanced-csp-security.spec.ts:317:3 â€º CSPç­–ç•¥å®‰å…¨éªŒè¯ â€º CSPç­–ç•¥åŠ¨æ€çŽ¯å¢ƒé€‚é… 

    Error: expect(received).not.toMatch(expected)

    Expected pattern: not /[^-\w]\\*[^-\w]/
    Received string:      "default-src 'self'; script-src 'self'; style-src 'self'; img-src 'self' data: https:; font-src 'self' data:; connect-src 'self' https://sentry.io; object-src 'none'; base-uri 'self'; form-action 'self'; frame-ancestors 'none';"

      344 |       if (pattern === '*') {
      345 |         // æ£€æŸ¥æ˜¯å¦æœ‰å•ç‹¬çš„ * é€šé…ç¬¦ï¼ˆæŸäº›ç‰¹å®šæŒ‡ä»¤å¯èƒ½éœ€è¦ https: ç­‰ï¼‰
    > 346 |         expect(cspContent).not.toMatch(/[^-\w]\\*[^-\w]/);
          |                                ^
      347 |       } else {
      348 |         expect(cspContent).not.toContain(pattern);
      349 |       }
        at forEach (C:\buildgame\vitegame\tests\e2e\security\enhanced\enhanced-csp-security.spec.ts:346:32)
        at C:\buildgame\vitegame\tests\e2e\security\enhanced\enhanced-csp-security.spec.ts:343:23

    attachment #1: screenshot (image/png) â”€â”€â”€â”€â”€â”€â”€â”€â”€â”€â”€â”€â”€â”€â”€â”€â”€â”€â”€â”€â”€â”€â”€â”€â”€â”€â”€â”€â”€â”€â”€â”€â”€â”€â”€â”€â”€â”€â”€â”€â”€â”€â”€â”€â”€â”€â”€â”€â”€â”€â”€â”€â”€â”€â”€â”€â”€â”€
    ..\..\test-results\artifacts\security-enhanced-enhanced-28562-urity-CSPç­–ç•¥å®‰å…¨éªŒè¯-CSPç­–ç•¥åŠ¨æ€çŽ¯å¢ƒé€‚é…-electron-security-audit\test-failed-1.png
    â”€â”€â”€â”€â”€â”€â”€â”€â”€â”€â”€â”€â”€â”€â”€â”€â”€â”€â”€â”€â”€â”€â”€â”€â”€â”€â”€â”€â”€â”€â”€â”€â”€â”€â”€â”€â”€â”€â”€â”€â”€â”€â”€â”€â”€â”€â”€â”€â”€â”€â”€â”€â”€â”€â”€â”€â”€â”€â”€â”€â”€â”€â”€â”€â”€â”€â”€â”€â”€â”€â”€â”€â”€â”€â”€â”€â”€â”€â”€â”€â”€â”€â”€â”€â”€â”€â”€â”€â”€â”€â”€â”€â”€â”€â”€â”€

    Error Context: ..\..\test-results\artifacts\security-enhanced-enhanced-28562-urity-CSPç­–ç•¥å®‰å…¨éªŒè¯-CSPç­–ç•¥åŠ¨æ€çŽ¯å¢ƒé€‚é…-electron-security-audit\error-context.md
]]>
</failure>
<system-out>
<![CDATA[éªŒè¯å¼€å‘çŽ¯å¢ƒ CSP ç­–ç•¥

[[ATTACHMENT|artifacts\security-enhanced-enhanced-28562-urity-CSPç­–ç•¥å®‰å…¨éªŒè¯-CSPç­–ç•¥åŠ¨æ€çŽ¯å¢ƒé€‚é…-electron-security-audit\test-failed-1.png]]

[[ATTACHMENT|artifacts\security-enhanced-enhanced-28562-urity-CSPç­–ç•¥å®‰å…¨éªŒè¯-CSPç­–ç•¥åŠ¨æ€çŽ¯å¢ƒé€‚é…-electron-security-audit\error-context.md]]
]]>
</system-out>
</testcase>
</testsuite>
<testsuite name="security\enhanced\enhanced-electron-security.spec.ts" timestamp="2025-09-02T08:39:25.020Z" hostname="electron-security-audit" tests="4" failures="2" skipped="1" time="2.108" errors="0">
<testcase name="Electronå®‰å…¨åŸºçº¿éªŒè¯ â€º æ¸²æŸ“è¿›ç¨‹åº”è¯¥æ— æ³•è®¿é—®Node.js API" classname="security\enhanced\enhanced-electron-security.spec.ts" time="0.882">
</testcase>
<testcase name="Electronå®‰å…¨åŸºçº¿éªŒè¯ â€º ä¸Šä¸‹æ–‡éš”ç¦»åº”è¯¥å¯ç”¨" classname="security\enhanced\enhanced-electron-security.spec.ts" time="0.186">
<failure message="enhanced-electron-security.spec.ts:43:3 ä¸Šä¸‹æ–‡éš”ç¦»åº”è¯¥å¯ç”¨" type="FAILURE">
<![CDATA[  [electron-security-audit] â€º security\enhanced\enhanced-electron-security.spec.ts:43:3 â€º Electronå®‰å…¨åŸºçº¿éªŒè¯ â€º ä¸Šä¸‹æ–‡éš”ç¦»åº”è¯¥å¯ç”¨ 

    Error: expect(received).toBe(expected) // Object.is equality

    Expected: true
    Received: false

      49 |     });
      50 |
    > 51 |     expect(isolationEnabled).toBe(true);
         |                              ^
      52 |   });
      53 |
      54 |   test('sandboxæ¨¡å¼éªŒè¯', async () => {
        at C:\buildgame\vitegame\tests\e2e\security\enhanced\enhanced-electron-security.spec.ts:51:30

    attachment #1: screenshot (image/png) â”€â”€â”€â”€â”€â”€â”€â”€â”€â”€â”€â”€â”€â”€â”€â”€â”€â”€â”€â”€â”€â”€â”€â”€â”€â”€â”€â”€â”€â”€â”€â”€â”€â”€â”€â”€â”€â”€â”€â”€â”€â”€â”€â”€â”€â”€â”€â”€â”€â”€â”€â”€â”€â”€â”€â”€â”€â”€
    ..\..\test-results\artifacts\security-enhanced-enhanced-1f99e-ty-Electronå®‰å…¨åŸºçº¿éªŒè¯-ä¸Šä¸‹æ–‡éš”ç¦»åº”è¯¥å¯ç”¨-electron-security-audit\test-failed-1.png
    â”€â”€â”€â”€â”€â”€â”€â”€â”€â”€â”€â”€â”€â”€â”€â”€â”€â”€â”€â”€â”€â”€â”€â”€â”€â”€â”€â”€â”€â”€â”€â”€â”€â”€â”€â”€â”€â”€â”€â”€â”€â”€â”€â”€â”€â”€â”€â”€â”€â”€â”€â”€â”€â”€â”€â”€â”€â”€â”€â”€â”€â”€â”€â”€â”€â”€â”€â”€â”€â”€â”€â”€â”€â”€â”€â”€â”€â”€â”€â”€â”€â”€â”€â”€â”€â”€â”€â”€â”€â”€â”€â”€â”€â”€â”€â”€

    Error Context: ..\..\test-results\artifacts\security-enhanced-enhanced-1f99e-ty-Electronå®‰å…¨åŸºçº¿éªŒè¯-ä¸Šä¸‹æ–‡éš”ç¦»åº”è¯¥å¯ç”¨-electron-security-audit\error-context.md
]]>
</failure>
<system-out>
<![CDATA[
[[ATTACHMENT|artifacts\security-enhanced-enhanced-1f99e-ty-Electronå®‰å…¨åŸºçº¿éªŒè¯-ä¸Šä¸‹æ–‡éš”ç¦»åº”è¯¥å¯ç”¨-electron-security-audit\test-failed-1.png]]

[[ATTACHMENT|artifacts\security-enhanced-enhanced-1f99e-ty-Electronå®‰å…¨åŸºçº¿éªŒè¯-ä¸Šä¸‹æ–‡éš”ç¦»åº”è¯¥å¯ç”¨-electron-security-audit\error-context.md]]
]]>
</system-out>
</testcase>
<testcase name="Electronå®‰å…¨åŸºçº¿éªŒè¯ â€º sandboxæ¨¡å¼éªŒè¯" classname="security\enhanced\enhanced-electron-security.spec.ts" time="0.004">
<properties>
<property name="skip" value="">
</property>
</properties>
<skipped>
</skipped>
</testcase>
<testcase name="Electronå®‰å…¨åŸºçº¿éªŒè¯ â€º åº”è¯¥åªæš´éœ²ç™½åå•API" classname="security\enhanced\enhanced-electron-security.spec.ts" time="1.036">
<failure message="enhanced-electron-security.spec.ts:59:3 åº”è¯¥åªæš´éœ²ç™½åå•API" type="FAILURE">
<![CDATA[  [electron-security-audit] â€º security\enhanced\enhanced-electron-security.spec.ts:59:3 â€º Electronå®‰å…¨åŸºçº¿éªŒè¯ â€º åº”è¯¥åªæš´éœ²ç™½åå•API 

    Error: expect(received).toBe(expected) // Object.is equality

    Expected: true
    Received: false

      88 |     });
      89 |
    > 90 |     expect(apiValidation.valid).toBe(true);
         |                                 ^
      91 |     expect(apiValidation.unexpected).toEqual([]);
      92 |   });
      93 | });
        at C:\buildgame\vitegame\tests\e2e\security\enhanced\enhanced-electron-security.spec.ts:90:33

    attachment #1: screenshot (image/png) â”€â”€â”€â”€â”€â”€â”€â”€â”€â”€â”€â”€â”€â”€â”€â”€â”€â”€â”€â”€â”€â”€â”€â”€â”€â”€â”€â”€â”€â”€â”€â”€â”€â”€â”€â”€â”€â”€â”€â”€â”€â”€â”€â”€â”€â”€â”€â”€â”€â”€â”€â”€â”€â”€â”€â”€â”€â”€
    ..\..\test-results\artifacts\security-enhanced-enhanced-0719d--Electronå®‰å…¨åŸºçº¿éªŒè¯-åº”è¯¥åªæš´éœ²ç™½åå•API-electron-security-audit\test-failed-1.png
    â”€â”€â”€â”€â”€â”€â”€â”€â”€â”€â”€â”€â”€â”€â”€â”€â”€â”€â”€â”€â”€â”€â”€â”€â”€â”€â”€â”€â”€â”€â”€â”€â”€â”€â”€â”€â”€â”€â”€â”€â”€â”€â”€â”€â”€â”€â”€â”€â”€â”€â”€â”€â”€â”€â”€â”€â”€â”€â”€â”€â”€â”€â”€â”€â”€â”€â”€â”€â”€â”€â”€â”€â”€â”€â”€â”€â”€â”€â”€â”€â”€â”€â”€â”€â”€â”€â”€â”€â”€â”€â”€â”€â”€â”€â”€â”€

    Error Context: ..\..\test-results\artifacts\security-enhanced-enhanced-0719d--Electronå®‰å…¨åŸºçº¿éªŒè¯-åº”è¯¥åªæš´éœ²ç™½åå•API-electron-security-audit\error-context.md
]]>
</failure>
<system-out>
<![CDATA[
[[ATTACHMENT|artifacts\security-enhanced-enhanced-0719d--Electronå®‰å…¨åŸºçº¿éªŒè¯-åº”è¯¥åªæš´éœ²ç™½åå•API-electron-security-audit\test-failed-1.png]]

[[ATTACHMENT|artifacts\security-enhanced-enhanced-0719d--Electronå®‰å…¨åŸºçº¿éªŒè¯-åº”è¯¥åªæš´éœ²ç™½åå•API-electron-security-audit\error-context.md]]
]]>
</system-out>
</testcase>
</testsuite>
<testsuite name="security\enhanced\security-redlines.spec.ts" timestamp="2025-09-02T08:39:25.020Z" hostname="electron-security-audit" tests="13" failures="1" skipped="12" time="0" errors="0">
<testcase name="ðŸ”´ Electronå®‰å…¨çº¢çº¿æµ‹è¯• - ADR-0002æ ¸å¿ƒæ‹¦æˆª â€º çº¢çº¿1: æƒé™è¯·æ±‚æ‹¦æˆª (é»˜è®¤æ‹’ç») â€º åœ°ç†ä½ç½®æƒé™åº”è¢«é»˜è®¤æ‹’ç»" classname="security\enhanced\security-redlines.spec.ts" time="0">
<failure message="security-redlines.spec.ts:48:5 åœ°ç†ä½ç½®æƒé™åº”è¢«é»˜è®¤æ‹’ç»" type="FAILURE">
<![CDATA[  [electron-security-audit] â€º security\enhanced\security-redlines.spec.ts:48:5 â€º ðŸ”´ Electronå®‰å…¨çº¢çº¿æµ‹è¯• - ADR-0002æ ¸å¿ƒæ‹¦æˆª â€º çº¢çº¿1: æƒé™è¯·æ±‚æ‹¦æˆª (é»˜è®¤æ‹’ç») â€º åœ°ç†ä½ç½®æƒé™åº”è¢«é»˜è®¤æ‹’ç» 

    TimeoutError: electron.launch: Timeout 30000ms exceeded.
    Call log:
      - <launching> "C:\buildgame\vitegame\node_modules\electron\dist\electron.exe" "-r" "C:\buildgame\vitegame\node_modules\playwright-core\lib\server\electron\loader.js" "--inspect=0" "--remote-debugging-port=0" "./electron/main.js"
      - <launched> pid=3312
      - [pid=3312][out]
      - [pid=3312][err] Debugger listening on ws://127.0.0.1:3071/4d573b61-d2c7-4356-ab79-bf6eee001f89
      - [pid=3312][err] For help, see: https://nodejs.org/en/docs/inspector
      - <ws connecting> ws://127.0.0.1:3071/4d573b61-d2c7-4356-ab79-bf6eee001f89
      - <ws connected> ws://127.0.0.1:3071/4d573b61-d2c7-4356-ab79-bf6eee001f89
      - [pid=3312][err] Debugger attached.


      21 |   console.log('[RedLine] å¯åŠ¨Electronåº”ç”¨è¿›è¡Œçº¢çº¿å®‰å…¨æµ‹è¯•...');
      22 |
    > 23 |   electronApp = await electron.launch({
         |                 ^
      24 |     args: ['./electron/main.js'],
      25 |     timeout: 30000,
      26 |     recordVideo: process.env.CI
        at C:\buildgame\vitegame\tests\e2e\security\enhanced\security-redlines.spec.ts:23:17
]]>
</failure>
<system-out>
<![CDATA[[RedLine] å¯åŠ¨Electronåº”ç”¨è¿›è¡Œçº¢çº¿å®‰å…¨æµ‹è¯•...

ðŸ”´ === å®‰å…¨çº¢çº¿æµ‹è¯•å®Œæˆ ===
âœ… æƒé™è¯·æ±‚æ‹¦æˆªéªŒè¯å®Œæˆ
âœ… å¤–éƒ¨å¯¼èˆªæ‹¦æˆªéªŒè¯å®Œæˆ
âœ… çª—å£æ‰“å¼€æ‹¦æˆªéªŒè¯å®Œæˆ
ðŸ›¡ï¸ ä¸‰å¤§å®‰å…¨çº¢çº¿å…¨éƒ¨é€šè¿‡ï¼
]]>
</system-out>
</testcase>
<testcase name="ðŸ”´ Electronå®‰å…¨çº¢çº¿æµ‹è¯• - ADR-0002æ ¸å¿ƒæ‹¦æˆª â€º çº¢çº¿1: æƒé™è¯·æ±‚æ‹¦æˆª (é»˜è®¤æ‹’ç») â€º æ‘„åƒå¤´æƒé™åº”è¢«é»˜è®¤æ‹’ç»" classname="security\enhanced\security-redlines.spec.ts" time="0">
<skipped>
</skipped>
</testcase>
<testcase name="ðŸ”´ Electronå®‰å…¨çº¢çº¿æµ‹è¯• - ADR-0002æ ¸å¿ƒæ‹¦æˆª â€º çº¢çº¿1: æƒé™è¯·æ±‚æ‹¦æˆª (é»˜è®¤æ‹’ç») â€º éº¦å…‹é£Žæƒé™åº”è¢«é»˜è®¤æ‹’ç»" classname="security\enhanced\security-redlines.spec.ts" time="0">
<skipped>
</skipped>
</testcase>
<testcase name="ðŸ”´ Electronå®‰å…¨çº¢çº¿æµ‹è¯• - ADR-0002æ ¸å¿ƒæ‹¦æˆª â€º çº¢çº¿1: æƒé™è¯·æ±‚æ‹¦æˆª (é»˜è®¤æ‹’ç») â€º é€šçŸ¥æƒé™åº”è¢«æŽ§åˆ¶" classname="security\enhanced\security-redlines.spec.ts" time="0">
<skipped>
</skipped>
</testcase>
<testcase name="ðŸ”´ Electronå®‰å…¨çº¢çº¿æµ‹è¯• - ADR-0002æ ¸å¿ƒæ‹¦æˆª â€º çº¢çº¿2: å¤–éƒ¨å¯¼èˆªæ‹¦æˆª (å¼ºåˆ¶é˜»æ–­) â€º window.location.hrefå¤–éƒ¨å¯¼èˆªåº”è¢«é˜»æ­¢" classname="security\enhanced\security-redlines.spec.ts" time="0">
<skipped>
</skipped>
</testcase>
<testcase name="ðŸ”´ Electronå®‰å…¨çº¢çº¿æµ‹è¯• - ADR-0002æ ¸å¿ƒæ‹¦æˆª â€º çº¢çº¿2: å¤–éƒ¨å¯¼èˆªæ‹¦æˆª (å¼ºåˆ¶é˜»æ–­) â€º window.openå¤–éƒ¨å¯¼èˆªåº”è¢«é˜»æ­¢" classname="security\enhanced\security-redlines.spec.ts" time="0">
<skipped>
</skipped>
</testcase>
<testcase name="ðŸ”´ Electronå®‰å…¨çº¢çº¿æµ‹è¯• - ADR-0002æ ¸å¿ƒæ‹¦æˆª â€º çº¢çº¿2: å¤–éƒ¨å¯¼èˆªæ‹¦æˆª (å¼ºåˆ¶é˜»æ–­) â€º è¡¨å•å¤–éƒ¨æäº¤åº”è¢«é˜»æ­¢" classname="security\enhanced\security-redlines.spec.ts" time="0">
<skipped>
</skipped>
</testcase>
<testcase name="ðŸ”´ Electronå®‰å…¨çº¢çº¿æµ‹è¯• - ADR-0002æ ¸å¿ƒæ‹¦æˆª â€º çº¢çº¿3: æ–°çª—å£æ‰“å¼€æ‹¦æˆª (é›¶å®¹å¿) â€º æ‰€æœ‰window.openè°ƒç”¨éƒ½åº”è¢«é˜»æ­¢" classname="security\enhanced\security-redlines.spec.ts" time="0">
<skipped>
</skipped>
</testcase>
<testcase name="ðŸ”´ Electronå®‰å…¨çº¢çº¿æµ‹è¯• - ADR-0002æ ¸å¿ƒæ‹¦æˆª â€º çº¢çº¿3: æ–°çª—å£æ‰“å¼€æ‹¦æˆª (é›¶å®¹å¿) â€º å¼¹çª—äº‹ä»¶ç›‘å¬éªŒè¯" classname="security\enhanced\security-redlines.spec.ts" time="0">
<skipped>
</skipped>
</testcase>
<testcase name="ðŸ”´ Electronå®‰å…¨çº¢çº¿æµ‹è¯• - ADR-0002æ ¸å¿ƒæ‹¦æˆª â€º çº¢çº¿3: æ–°çª—å£æ‰“å¼€æ‹¦æˆª (é›¶å®¹å¿) â€º iframeå¼¹çª—å°è¯•åº”è¢«é˜»æ­¢" classname="security\enhanced\security-redlines.spec.ts" time="0">
<skipped>
</skipped>
</testcase>
<testcase name="ðŸ”´ Electronå®‰å…¨çº¢çº¿æµ‹è¯• - ADR-0002æ ¸å¿ƒæ‹¦æˆª â€º çº¢çº¿ç»¼åˆéªŒè¯ â€º å®‰å…¨æ‹¦æˆªåŠŸèƒ½ä¸å½±å“æ­£å¸¸åº”ç”¨åŠŸèƒ½" classname="security\enhanced\security-redlines.spec.ts" time="0">
<skipped>
</skipped>
</testcase>
<testcase name="ðŸ”´ Electronå®‰å…¨çº¢çº¿æµ‹è¯• - ADR-0002æ ¸å¿ƒæ‹¦æˆª â€º çº¢çº¿ç»¼åˆéªŒè¯ â€º çº¢çº¿æ‹¦æˆªæ€§èƒ½å½±å“è¯„ä¼°" classname="security\enhanced\security-redlines.spec.ts" time="0">
<skipped>
</skipped>
</testcase>
<testcase name="ðŸ”´ Electronå®‰å…¨çº¢çº¿æµ‹è¯• - ADR-0002æ ¸å¿ƒæ‹¦æˆª â€º çº¢çº¿ç»¼åˆéªŒè¯ â€º çº¢çº¿é…ç½®å®Œæ•´æ€§æ£€æŸ¥" classname="security\enhanced\security-redlines.spec.ts" time="0">
<skipped>
</skipped>
</testcase>
</testsuite>
<testsuite name="security\redlines-simple.spec.ts" timestamp="2025-09-02T08:39:25.020Z" hostname="electron-security-audit" tests="4" failures="1" skipped="3" time="0" errors="0">
<testcase name="ðŸš« RED LINE 1: å¤–éƒ¨å¯¼èˆªè¢«æ‹¦æˆª" classname="security\redlines-simple.spec.ts" time="0">
<failure message="redlines-simple.spec.ts:43:1 ðŸš« RED LINE 1: å¤–éƒ¨å¯¼èˆªè¢«æ‹¦æˆª" type="FAILURE">
<![CDATA[  [electron-security-audit] â€º security\redlines-simple.spec.ts:43:1 â€º ðŸš« RED LINE 1: å¤–éƒ¨å¯¼èˆªè¢«æ‹¦æˆª â”€â”€â”€â”€â”€â”€â”€

    Error: worker process exited unexpectedly (code=3221225794, signal=null)
]]>
</failure>
</testcase>
<testcase name="ðŸš« RED LINE 2: æ–°çª—å£æ‰“å¼€è¢«æ‹¦æˆª" classname="security\redlines-simple.spec.ts" time="0">
<skipped>
</skipped>
</testcase>
<testcase name="ðŸš« RED LINE 3: æ•æ„Ÿæƒé™è¢«æ‹’ç»" classname="security\redlines-simple.spec.ts" time="0">
<skipped>
</skipped>
</testcase>
<testcase name="ðŸ›¡ï¸ ä¸‰æ¡çº¢çº¿ç»¼åˆç¨³å®šæ€§" classname="security\redlines-simple.spec.ts" time="0">
<skipped>
</skipped>
</testcase>
</testsuite>
<testsuite name="security\security-redlines.spec.ts" timestamp="2025-09-02T08:39:25.020Z" hostname="electron-security-audit" tests="10" failures="1" skipped="9" time="0" errors="0">
<testcase name="ðŸš« çº¢çº¿ç”¨ä¾‹ 1: å¯¼èˆªæ‹¦æˆªï¼ˆé»˜è®¤æ‹’ç»ï¼‰ â€º å¤–éƒ¨å¯¼èˆªåº”è¢«æ‹¦æˆª - window.location.href" classname="security\security-redlines.spec.ts" time="0">
<failure message="security-redlines.spec.ts:54:3 å¤–éƒ¨å¯¼èˆªåº”è¢«æ‹¦æˆª - window.location.href" type="FAILURE">
<![CDATA[  [electron-security-audit] â€º security\security-redlines.spec.ts:54:3 â€º ðŸš« çº¢çº¿ç”¨ä¾‹ 1: å¯¼èˆªæ‹¦æˆªï¼ˆé»˜è®¤æ‹’ç»ï¼‰ â€º å¤–éƒ¨å¯¼èˆªåº”è¢«æ‹¦æˆª - window.location.href 

    Error: worker process exited unexpectedly (code=3221225794, signal=null)
]]>
</failure>
</testcase>
<testcase name="ðŸš« çº¢çº¿ç”¨ä¾‹ 1: å¯¼èˆªæ‹¦æˆªï¼ˆé»˜è®¤æ‹’ç»ï¼‰ â€º å¤–éƒ¨å¯¼èˆªåº”è¢«æ‹¦æˆª - é“¾æŽ¥ç‚¹å‡»" classname="security\security-redlines.spec.ts" time="0">
<skipped>
</skipped>
</testcase>
<testcase name="ðŸš« çº¢çº¿ç”¨ä¾‹ 2: çª—å£æ‰“å¼€æ‹¦æˆªï¼ˆé»˜è®¤æ‹’ç»ï¼‰ â€º window.open() åº”è¢«æ‹¦æˆª" classname="security\security-redlines.spec.ts" time="0">
<skipped>
</skipped>
</testcase>
<testcase name="ðŸš« çº¢çº¿ç”¨ä¾‹ 2: çª—å£æ‰“å¼€æ‹¦æˆªï¼ˆé»˜è®¤æ‹’ç»ï¼‰ â€º target=&quot;_blank&quot; é“¾æŽ¥åº”è¢«æ‹¦æˆª" classname="security\security-redlines.spec.ts" time="0">
<skipped>
</skipped>
</testcase>
<testcase name="ðŸš« çº¢çº¿ç”¨ä¾‹ 3: æƒé™è¯·æ±‚æ‹’ç»ï¼ˆé»˜è®¤æ‹’ç»ï¼‰ â€º æ‘„åƒå¤´æƒé™åº”è¢«æ‹’ç»" classname="security\security-redlines.spec.ts" time="0">
<skipped>
</skipped>
</testcase>
<testcase name="ðŸš« çº¢çº¿ç”¨ä¾‹ 3: æƒé™è¯·æ±‚æ‹’ç»ï¼ˆé»˜è®¤æ‹’ç»ï¼‰ â€º éº¦å…‹é£Žæƒé™åº”è¢«æ‹’ç»" classname="security\security-redlines.spec.ts" time="0">
<skipped>
</skipped>
</testcase>
<testcase name="ðŸš« çº¢çº¿ç”¨ä¾‹ 3: æƒé™è¯·æ±‚æ‹’ç»ï¼ˆé»˜è®¤æ‹’ç»ï¼‰ â€º åœ°ç†ä½ç½®æƒé™åº”è¢«æ‹’ç»" classname="security\security-redlines.spec.ts" time="0">
<skipped>
</skipped>
</testcase>
<testcase name="ðŸš« çº¢çº¿ç”¨ä¾‹ 3: æƒé™è¯·æ±‚æ‹’ç»ï¼ˆé»˜è®¤æ‹’ç»ï¼‰ â€º é€šçŸ¥æƒé™åº”è¢«æ‹’ç»" classname="security\security-redlines.spec.ts" time="0">
<skipped>
</skipped>
</testcase>
<testcase name="ðŸ›¡ï¸ ç»¼åˆçº¢çº¿éªŒè¯ â€º ä¸‰æ¡çº¢çº¿ç”¨ä¾‹ç¨³å®šæ€§æµ‹è¯•" classname="security\security-redlines.spec.ts" time="0">
<skipped>
</skipped>
</testcase>
<testcase name="ðŸ›¡ï¸ ç»¼åˆçº¢çº¿éªŒè¯ â€º å®‰å…¨é…ç½®æŒä¹…æ€§éªŒè¯" classname="security\security-redlines.spec.ts" time="0">
<skipped>
</skipped>
</testcase>
</testsuite>
<testsuite name="security-smoke.spec.ts" timestamp="2025-09-02T08:39:25.020Z" hostname="electron-security-audit" tests="1" failures="1" skipped="0" time="0" errors="0">
<testcase name="å®‰å…¨æŠ¤æ ç”Ÿæ•ˆï¼ˆCSP &amp; ç¦ç”¨ Nodeï¼‰" classname="security-smoke.spec.ts" time="0">
<failure message="security-smoke.spec.ts:3:1 å®‰å…¨æŠ¤æ ç”Ÿæ•ˆï¼ˆCSP &amp; ç¦ç”¨ Nodeï¼‰" type="FAILURE">
<![CDATA[  [electron-security-audit] â€º security-smoke.spec.ts:3:1 â€º å®‰å…¨æŠ¤æ ç”Ÿæ•ˆï¼ˆCSP & ç¦ç”¨ Nodeï¼‰ â”€â”€â”€â”€â”€â”€â”€â”€â”€â”€â”€â”€â”€â”€â”€â”€â”€â”€â”€

    Error: worker process exited unexpectedly (code=3221225794, signal=null)
]]>
</failure>
</testcase>
</testsuite>
<testsuite name="framerate-stability.e2e.spec.ts" timestamp="2025-09-02T08:39:25.020Z" hostname="framerate-stability" tests="6" failures="1" skipped="5" time="0" errors="0">
<testcase name="å¸§çŽ‡ç¨³å®šæ€§æ•°æ®æ”¶é›† â€º åŸºçº¿å¸§çŽ‡ - é™æ€åœºæ™¯" classname="framerate-stability.e2e.spec.ts" time="0">
<failure message="framerate-stability.e2e.spec.ts:106:3 åŸºçº¿å¸§çŽ‡ - é™æ€åœºæ™¯" type="FAILURE">
<![CDATA[  [framerate-stability] â€º framerate-stability.e2e.spec.ts:106:3 â€º å¸§çŽ‡ç¨³å®šæ€§æ•°æ®æ”¶é›† â€º åŸºçº¿å¸§çŽ‡ - é™æ€åœºæ™¯ â”€â”€â”€â”€â”€â”€â”€â”€â”€â”€

    Error: worker process exited unexpectedly (code=3221225794, signal=null)
]]>
</failure>
</testcase>
<testcase name="å¸§çŽ‡ç¨³å®šæ€§æ•°æ®æ”¶é›† â€º åŠ¨ç”»åœºæ™¯å¸§çŽ‡" classname="framerate-stability.e2e.spec.ts" time="0">
<skipped>
</skipped>
</testcase>
<testcase name="å¸§çŽ‡ç¨³å®šæ€§æ•°æ®æ”¶é›† â€º äº¤äº’åœºæ™¯å¸§çŽ‡" classname="framerate-stability.e2e.spec.ts" time="0">
<skipped>
</skipped>
</testcase>
<testcase name="å¸§çŽ‡ç¨³å®šæ€§æ•°æ®æ”¶é›† â€º åŽ‹åŠ›æµ‹è¯•åœºæ™¯å¸§çŽ‡" classname="framerate-stability.e2e.spec.ts" time="0">
<skipped>
</skipped>
</testcase>
<testcase name="å¸§çŽ‡ç¨³å®šæ€§æ•°æ®æ”¶é›† â€º æ±‡æ€»å¹¶è¾“å‡ºå¸§çŽ‡æŠ¥å‘Š" classname="framerate-stability.e2e.spec.ts" time="0">
<skipped>
</skipped>
</testcase>
<testcase name="å¸§çŽ‡ç¨³å®šæ€§å›žå½’æµ‹è¯• â€º ä¸ŽåŽ†å²åŸºçº¿å¯¹æ¯”" classname="framerate-stability.e2e.spec.ts" time="0">
<skipped>
</skipped>
</testcase>
</testsuite>
<testsuite name="scene-transition.e2e.spec.ts" timestamp="2025-09-02T08:39:25.020Z" hostname="scene-transition" tests="4" failures="1" skipped="3" time="0" errors="0">
<testcase name="åœºæ™¯è½¬æ¢æ€§èƒ½æµ‹è¯• - P1-A User Timing API â€º åœºæ™¯è½¬æ¢æ€§èƒ½ - game.scene.load" classname="scene-transition.e2e.spec.ts" time="0">
<failure message="scene-transition.e2e.spec.ts:270:5 åœºæ™¯è½¬æ¢æ€§èƒ½ - game.scene.load" type="FAILURE">
<![CDATA[  [scene-transition] â€º scene-transition.e2e.spec.ts:270:5 â€º åœºæ™¯è½¬æ¢æ€§èƒ½æµ‹è¯• - P1-A User Timing API â€º åœºæ™¯è½¬æ¢æ€§èƒ½ - game.scene.load 

    Error: worker process exited unexpectedly (code=3221225794, signal=null)
]]>
</failure>
</testcase>
<testcase name="åœºæ™¯è½¬æ¢æ€§èƒ½æµ‹è¯• - P1-A User Timing API â€º åœºæ™¯è½¬æ¢æ€§èƒ½ - game.scene.menu" classname="scene-transition.e2e.spec.ts" time="0">
<skipped>
</skipped>
</testcase>
<testcase name="åœºæ™¯è½¬æ¢æ€§èƒ½æµ‹è¯• - P1-A User Timing API â€º åœºæ™¯è½¬æ¢æ€§èƒ½ - phaser.scene.create" classname="scene-transition.e2e.spec.ts" time="0">
<skipped>
</skipped>
</testcase>
<testcase name="åœºæ™¯è½¬æ¢æ€§èƒ½æµ‹è¯• - P1-A User Timing API â€º ç»¼åˆåœºæ™¯è½¬æ¢æ€§èƒ½æŠ¥å‘Š" classname="scene-transition.e2e.spec.ts" time="0">
<skipped>
</skipped>
</testcase>
</testsuite>
</testsuites>