{"numTotalTestSuites":24,"numPassedTestSuites":21,"numFailedTestSuites":1,"numPendingTestSuites":2,"numTotalTests":42,"numPassedTests":42,"numFailedTests":0,"numPendingTests":0,"numTodoTests":0,"snapshot":{"added":0,"failure":false,"filesAdded":0,"filesRemoved":0,"filesRemovedList":[],"filesUnmatched":0,"filesUpdated":0,"matched":0,"total":0,"unchecked":0,"uncheckedKeysByFile":[],"unmatched":0,"updated":0,"didUpdate":false},"startTime":1756056857770,"success":false,"testResults":[{"assertionResults":[],"startTime":1756056857770,"endTime":1756056857770,"status":"failed","message":"Cannot set properties of null (setting 'fillStyle')","name":"C:/buildgame/vitegame/src/App.test.tsx"},{"assertionResults":[{"ancestorTitles":["docs-scorer Performance Tests"],"fullName":"docs-scorer Performance Tests 单个文档解析性能测试","status":"passed","title":"单个文档解析性能测试","duration":1.728399999999965,"failureMessages":[],"meta":{}},{"ancestorTitles":["docs-scorer Performance Tests"],"fullName":"docs-scorer Performance Tests AST缓存机制性能测试","status":"passed","title":"AST缓存机制性能测试","duration":0.42840000000069267,"failureMessages":[],"meta":{}},{"ancestorTitles":["docs-scorer Performance Tests"],"fullName":"docs-scorer Performance Tests 批量文档处理性能测试","status":"passed","title":"批量文档处理性能测试","duration":71.84079999999994,"failureMessages":[],"meta":{}},{"ancestorTitles":["docs-scorer Performance Tests"],"fullName":"docs-scorer Performance Tests 内存使用测试","status":"passed","title":"内存使用测试","duration":0.4405000000006112,"failureMessages":[],"meta":{}},{"ancestorTitles":["docs-scorer Performance Tests"],"fullName":"docs-scorer Performance Tests 并发处理性能测试","status":"passed","title":"并发处理性能测试","duration":16.91699999999946,"failureMessages":[],"meta":{}},{"ancestorTitles":["docs-scorer Performance Tests"],"fullName":"docs-scorer Performance Tests 大文档处理压力测试","status":"passed","title":"大文档处理压力测试","duration":246.63780000000042,"failureMessages":[],"meta":{}}],"startTime":1756056863414,"endTime":1756056863751.6377,"status":"passed","message":"","name":"C:/buildgame/vitegame/src/tests/docs-scorer-performance.test.js"},{"assertionResults":[{"ancestorTitles":["InMemoryEventBus","事件发布 (publish)"],"fullName":"InMemoryEventBus 事件发布 (publish) 应该成功发布有效格式的事件","status":"passed","title":"应该成功发布有效格式的事件","duration":3.2960999999995693,"failureMessages":[],"meta":{}},{"ancestorTitles":["InMemoryEventBus","事件发布 (publish)"],"fullName":"InMemoryEventBus 事件发布 (publish) 应该拒绝无效格式的事件类型","status":"passed","title":"应该拒绝无效格式的事件类型","duration":1.6783999999997832,"failureMessages":[],"meta":{}},{"ancestorTitles":["InMemoryEventBus","事件发布 (publish)"],"fullName":"InMemoryEventBus 事件发布 (publish) 应该拒绝空事件类型","status":"passed","title":"应该拒绝空事件类型","duration":0.7833000000000538,"failureMessages":[],"meta":{}},{"ancestorTitles":["InMemoryEventBus","事件发布 (publish)"],"fullName":"InMemoryEventBus 事件发布 (publish) 应该拒绝单段事件类型","status":"passed","title":"应该拒绝单段事件类型","duration":0.5137999999997191,"failureMessages":[],"meta":{}},{"ancestorTitles":["InMemoryEventBus","事件订阅 (subscribe)"],"fullName":"InMemoryEventBus 事件订阅 (subscribe) 应该成功订阅事件并返回订阅对象","status":"passed","title":"应该成功订阅事件并返回订阅对象","duration":0.7672000000002299,"failureMessages":[],"meta":{}},{"ancestorTitles":["InMemoryEventBus","事件订阅 (subscribe)"],"fullName":"InMemoryEventBus 事件订阅 (subscribe) 应该支持多个处理器订阅同一事件类型","status":"passed","title":"应该支持多个处理器订阅同一事件类型","duration":3.8337000000001353,"failureMessages":[],"meta":{}},{"ancestorTitles":["InMemoryEventBus","事件订阅 (subscribe)"],"fullName":"InMemoryEventBus 事件订阅 (subscribe) 应该按订阅顺序依次调用处理器 (FIFO)","status":"passed","title":"应该按订阅顺序依次调用处理器 (FIFO)","duration":0.9013000000004467,"failureMessages":[],"meta":{}},{"ancestorTitles":["InMemoryEventBus","事件处理器调用"],"fullName":"InMemoryEventBus 事件处理器调用 应该传递正确的事件数据给处理器","status":"passed","title":"应该传递正确的事件数据给处理器","duration":0.5749999999998181,"failureMessages":[],"meta":{}},{"ancestorTitles":["InMemoryEventBus","事件处理器调用"],"fullName":"InMemoryEventBus 事件处理器调用 应该支持异步处理器","status":"passed","title":"应该支持异步处理器","duration":21.70219999999972,"failureMessages":[],"meta":{}},{"ancestorTitles":["InMemoryEventBus","事件处理器调用"],"fullName":"InMemoryEventBus 事件处理器调用 应该等待所有异步处理器完成","status":"passed","title":"应该等待所有异步处理器完成","duration":57.90240000000085,"failureMessages":[],"meta":{}},{"ancestorTitles":["InMemoryEventBus","取消订阅 (unsubscribe)"],"fullName":"InMemoryEventBus 取消订阅 (unsubscribe) 应该能够取消订阅并停止接收事件","status":"passed","title":"应该能够取消订阅并停止接收事件","duration":0.45720000000073924,"failureMessages":[],"meta":{}},{"ancestorTitles":["InMemoryEventBus","取消订阅 (unsubscribe)"],"fullName":"InMemoryEventBus 取消订阅 (unsubscribe) 应该只取消特定的订阅，不影响其他订阅","status":"passed","title":"应该只取消特定的订阅，不影响其他订阅","duration":0.3798000000006141,"failureMessages":[],"meta":{}},{"ancestorTitles":["InMemoryEventBus","取消订阅 (unsubscribe)"],"fullName":"InMemoryEventBus 取消订阅 (unsubscribe) 应该安全处理重复取消订阅","status":"passed","title":"应该安全处理重复取消订阅","duration":0.3059000000002925,"failureMessages":[],"meta":{}},{"ancestorTitles":["InMemoryEventBus","清空事件总线 (clear)"],"fullName":"InMemoryEventBus 清空事件总线 (clear) 应该清空所有订阅","status":"passed","title":"应该清空所有订阅","duration":0.4403999999994994,"failureMessages":[],"meta":{}},{"ancestorTitles":["InMemoryEventBus","类型安全"],"fullName":"InMemoryEventBus 类型安全 应该正确处理不同事件类型","status":"passed","title":"应该正确处理不同事件类型","duration":0.5063000000000102,"failureMessages":[],"meta":{}},{"ancestorTitles":["InMemoryEventBus","错误处理"],"fullName":"InMemoryEventBus 错误处理 应该处理处理器中的同步错误","status":"passed","title":"应该处理处理器中的同步错误","duration":0.39940000000024156,"failureMessages":[],"meta":{}},{"ancestorTitles":["InMemoryEventBus","错误处理"],"fullName":"InMemoryEventBus 错误处理 应该处理处理器中的异步错误","status":"passed","title":"应该处理处理器中的异步错误","duration":0.4099999999998545,"failureMessages":[],"meta":{}},{"ancestorTitles":["InMemoryEventBus","性能特性"],"fullName":"InMemoryEventBus 性能特性 应该能处理大量订阅者","status":"passed","title":"应该能处理大量订阅者","duration":87.1215000000002,"failureMessages":[],"meta":{}},{"ancestorTitles":["InMemoryEventBus","性能特性"],"fullName":"InMemoryEventBus 性能特性 应该能处理快速连续发布","status":"passed","title":"应该能处理快速连续发布","duration":0.7871000000004642,"failureMessages":[],"meta":{}}],"startTime":1756056862555,"endTime":1756056862738.787,"status":"passed","message":"","name":"C:/buildgame/vitegame/src/core/events/bus.test.ts"},{"assertionResults":[{"ancestorTitles":["事件命名规范 (EventUtils)","isValidEventName"],"fullName":"事件命名规范 (EventUtils) isValidEventName 应该验证正确的事件名格式","status":"passed","title":"应该验证正确的事件名格式","duration":2.5997000000006665,"failureMessages":[],"meta":{}},{"ancestorTitles":["事件命名规范 (EventUtils)","isValidEventName"],"fullName":"事件命名规范 (EventUtils) isValidEventName 应该拒绝错误的事件名格式","status":"passed","title":"应该拒绝错误的事件名格式","duration":0.46789999999964493,"failureMessages":[],"meta":{}},{"ancestorTitles":["事件命名规范 (EventUtils)"],"fullName":"事件命名规范 (EventUtils) 应该支持事件模式匹配","status":"passed","title":"应该支持事件模式匹配","duration":0.5802000000003318,"failureMessages":[],"meta":{}},{"ancestorTitles":["事件命名规范 (EventUtils)"],"fullName":"事件命名规范 (EventUtils) 应该能推断事件优先级","status":"passed","title":"应该能推断事件优先级","duration":0.5892999999996391,"failureMessages":[],"meta":{}},{"ancestorTitles":["事件优先级 (EventPriority)"],"fullName":"事件优先级 (EventPriority) 应该定义正确的优先级类型","status":"passed","title":"应该定义正确的优先级类型","duration":0.19499999999970896,"failureMessages":[],"meta":{}},{"ancestorTitles":["事件优先级 (EventPriority)"],"fullName":"事件优先级 (EventPriority) 优先级应该支持正确的映射逻辑","status":"passed","title":"优先级应该支持正确的映射逻辑","duration":0.5825999999997293,"failureMessages":[],"meta":{}},{"ancestorTitles":["EventUtils.createEvent 函数"],"fullName":"EventUtils.createEvent 函数 应该创建格式正确的CloudEvents兼容事件","status":"passed","title":"应该创建格式正确的CloudEvents兼容事件","duration":3.0422000000007756,"failureMessages":[],"meta":{}},{"ancestorTitles":["EventUtils.createEvent 函数"],"fullName":"EventUtils.createEvent 函数 应该支持自定义选项","status":"passed","title":"应该支持自定义选项","duration":0.4780000000000655,"failureMessages":[],"meta":{}},{"ancestorTitles":["EventUtils.createEvent 函数"],"fullName":"EventUtils.createEvent 函数 应该为不同事件类型生成正确的载荷类型","status":"passed","title":"应该为不同事件类型生成正确的载荷类型","duration":0.6677999999992608,"failureMessages":[],"meta":{}},{"ancestorTitles":["事件类型验证"],"fullName":"事件类型验证 应该正确识别事件类型结构","status":"passed","title":"应该正确识别事件类型结构","duration":0.5101999999997133,"failureMessages":[],"meta":{}},{"ancestorTitles":["事件类型验证"],"fullName":"事件类型验证 应该支持事件模式匹配验证","status":"passed","title":"应该支持事件模式匹配验证","duration":0.5037999999995009,"failureMessages":[],"meta":{}},{"ancestorTitles":["批量事件创建"],"fullName":"批量事件创建 应该支持批量事件的统一配置","status":"passed","title":"应该支持批量事件的统一配置","duration":2.3661000000001877,"failureMessages":[],"meta":{}},{"ancestorTitles":["批量事件创建"],"fullName":"批量事件创建 批量事件应该有独立的ID和时间戳","status":"passed","title":"批量事件应该有独立的ID和时间戳","duration":0.7064999999993233,"failureMessages":[],"meta":{}},{"ancestorTitles":["批处理配置 (BatchConfig)"],"fullName":"批处理配置 (BatchConfig) 应该有正确的默认配置值","status":"passed","title":"应该有正确的默认配置值","duration":0.3856999999998152,"failureMessages":[],"meta":{}},{"ancestorTitles":["批处理配置 (BatchConfig)"],"fullName":"批处理配置 (BatchConfig) 优先级阈值应该按正确顺序排列","status":"passed","title":"优先级阈值应该按正确顺序排列","duration":0.3540000000002692,"failureMessages":[],"meta":{}},{"ancestorTitles":["事件载荷类型安全性"],"fullName":"事件载荷类型安全性 应该确保EventPayloadMap中所有类型都有对应的载荷定义","status":"passed","title":"应该确保EventPayloadMap中所有类型都有对应的载荷定义","duration":3.5875999999998385,"failureMessages":[],"meta":{}},{"ancestorTitles":["事件载荷类型安全性"],"fullName":"事件载荷类型安全性 事件名称应该与EventPayloadMap键一致","status":"passed","title":"事件名称应该与EventPayloadMap键一致","duration":0.5712000000003172,"failureMessages":[],"meta":{}}],"startTime":1756056862552,"endTime":1756056862570.5876,"status":"passed","message":"","name":"C:/buildgame/vitegame/src/shared/contracts/events.spec.ts"}],"coverageMap":{"C:\\buildgame\\vitegame\\src\\App.tsx":{"path":"C:\\buildgame\\vitegame\\src\\App.tsx","all":false,"statementMap":{"0":{"start":{"line":1,"column":0},"end":{"line":1,"column":53}},"2":{"start":{"line":3,"column":0},"end":{"line":3,"column":16}},"3":{"start":{"line":4,"column":0},"end":{"line":4,"column":10}},"4":{"start":{"line":5,"column":0},"end":{"line":5,"column":74}},"5":{"start":{"line":6,"column":0},"end":{"line":6,"column":43}},"6":{"start":{"line":7,"column":0},"end":{"line":7,"column":73}},"8":{"start":{"line":9,"column":0},"end":{"line":9,"column":13}},"9":{"start":{"line":10,"column":0},"end":{"line":10,"column":61}},"11":{"start":{"line":12,"column":0},"end":{"line":12,"column":12}},"12":{"start":{"line":13,"column":0},"end":{"line":13,"column":15}},"14":{"start":{"line":15,"column":0},"end":{"line":15,"column":44}},"15":{"start":{"line":16,"column":0},"end":{"line":16,"column":69}},"16":{"start":{"line":17,"column":0},"end":{"line":17,"column":13}},"18":{"start":{"line":19,"column":0},"end":{"line":19,"column":62}},"19":{"start":{"line":20,"column":0},"end":{"line":20,"column":11}},"22":{"start":{"line":23,"column":0},"end":{"line":23,"column":12}},"23":{"start":{"line":24,"column":0},"end":{"line":24,"column":15}},"24":{"start":{"line":25,"column":0},"end":{"line":25,"column":10}},"26":{"start":{"line":27,"column":0},"end":{"line":27,"column":1}},"28":{"start":{"line":29,"column":0},"end":{"line":29,"column":19}}},"s":{"0":1,"2":0,"3":0,"4":0,"5":0,"6":0,"8":0,"9":0,"11":0,"12":0,"14":0,"15":0,"16":0,"18":0,"19":0,"22":0,"23":0,"24":0,"26":0,"28":1},"branchMap":{},"b":{},"fnMap":{"0":{"name":"App","decl":{"start":{"line":3,"column":0},"end":{"line":27,"column":1}},"loc":{"start":{"line":3,"column":0},"end":{"line":27,"column":1}},"line":3}},"f":{"0":0}},"C:\\buildgame\\vitegame\\src\\components\\GameCanvas.tsx":{"path":"C:\\buildgame\\vitegame\\src\\components\\GameCanvas.tsx","all":false,"statementMap":{"5":{"start":{"line":6,"column":0},"end":{"line":6,"column":42}},"6":{"start":{"line":7,"column":0},"end":{"line":7,"column":28}},"14":{"start":{"line":15,"column":0},"end":{"line":15,"column":28}},"15":{"start":{"line":16,"column":0},"end":{"line":16,"column":14}},"16":{"start":{"line":17,"column":0},"end":{"line":17,"column":15}},"17":{"start":{"line":18,"column":0},"end":{"line":18,"column":17}},"18":{"start":{"line":19,"column":0},"end":{"line":19,"column":21}},"19":{"start":{"line":20,"column":0},"end":{"line":20,"column":51}},"20":{"start":{"line":21,"column":0},"end":{"line":21,"column":49}},"22":{"start":{"line":23,"column":0},"end":{"line":23,"column":19}},"23":{"start":{"line":24,"column":0},"end":{"line":24,"column":35}},"26":{"start":{"line":27,"column":0},"end":{"line":27,"column":42}},"27":{"start":{"line":28,"column":0},"end":{"line":28,"column":21}},"28":{"start":{"line":29,"column":0},"end":{"line":29,"column":36}},"29":{"start":{"line":30,"column":0},"end":{"line":30,"column":7}},"31":{"start":{"line":32,"column":0},"end":{"line":32,"column":17}},"33":{"start":{"line":34,"column":0},"end":{"line":34,"column":24}},"34":{"start":{"line":35,"column":0},"end":{"line":35,"column":17}},"35":{"start":{"line":36,"column":0},"end":{"line":36,"column":130}},"36":{"start":{"line":37,"column":0},"end":{"line":37,"column":10}},"37":{"start":{"line":38,"column":0},"end":{"line":38,"column":7}},"39":{"start":{"line":40,"column":0},"end":{"line":40,"column":16}},"41":{"start":{"line":42,"column":0},"end":{"line":42,"column":56}},"44":{"start":{"line":45,"column":0},"end":{"line":45,"column":16}},"45":{"start":{"line":46,"column":0},"end":{"line":46,"column":73}},"46":{"start":{"line":47,"column":0},"end":{"line":47,"column":31}},"47":{"start":{"line":48,"column":0},"end":{"line":48,"column":29}},"48":{"start":{"line":49,"column":0},"end":{"line":49,"column":12}},"49":{"start":{"line":50,"column":0},"end":{"line":50,"column":26}},"52":{"start":{"line":53,"column":0},"end":{"line":53,"column":45}},"53":{"start":{"line":54,"column":0},"end":{"line":54,"column":37}},"54":{"start":{"line":55,"column":0},"end":{"line":55,"column":44}},"55":{"start":{"line":56,"column":0},"end":{"line":56,"column":31}},"56":{"start":{"line":57,"column":0},"end":{"line":57,"column":37}},"59":{"start":{"line":60,"column":0},"end":{"line":60,"column":25}},"60":{"start":{"line":61,"column":0},"end":{"line":61,"column":28}},"61":{"start":{"line":62,"column":0},"end":{"line":62,"column":32}},"62":{"start":{"line":63,"column":0},"end":{"line":63,"column":25}},"63":{"start":{"line":64,"column":0},"end":{"line":64,"column":21}},"64":{"start":{"line":65,"column":0},"end":{"line":65,"column":25}},"65":{"start":{"line":66,"column":0},"end":{"line":66,"column":11}},"66":{"start":{"line":67,"column":0},"end":{"line":67,"column":7}},"67":{"start":{"line":68,"column":0},"end":{"line":68,"column":5}},"70":{"start":{"line":71,"column":0},"end":{"line":71,"column":50}},"71":{"start":{"line":72,"column":0},"end":{"line":72,"column":24}},"72":{"start":{"line":73,"column":0},"end":{"line":73,"column":12}},"73":{"start":{"line":74,"column":0},"end":{"line":74,"column":13}},"74":{"start":{"line":75,"column":0},"end":{"line":75,"column":32}},"75":{"start":{"line":76,"column":0},"end":{"line":76,"column":33}},"76":{"start":{"line":77,"column":0},"end":{"line":77,"column":23}},"77":{"start":{"line":78,"column":0},"end":{"line":78,"column":16}},"78":{"start":{"line":79,"column":0},"end":{"line":79,"column":26}},"79":{"start":{"line":80,"column":0},"end":{"line":80,"column":17}},"80":{"start":{"line":81,"column":0},"end":{"line":81,"column":34}},"81":{"start":{"line":82,"column":0},"end":{"line":82,"column":23}},"82":{"start":{"line":83,"column":0},"end":{"line":83,"column":10}},"83":{"start":{"line":84,"column":0},"end":{"line":84,"column":8}},"84":{"start":{"line":85,"column":0},"end":{"line":85,"column":14}},"85":{"start":{"line":86,"column":0},"end":{"line":86,"column":31}},"86":{"start":{"line":87,"column":0},"end":{"line":87,"column":45}},"87":{"start":{"line":88,"column":0},"end":{"line":88,"column":8}},"88":{"start":{"line":89,"column":0},"end":{"line":89,"column":6}},"91":{"start":{"line":92,"column":0},"end":{"line":92,"column":46}},"94":{"start":{"line":95,"column":0},"end":{"line":95,"column":18}},"95":{"start":{"line":96,"column":0},"end":{"line":96,"column":28}},"96":{"start":{"line":97,"column":0},"end":{"line":97,"column":38}},"97":{"start":{"line":98,"column":0},"end":{"line":98,"column":31}},"98":{"start":{"line":99,"column":0},"end":{"line":99,"column":7}},"99":{"start":{"line":100,"column":0},"end":{"line":100,"column":6}},"100":{"start":{"line":101,"column":0},"end":{"line":101,"column":22}},"102":{"start":{"line":103,"column":0},"end":{"line":103,"column":10}},"103":{"start":{"line":104,"column":0},"end":{"line":104,"column":8}},"104":{"start":{"line":105,"column":0},"end":{"line":105,"column":21}},"105":{"start":{"line":106,"column":0},"end":{"line":106,"column":44}},"106":{"start":{"line":107,"column":0},"end":{"line":107,"column":14}},"107":{"start":{"line":108,"column":0},"end":{"line":108,"column":24}},"108":{"start":{"line":109,"column":0},"end":{"line":109,"column":33}},"109":{"start":{"line":110,"column":0},"end":{"line":110,"column":29}},"110":{"start":{"line":111,"column":0},"end":{"line":111,"column":36}},"111":{"start":{"line":112,"column":0},"end":{"line":112,"column":28}},"112":{"start":{"line":113,"column":0},"end":{"line":113,"column":24}},"113":{"start":{"line":114,"column":0},"end":{"line":114,"column":8}},"114":{"start":{"line":115,"column":0},"end":{"line":115,"column":6}},"116":{"start":{"line":117,"column":0},"end":{"line":117,"column":1}}},"s":{"5":1,"6":1,"14":1,"15":0,"16":0,"17":0,"18":0,"19":0,"20":0,"22":0,"23":0,"26":0,"27":0,"28":0,"29":0,"31":0,"33":0,"34":0,"35":0,"36":0,"37":0,"39":0,"41":0,"44":0,"45":0,"46":0,"47":0,"48":0,"49":0,"52":0,"53":0,"54":0,"55":0,"56":0,"59":0,"60":0,"61":0,"62":0,"63":0,"64":0,"65":0,"66":0,"67":0,"70":0,"71":0,"72":0,"73":0,"74":0,"75":0,"76":0,"77":0,"78":0,"79":0,"80":0,"81":0,"82":0,"83":0,"84":0,"85":0,"86":0,"87":0,"88":0,"91":0,"94":0,"95":0,"96":0,"97":0,"98":0,"99":0,"100":0,"102":0,"103":0,"104":0,"105":0,"106":0,"107":0,"108":0,"109":0,"110":0,"111":0,"112":0,"113":0,"114":0,"116":0},"branchMap":{},"b":{},"fnMap":{"0":{"name":"GameCanvas","decl":{"start":{"line":15,"column":7},"end":{"line":117,"column":1}},"loc":{"start":{"line":15,"column":7},"end":{"line":117,"column":1}},"line":15}},"f":{"0":0}},"C:\\buildgame\\vitegame\\src\\core\\events\\bus.ts":{"path":"C:\\buildgame\\vitegame\\src\\core\\events\\bus.ts","all":false,"statementMap":{"15":{"start":{"line":16,"column":0},"end":{"line":16,"column":51}},"16":{"start":{"line":17,"column":0},"end":{"line":17,"column":71}},"18":{"start":{"line":19,"column":0},"end":{"line":19,"column":45}},"19":{"start":{"line":20,"column":0},"end":{"line":20,"column":41}},"20":{"start":{"line":21,"column":0},"end":{"line":21,"column":55}},"21":{"start":{"line":22,"column":0},"end":{"line":22,"column":49}},"22":{"start":{"line":23,"column":0},"end":{"line":23,"column":37}},"23":{"start":{"line":24,"column":0},"end":{"line":24,"column":3}},"25":{"start":{"line":26,"column":0},"end":{"line":26,"column":43}},"26":{"start":{"line":27,"column":0},"end":{"line":27,"column":20}},"27":{"start":{"line":28,"column":0},"end":{"line":28,"column":28}},"28":{"start":{"line":29,"column":0},"end":{"line":29,"column":19}},"29":{"start":{"line":30,"column":0},"end":{"line":30,"column":47}},"30":{"start":{"line":31,"column":0},"end":{"line":31,"column":30}},"31":{"start":{"line":32,"column":0},"end":{"line":32,"column":43}},"32":{"start":{"line":33,"column":0},"end":{"line":33,"column":22}},"33":{"start":{"line":34,"column":0},"end":{"line":34,"column":12}},"34":{"start":{"line":35,"column":0},"end":{"line":35,"column":26}},"35":{"start":{"line":36,"column":0},"end":{"line":36,"column":28}},"36":{"start":{"line":37,"column":0},"end":{"line":37,"column":50}},"37":{"start":{"line":38,"column":0},"end":{"line":38,"column":48}},"38":{"start":{"line":39,"column":0},"end":{"line":39,"column":41}},"39":{"start":{"line":40,"column":0},"end":{"line":40,"column":46}},"40":{"start":{"line":41,"column":0},"end":{"line":41,"column":37}},"41":{"start":{"line":42,"column":0},"end":{"line":42,"column":8}},"42":{"start":{"line":43,"column":0},"end":{"line":43,"column":6}},"43":{"start":{"line":44,"column":0},"end":{"line":44,"column":3}},"45":{"start":{"line":46,"column":0},"end":{"line":46,"column":17}},"46":{"start":{"line":47,"column":0},"end":{"line":47,"column":26}},"47":{"start":{"line":48,"column":0},"end":{"line":48,"column":3}},"48":{"start":{"line":49,"column":0},"end":{"line":49,"column":1}}},"s":{"15":1,"16":19,"18":19,"19":118,"20":118,"21":118,"22":118,"23":118,"25":19,"26":1020,"27":1020,"28":1020,"29":1020,"30":1020,"31":1020,"32":1020,"33":1020,"34":1020,"35":4,"36":4,"37":4,"38":4,"39":3,"40":3,"41":4,"42":1020,"43":1020,"45":19,"46":1,"47":1,"48":19},"branchMap":{"0":{"type":"branch","line":16,"loc":{"start":{"line":16,"column":50},"end":{"line":49,"column":1}},"locations":[{"start":{"line":16,"column":50},"end":{"line":49,"column":1}}]},"1":{"type":"branch","line":19,"loc":{"start":{"line":19,"column":2},"end":{"line":24,"column":3}},"locations":[{"start":{"line":19,"column":2},"end":{"line":24,"column":3}}]},"2":{"type":"branch","line":21,"loc":{"start":{"line":21,"column":6},"end":{"line":21,"column":55}},"locations":[{"start":{"line":21,"column":6},"end":{"line":21,"column":55}}]},"3":{"type":"branch","line":21,"loc":{"start":{"line":21,"column":53},"end":{"line":22,"column":46}},"locations":[{"start":{"line":21,"column":53},"end":{"line":22,"column":46}}]},"4":{"type":"branch","line":22,"loc":{"start":{"line":22,"column":41},"end":{"line":22,"column":49}},"locations":[{"start":{"line":22,"column":41},"end":{"line":22,"column":49}}]},"5":{"type":"branch","line":23,"loc":{"start":{"line":23,"column":26},"end":{"line":23,"column":37}},"locations":[{"start":{"line":23,"column":26},"end":{"line":23,"column":37}}]},"6":{"type":"branch","line":23,"loc":{"start":{"line":23,"column":35},"end":{"line":23,"column":37}},"locations":[{"start":{"line":23,"column":35},"end":{"line":23,"column":37}}]},"7":{"type":"branch","line":26,"loc":{"start":{"line":26,"column":2},"end":{"line":44,"column":3}},"locations":[{"start":{"line":26,"column":2},"end":{"line":44,"column":3}}]},"8":{"type":"branch","line":30,"loc":{"start":{"line":30,"column":39},"end":{"line":30,"column":47}},"locations":[{"start":{"line":30,"column":39},"end":{"line":30,"column":47}}]},"9":{"type":"branch","line":35,"loc":{"start":{"line":35,"column":19},"end":{"line":42,"column":8}},"locations":[{"start":{"line":35,"column":19},"end":{"line":42,"column":8}}]},"10":{"type":"branch","line":36,"loc":{"start":{"line":36,"column":21},"end":{"line":36,"column":28}},"locations":[{"start":{"line":36,"column":21},"end":{"line":36,"column":28}}]},"11":{"type":"branch","line":36,"loc":{"start":{"line":36,"column":21},"end":{"line":37,"column":47}},"locations":[{"start":{"line":36,"column":21},"end":{"line":37,"column":47}}]},"12":{"type":"branch","line":37,"loc":{"start":{"line":37,"column":42},"end":{"line":37,"column":50}},"locations":[{"start":{"line":37,"column":42},"end":{"line":37,"column":50}}]},"13":{"type":"branch","line":39,"loc":{"start":{"line":39,"column":22},"end":{"line":41,"column":37}},"locations":[{"start":{"line":39,"column":22},"end":{"line":41,"column":37}}]},"14":{"type":"branch","line":46,"loc":{"start":{"line":46,"column":2},"end":{"line":48,"column":3}},"locations":[{"start":{"line":46,"column":2},"end":{"line":48,"column":3}}]}},"b":{"0":[19],"1":[118],"2":[3],"3":[115],"4":[3],"5":[1113],"6":[113],"7":[1020],"8":[17],"9":[4],"10":[1],"11":[3],"12":[0],"13":[3],"14":[1]},"fnMap":{"0":{"name":"<instance_members_initializer>","decl":{"start":{"line":16,"column":50},"end":{"line":49,"column":1}},"loc":{"start":{"line":16,"column":50},"end":{"line":49,"column":1}},"line":16},"1":{"name":"publish","decl":{"start":{"line":19,"column":2},"end":{"line":24,"column":3}},"loc":{"start":{"line":19,"column":2},"end":{"line":24,"column":3}},"line":19},"2":{"name":"subscribe","decl":{"start":{"line":26,"column":2},"end":{"line":44,"column":3}},"loc":{"start":{"line":26,"column":2},"end":{"line":44,"column":3}},"line":26},"3":{"name":"unsubscribe","decl":{"start":{"line":35,"column":19},"end":{"line":42,"column":8}},"loc":{"start":{"line":35,"column":19},"end":{"line":42,"column":8}},"line":35},"4":{"name":"clear","decl":{"start":{"line":46,"column":2},"end":{"line":48,"column":3}},"loc":{"start":{"line":46,"column":2},"end":{"line":48,"column":3}},"line":46}},"f":{"0":19,"1":118,"2":1020,"3":4,"4":1}},"C:\\buildgame\\vitegame\\src\\shared\\contracts\\events.ts":{"path":"C:\\buildgame\\vitegame\\src\\shared\\contracts\\events.ts","all":false,"statementMap":{"392":{"start":{"line":393,"column":0},"end":{"line":393,"column":50}},"393":{"start":{"line":394,"column":0},"end":{"line":394,"column":20}},"394":{"start":{"line":395,"column":0},"end":{"line":395,"column":19}},"395":{"start":{"line":396,"column":0},"end":{"line":396,"column":23}},"396":{"start":{"line":397,"column":0},"end":{"line":397,"column":16}},"397":{"start":{"line":398,"column":0},"end":{"line":398,"column":12}},"398":{"start":{"line":399,"column":0},"end":{"line":399,"column":15}},"399":{"start":{"line":400,"column":0},"end":{"line":400,"column":13}},"400":{"start":{"line":401,"column":0},"end":{"line":401,"column":4}},"401":{"start":{"line":402,"column":0},"end":{"line":402,"column":2}},"406":{"start":{"line":407,"column":0},"end":{"line":407,"column":42}},"407":{"start":{"line":408,"column":0},"end":{"line":408,"column":14}},"408":{"start":{"line":409,"column":0},"end":{"line":409,"column":20}},"409":{"start":{"line":410,"column":0},"end":{"line":410,"column":33}},"410":{"start":{"line":411,"column":0},"end":{"line":411,"column":39}},"411":{"start":{"line":412,"column":0},"end":{"line":412,"column":5}},"412":{"start":{"line":413,"column":0},"end":{"line":413,"column":19}},"413":{"start":{"line":414,"column":0},"end":{"line":414,"column":32}},"414":{"start":{"line":415,"column":0},"end":{"line":415,"column":3}},"415":{"start":{"line":416,"column":0},"end":{"line":416,"column":1}},"417":{"start":{"line":418,"column":0},"end":{"line":418,"column":60}},"418":{"start":{"line":419,"column":0},"end":{"line":419,"column":60}},"419":{"start":{"line":420,"column":0},"end":{"line":420,"column":43}},"420":{"start":{"line":421,"column":0},"end":{"line":421,"column":3}},"421":{"start":{"line":422,"column":0},"end":{"line":422,"column":1}},"423":{"start":{"line":424,"column":0},"end":{"line":424,"column":54}},"424":{"start":{"line":425,"column":0},"end":{"line":425,"column":56}},"425":{"start":{"line":426,"column":0},"end":{"line":426,"column":44}},"426":{"start":{"line":427,"column":0},"end":{"line":427,"column":3}},"427":{"start":{"line":428,"column":0},"end":{"line":428,"column":1}},"434":{"start":{"line":435,"column":0},"end":{"line":435,"column":30}},"437":{"start":{"line":438,"column":0},"end":{"line":438,"column":55}},"440":{"start":{"line":441,"column":0},"end":{"line":441,"column":53}},"443":{"start":{"line":444,"column":0},"end":{"line":444,"column":59}},"447":{"start":{"line":448,"column":0},"end":{"line":448,"column":53}},"450":{"start":{"line":451,"column":0},"end":{"line":451,"column":51}},"453":{"start":{"line":454,"column":0},"end":{"line":454,"column":57}},"457":{"start":{"line":458,"column":0},"end":{"line":458,"column":51}},"460":{"start":{"line":461,"column":0},"end":{"line":461,"column":63}},"463":{"start":{"line":464,"column":0},"end":{"line":464,"column":55}},"467":{"start":{"line":468,"column":0},"end":{"line":468,"column":49}},"470":{"start":{"line":471,"column":0},"end":{"line":471,"column":44}},"473":{"start":{"line":474,"column":0},"end":{"line":474,"column":44}},"474":{"start":{"line":475,"column":0},"end":{"line":475,"column":11}},"481":{"start":{"line":482,"column":0},"end":{"line":482,"column":63}},"483":{"start":{"line":484,"column":0},"end":{"line":484,"column":51}},"484":{"start":{"line":485,"column":0},"end":{"line":485,"column":53}},"485":{"start":{"line":486,"column":0},"end":{"line":486,"column":52}},"486":{"start":{"line":487,"column":0},"end":{"line":487,"column":51}},"489":{"start":{"line":490,"column":0},"end":{"line":490,"column":50}},"490":{"start":{"line":491,"column":0},"end":{"line":491,"column":53}},"491":{"start":{"line":492,"column":0},"end":{"line":492,"column":52}},"494":{"start":{"line":495,"column":0},"end":{"line":495,"column":48}},"495":{"start":{"line":496,"column":0},"end":{"line":496,"column":51}},"496":{"start":{"line":497,"column":0},"end":{"line":497,"column":2}},"501":{"start":{"line":502,"column":0},"end":{"line":502,"column":29}},"505":{"start":{"line":506,"column":0},"end":{"line":506,"column":33}},"506":{"start":{"line":507,"column":0},"end":{"line":507,"column":20}},"507":{"start":{"line":508,"column":0},"end":{"line":508,"column":24}},"508":{"start":{"line":509,"column":0},"end":{"line":509,"column":12}},"509":{"start":{"line":510,"column":0},"end":{"line":510,"column":14}},"513":{"start":{"line":514,"column":0},"end":{"line":514,"column":10}},"514":{"start":{"line":515,"column":0},"end":{"line":515,"column":21}},"515":{"start":{"line":516,"column":0},"end":{"line":516,"column":12}},"516":{"start":{"line":517,"column":0},"end":{"line":517,"column":25}},"517":{"start":{"line":518,"column":0},"end":{"line":518,"column":11}},"518":{"start":{"line":519,"column":0},"end":{"line":519,"column":13}},"519":{"start":{"line":520,"column":0},"end":{"line":520,"column":30}},"520":{"start":{"line":521,"column":0},"end":{"line":521,"column":37}},"521":{"start":{"line":522,"column":0},"end":{"line":522,"column":11}},"522":{"start":{"line":523,"column":0},"end":{"line":523,"column":45}},"523":{"start":{"line":524,"column":0},"end":{"line":524,"column":42}},"524":{"start":{"line":525,"column":0},"end":{"line":525,"column":35}},"525":{"start":{"line":526,"column":0},"end":{"line":526,"column":69}},"526":{"start":{"line":527,"column":0},"end":{"line":527,"column":30}},"527":{"start":{"line":528,"column":0},"end":{"line":528,"column":6}},"528":{"start":{"line":529,"column":0},"end":{"line":529,"column":3}},"533":{"start":{"line":534,"column":0},"end":{"line":534,"column":69}},"534":{"start":{"line":535,"column":0},"end":{"line":535,"column":34}},"535":{"start":{"line":536,"column":0},"end":{"line":536,"column":84}},"536":{"start":{"line":537,"column":0},"end":{"line":537,"column":3}},"541":{"start":{"line":542,"column":0},"end":{"line":542,"column":82}},"542":{"start":{"line":543,"column":0},"end":{"line":543,"column":29}},"543":{"start":{"line":544,"column":0},"end":{"line":544,"column":71}},"544":{"start":{"line":545,"column":0},"end":{"line":545,"column":6}},"545":{"start":{"line":546,"column":0},"end":{"line":546,"column":33}},"546":{"start":{"line":547,"column":0},"end":{"line":547,"column":3}},"551":{"start":{"line":552,"column":0},"end":{"line":552,"column":70}},"552":{"start":{"line":553,"column":0},"end":{"line":553,"column":72}},"553":{"start":{"line":554,"column":0},"end":{"line":554,"column":47}},"554":{"start":{"line":555,"column":0},"end":{"line":555,"column":24}},"555":{"start":{"line":556,"column":0},"end":{"line":556,"column":7}},"556":{"start":{"line":557,"column":0},"end":{"line":557,"column":5}},"557":{"start":{"line":558,"column":0},"end":{"line":558,"column":29}},"558":{"start":{"line":559,"column":0},"end":{"line":559,"column":3}}},"s":{"392":1,"393":1,"394":1,"395":1,"396":1,"397":1,"398":1,"399":1,"400":1,"401":1,"406":1,"407":1,"408":0,"409":0,"410":0,"411":0,"412":0,"413":0,"414":0,"415":1,"417":1,"418":1,"419":0,"420":0,"421":1,"423":1,"424":1,"425":0,"426":0,"427":1,"434":1,"437":1,"440":1,"443":1,"447":1,"450":1,"453":1,"457":1,"460":1,"463":1,"467":1,"470":1,"473":1,"474":1,"481":1,"483":1,"484":1,"485":1,"486":1,"489":1,"490":1,"491":1,"494":1,"495":1,"496":1,"501":1,"505":1,"506":13,"507":13,"508":13,"509":13,"513":13,"514":13,"515":13,"516":13,"517":13,"518":13,"519":13,"520":13,"521":13,"522":13,"523":13,"524":13,"525":13,"526":13,"527":13,"528":13,"533":1,"534":16,"535":16,"536":16,"541":1,"542":33,"543":33,"544":33,"545":33,"546":33,"551":1,"552":3,"553":27,"554":0,"555":0,"556":27,"557":3,"558":3},"branchMap":{"0":{"type":"branch","line":502,"loc":{"start":{"line":502,"column":7},"end":{"line":552,"column":32}},"locations":[{"start":{"line":502,"column":7},"end":{"line":552,"column":32}}]},"1":{"type":"branch","line":506,"loc":{"start":{"line":506,"column":9},"end":{"line":529,"column":3}},"locations":[{"start":{"line":506,"column":9},"end":{"line":529,"column":3}}]},"2":{"type":"branch","line":523,"loc":{"start":{"line":523,"column":24},"end":{"line":523,"column":45}},"locations":[{"start":{"line":523,"column":24},"end":{"line":523,"column":45}}]},"3":{"type":"branch","line":526,"loc":{"start":{"line":526,"column":31},"end":{"line":526,"column":69}},"locations":[{"start":{"line":526,"column":31},"end":{"line":526,"column":69}}]},"4":{"type":"branch","line":534,"loc":{"start":{"line":534,"column":9},"end":{"line":537,"column":3}},"locations":[{"start":{"line":534,"column":9},"end":{"line":537,"column":3}}]},"5":{"type":"branch","line":536,"loc":{"start":{"line":536,"column":28},"end":{"line":536,"column":84}},"locations":[{"start":{"line":536,"column":28},"end":{"line":536,"column":84}}]},"6":{"type":"branch","line":536,"loc":{"start":{"line":536,"column":45},"end":{"line":536,"column":82}},"locations":[{"start":{"line":536,"column":45},"end":{"line":536,"column":82}}]},"7":{"type":"branch","line":542,"loc":{"start":{"line":542,"column":9},"end":{"line":547,"column":3}},"locations":[{"start":{"line":542,"column":9},"end":{"line":547,"column":3}}]},"8":{"type":"branch","line":552,"loc":{"start":{"line":552,"column":9},"end":{"line":559,"column":3}},"locations":[{"start":{"line":552,"column":9},"end":{"line":559,"column":3}}]},"9":{"type":"branch","line":553,"loc":{"start":{"line":553,"column":71},"end":{"line":557,"column":5}},"locations":[{"start":{"line":553,"column":71},"end":{"line":557,"column":5}}]},"10":{"type":"branch","line":554,"loc":{"start":{"line":554,"column":46},"end":{"line":556,"column":7}},"locations":[{"start":{"line":554,"column":46},"end":{"line":556,"column":7}}]}},"b":{"0":[1],"1":[13],"2":[7],"3":[12],"4":[16],"5":[12],"6":[32],"7":[33],"8":[3],"9":[27],"10":[0]},"fnMap":{"0":{"name":"EventBusError","decl":{"start":{"line":408,"column":2},"end":{"line":415,"column":3}},"loc":{"start":{"line":408,"column":2},"end":{"line":415,"column":3}},"line":408},"1":{"name":"CircuitBreakerOpenError","decl":{"start":{"line":419,"column":2},"end":{"line":421,"column":3}},"loc":{"start":{"line":419,"column":2},"end":{"line":421,"column":3}},"line":419},"2":{"name":"BackpressureError","decl":{"start":{"line":425,"column":2},"end":{"line":427,"column":3}},"loc":{"start":{"line":425,"column":2},"end":{"line":427,"column":3}},"line":425},"3":{"name":"createEvent","decl":{"start":{"line":506,"column":9},"end":{"line":529,"column":3}},"loc":{"start":{"line":506,"column":9},"end":{"line":529,"column":3}},"line":506},"4":{"name":"isValidEventName","decl":{"start":{"line":534,"column":9},"end":{"line":537,"column":3}},"loc":{"start":{"line":534,"column":9},"end":{"line":537,"column":3}},"line":534},"5":{"name":"matchesPattern","decl":{"start":{"line":542,"column":9},"end":{"line":547,"column":3}},"loc":{"start":{"line":542,"column":9},"end":{"line":547,"column":3}},"line":542},"6":{"name":"inferPriority","decl":{"start":{"line":552,"column":9},"end":{"line":559,"column":3}},"loc":{"start":{"line":552,"column":9},"end":{"line":559,"column":3}},"line":552}},"f":{"0":0,"1":0,"2":0,"3":13,"4":16,"5":33,"6":3}},"C:\\buildgame\\vitegame\\src\\main.tsx":{"path":"C:\\buildgame\\vitegame\\src\\main.tsx","all":true,"statementMap":{"0":{"start":{"line":1,"column":0},"end":{"line":1,"column":35}},"1":{"start":{"line":2,"column":0},"end":{"line":2,"column":46}},"2":{"start":{"line":3,"column":0},"end":{"line":3,"column":30}},"3":{"start":{"line":4,"column":0},"end":{"line":4,"column":28}},"5":{"start":{"line":6,"column":0},"end":{"line":6,"column":52}},"6":{"start":{"line":7,"column":0},"end":{"line":7,"column":14}},"7":{"start":{"line":8,"column":0},"end":{"line":8,"column":11}},"8":{"start":{"line":9,"column":0},"end":{"line":9,"column":15}},"9":{"start":{"line":10,"column":0},"end":{"line":10,"column":2}}},"s":{"0":0,"1":0,"2":0,"3":0,"5":0,"6":0,"7":0,"8":0,"9":0},"branchMap":{"0":{"type":"branch","line":1,"loc":{"start":{"line":1,"column":216},"end":{"line":10,"column":-158}},"locations":[{"start":{"line":1,"column":216},"end":{"line":10,"column":-158}}]}},"b":{"0":[0]},"fnMap":{"0":{"name":"(empty-report)","decl":{"start":{"line":1,"column":216},"end":{"line":10,"column":-158}},"loc":{"start":{"line":1,"column":216},"end":{"line":10,"column":-158}},"line":1}},"f":{"0":0}},"C:\\buildgame\\vitegame\\src\\security\\monitoring.ts":{"path":"C:\\buildgame\\vitegame\\src\\security\\monitoring.ts","all":true,"statementMap":{"19":{"start":{"line":20,"column":0},"end":{"line":20,"column":23}},"20":{"start":{"line":21,"column":0},"end":{"line":21,"column":39}},"21":{"start":{"line":22,"column":0},"end":{"line":22,"column":38}},"22":{"start":{"line":23,"column":0},"end":{"line":23,"column":27}},"23":{"start":{"line":24,"column":0},"end":{"line":24,"column":33}},"24":{"start":{"line":25,"column":0},"end":{"line":25,"column":28}},"25":{"start":{"line":26,"column":0},"end":{"line":26,"column":19}},"26":{"start":{"line":27,"column":0},"end":{"line":27,"column":25}},"27":{"start":{"line":28,"column":0},"end":{"line":28,"column":4}},"29":{"start":{"line":30,"column":0},"end":{"line":30,"column":37}},"30":{"start":{"line":31,"column":0},"end":{"line":31,"column":39}},"31":{"start":{"line":32,"column":0},"end":{"line":32,"column":27}},"32":{"start":{"line":33,"column":0},"end":{"line":33,"column":34}},"33":{"start":{"line":34,"column":0},"end":{"line":34,"column":28}},"34":{"start":{"line":35,"column":0},"end":{"line":35,"column":34}},"35":{"start":{"line":36,"column":0},"end":{"line":36,"column":27}},"36":{"start":{"line":37,"column":0},"end":{"line":37,"column":4}},"41":{"start":{"line":42,"column":0},"end":{"line":42,"column":67}},"42":{"start":{"line":43,"column":0},"end":{"line":43,"column":42}},"43":{"start":{"line":44,"column":0},"end":{"line":44,"column":15}},"44":{"start":{"line":45,"column":0},"end":{"line":45,"column":28}},"45":{"start":{"line":46,"column":0},"end":{"line":46,"column":6}},"47":{"start":{"line":48,"column":0},"end":{"line":48,"column":36}},"50":{"start":{"line":51,"column":0},"end":{"line":51,"column":47}},"51":{"start":{"line":52,"column":0},"end":{"line":52,"column":56}},"52":{"start":{"line":53,"column":0},"end":{"line":53,"column":5}},"55":{"start":{"line":56,"column":0},"end":{"line":56,"column":45}},"58":{"start":{"line":59,"column":0},"end":{"line":59,"column":35}},"59":{"start":{"line":60,"column":0},"end":{"line":60,"column":3}},"64":{"start":{"line":65,"column":0},"end":{"line":65,"column":65}},"65":{"start":{"line":66,"column":0},"end":{"line":66,"column":58}},"68":{"start":{"line":69,"column":0},"end":{"line":69,"column":34}},"69":{"start":{"line":70,"column":0},"end":{"line":70,"column":3}},"74":{"start":{"line":75,"column":0},"end":{"line":75,"column":20}},"75":{"start":{"line":76,"column":0},"end":{"line":76,"column":41}},"76":{"start":{"line":77,"column":0},"end":{"line":77,"column":35}},"77":{"start":{"line":78,"column":0},"end":{"line":78,"column":16}},"78":{"start":{"line":79,"column":0},"end":{"line":79,"column":22}},"79":{"start":{"line":80,"column":0},"end":{"line":80,"column":37}},"81":{"start":{"line":82,"column":0},"end":{"line":82,"column":19}},"82":{"start":{"line":83,"column":0},"end":{"line":83,"column":75}},"83":{"start":{"line":84,"column":0},"end":{"line":84,"column":5}},"85":{"start":{"line":86,"column":0},"end":{"line":86,"column":16}},"86":{"start":{"line":87,"column":0},"end":{"line":87,"column":69}},"87":{"start":{"line":88,"column":0},"end":{"line":88,"column":5}},"89":{"start":{"line":90,"column":0},"end":{"line":90,"column":16}},"90":{"start":{"line":91,"column":0},"end":{"line":91,"column":72}},"91":{"start":{"line":92,"column":0},"end":{"line":92,"column":5}},"93":{"start":{"line":94,"column":0},"end":{"line":94,"column":31}},"94":{"start":{"line":95,"column":0},"end":{"line":95,"column":61}},"95":{"start":{"line":96,"column":0},"end":{"line":96,"column":6}},"96":{"start":{"line":97,"column":0},"end":{"line":97,"column":3}},"101":{"start":{"line":102,"column":0},"end":{"line":102,"column":41}},"102":{"start":{"line":103,"column":0},"end":{"line":103,"column":31}},"103":{"start":{"line":104,"column":0},"end":{"line":104,"column":3}},"108":{"start":{"line":109,"column":0},"end":{"line":109,"column":60}},"109":{"start":{"line":110,"column":0},"end":{"line":110,"column":37}},"110":{"start":{"line":111,"column":0},"end":{"line":111,"column":67}},"111":{"start":{"line":112,"column":0},"end":{"line":112,"column":5}},"114":{"start":{"line":115,"column":0},"end":{"line":115,"column":29}},"115":{"start":{"line":116,"column":0},"end":{"line":116,"column":18}},"116":{"start":{"line":117,"column":0},"end":{"line":117,"column":12}},"117":{"start":{"line":118,"column":0},"end":{"line":118,"column":45}},"118":{"start":{"line":119,"column":0},"end":{"line":119,"column":51}},"119":{"start":{"line":120,"column":0},"end":{"line":120,"column":11}},"120":{"start":{"line":121,"column":0},"end":{"line":121,"column":78}},"121":{"start":{"line":122,"column":0},"end":{"line":122,"column":9}},"122":{"start":{"line":123,"column":0},"end":{"line":123,"column":14}},"124":{"start":{"line":125,"column":0},"end":{"line":125,"column":21}},"125":{"start":{"line":126,"column":0},"end":{"line":126,"column":12}},"126":{"start":{"line":127,"column":0},"end":{"line":127,"column":51}},"127":{"start":{"line":128,"column":0},"end":{"line":128,"column":57}},"128":{"start":{"line":129,"column":0},"end":{"line":129,"column":11}},"129":{"start":{"line":130,"column":0},"end":{"line":130,"column":75}},"130":{"start":{"line":131,"column":0},"end":{"line":131,"column":9}},"131":{"start":{"line":132,"column":0},"end":{"line":132,"column":14}},"133":{"start":{"line":134,"column":0},"end":{"line":134,"column":18}},"134":{"start":{"line":135,"column":0},"end":{"line":135,"column":12}},"135":{"start":{"line":136,"column":0},"end":{"line":136,"column":46}},"136":{"start":{"line":137,"column":0},"end":{"line":137,"column":52}},"137":{"start":{"line":138,"column":0},"end":{"line":138,"column":11}},"138":{"start":{"line":139,"column":0},"end":{"line":139,"column":79}},"139":{"start":{"line":140,"column":0},"end":{"line":140,"column":9}},"140":{"start":{"line":141,"column":0},"end":{"line":141,"column":14}},"141":{"start":{"line":142,"column":0},"end":{"line":142,"column":5}},"142":{"start":{"line":143,"column":0},"end":{"line":143,"column":3}},"147":{"start":{"line":148,"column":0},"end":{"line":148,"column":42}},"148":{"start":{"line":149,"column":0},"end":{"line":149,"column":76}},"149":{"start":{"line":150,"column":0},"end":{"line":150,"column":73}},"150":{"start":{"line":151,"column":0},"end":{"line":151,"column":38}},"151":{"start":{"line":152,"column":0},"end":{"line":152,"column":26}},"152":{"start":{"line":153,"column":0},"end":{"line":153,"column":101}},"153":{"start":{"line":154,"column":0},"end":{"line":154,"column":10}},"154":{"start":{"line":155,"column":0},"end":{"line":155,"column":7}},"155":{"start":{"line":156,"column":0},"end":{"line":156,"column":7}},"156":{"start":{"line":157,"column":0},"end":{"line":157,"column":3}},"161":{"start":{"line":162,"column":0},"end":{"line":162,"column":70}},"162":{"start":{"line":163,"column":0},"end":{"line":163,"column":19}},"163":{"start":{"line":164,"column":0},"end":{"line":164,"column":28}},"164":{"start":{"line":165,"column":0},"end":{"line":165,"column":14}},"165":{"start":{"line":166,"column":0},"end":{"line":166,"column":12}},"166":{"start":{"line":167,"column":0},"end":{"line":167,"column":41}},"167":{"start":{"line":168,"column":0},"end":{"line":168,"column":6}},"170":{"start":{"line":171,"column":0},"end":{"line":171,"column":32}},"178":{"start":{"line":179,"column":0},"end":{"line":179,"column":47}},"179":{"start":{"line":180,"column":0},"end":{"line":180,"column":3}},"184":{"start":{"line":185,"column":0},"end":{"line":185,"column":50}},"185":{"start":{"line":186,"column":0},"end":{"line":186,"column":22}},"186":{"start":{"line":187,"column":0},"end":{"line":187,"column":47}},"187":{"start":{"line":188,"column":0},"end":{"line":188,"column":25}},"188":{"start":{"line":189,"column":0},"end":{"line":189,"column":31}},"189":{"start":{"line":190,"column":0},"end":{"line":190,"column":29}},"190":{"start":{"line":191,"column":0},"end":{"line":191,"column":29}},"191":{"start":{"line":192,"column":0},"end":{"line":192,"column":27}},"192":{"start":{"line":193,"column":0},"end":{"line":193,"column":6}},"195":{"start":{"line":196,"column":0},"end":{"line":196,"column":73}},"196":{"start":{"line":197,"column":0},"end":{"line":197,"column":3}},"201":{"start":{"line":202,"column":0},"end":{"line":202,"column":45}},"203":{"start":{"line":204,"column":0},"end":{"line":204,"column":72}},"204":{"start":{"line":205,"column":0},"end":{"line":205,"column":3}},"209":{"start":{"line":210,"column":0},"end":{"line":210,"column":53}},"218":{"start":{"line":219,"column":0},"end":{"line":219,"column":5}},"219":{"start":{"line":220,"column":0},"end":{"line":220,"column":70}},"220":{"start":{"line":221,"column":0},"end":{"line":221,"column":77}},"222":{"start":{"line":223,"column":0},"end":{"line":223,"column":47}},"223":{"start":{"line":224,"column":0},"end":{"line":224,"column":33}},"224":{"start":{"line":225,"column":0},"end":{"line":225,"column":13}},"225":{"start":{"line":226,"column":0},"end":{"line":226,"column":46}},"226":{"start":{"line":227,"column":0},"end":{"line":227,"column":32}},"227":{"start":{"line":228,"column":0},"end":{"line":228,"column":13}},"229":{"start":{"line":230,"column":0},"end":{"line":230,"column":53}},"230":{"start":{"line":231,"column":0},"end":{"line":231,"column":35}},"231":{"start":{"line":232,"column":0},"end":{"line":232,"column":79}},"232":{"start":{"line":233,"column":0},"end":{"line":233,"column":7}},"234":{"start":{"line":235,"column":0},"end":{"line":235,"column":55}},"235":{"start":{"line":236,"column":0},"end":{"line":236,"column":36}},"236":{"start":{"line":237,"column":0},"end":{"line":237,"column":18}},"237":{"start":{"line":238,"column":0},"end":{"line":238,"column":37}},"239":{"start":{"line":240,"column":0},"end":{"line":240,"column":12}},"240":{"start":{"line":241,"column":0},"end":{"line":241,"column":16}},"241":{"start":{"line":242,"column":0},"end":{"line":242,"column":41}},"242":{"start":{"line":243,"column":0},"end":{"line":243,"column":23}},"243":{"start":{"line":244,"column":0},"end":{"line":244,"column":22}},"244":{"start":{"line":245,"column":0},"end":{"line":245,"column":22}},"245":{"start":{"line":246,"column":0},"end":{"line":246,"column":8}},"246":{"start":{"line":247,"column":0},"end":{"line":247,"column":27}},"247":{"start":{"line":248,"column":0},"end":{"line":248,"column":41}},"248":{"start":{"line":249,"column":0},"end":{"line":249,"column":6}},"249":{"start":{"line":250,"column":0},"end":{"line":250,"column":3}},"250":{"start":{"line":251,"column":0},"end":{"line":251,"column":1}},"253":{"start":{"line":254,"column":0},"end":{"line":254,"column":53}},"256":{"start":{"line":257,"column":0},"end":{"line":257,"column":33}},"257":{"start":{"line":258,"column":0},"end":{"line":258,"column":32}},"258":{"start":{"line":259,"column":0},"end":{"line":259,"column":38}},"259":{"start":{"line":260,"column":0},"end":{"line":260,"column":18}},"260":{"start":{"line":261,"column":0},"end":{"line":261,"column":31}},"261":{"start":{"line":262,"column":0},"end":{"line":262,"column":3}},"262":{"start":{"line":263,"column":0},"end":{"line":263,"column":74}},"263":{"start":{"line":264,"column":0},"end":{"line":264,"column":1}},"266":{"start":{"line":267,"column":0},"end":{"line":267,"column":74}},"267":{"start":{"line":268,"column":0},"end":{"line":268,"column":41}},"268":{"start":{"line":269,"column":0},"end":{"line":269,"column":1}}},"s":{"19":0,"20":0,"21":0,"22":0,"23":0,"24":0,"25":0,"26":0,"27":0,"29":0,"30":0,"31":0,"32":0,"33":0,"34":0,"35":0,"36":0,"41":0,"42":0,"43":0,"44":0,"45":0,"47":0,"50":0,"51":0,"52":0,"55":0,"58":0,"59":0,"64":0,"65":0,"68":0,"69":0,"74":0,"75":0,"76":0,"77":0,"78":0,"79":0,"81":0,"82":0,"83":0,"85":0,"86":0,"87":0,"89":0,"90":0,"91":0,"93":0,"94":0,"95":0,"96":0,"101":0,"102":0,"103":0,"108":0,"109":0,"110":0,"111":0,"114":0,"115":0,"116":0,"117":0,"118":0,"119":0,"120":0,"121":0,"122":0,"124":0,"125":0,"126":0,"127":0,"128":0,"129":0,"130":0,"131":0,"133":0,"134":0,"135":0,"136":0,"137":0,"138":0,"139":0,"140":0,"141":0,"142":0,"147":0,"148":0,"149":0,"150":0,"151":0,"152":0,"153":0,"154":0,"155":0,"156":0,"161":0,"162":0,"163":0,"164":0,"165":0,"166":0,"167":0,"170":0,"178":0,"179":0,"184":0,"185":0,"186":0,"187":0,"188":0,"189":0,"190":0,"191":0,"192":0,"195":0,"196":0,"201":0,"203":0,"204":0,"209":0,"218":0,"219":0,"220":0,"222":0,"223":0,"224":0,"225":0,"226":0,"227":0,"229":0,"230":0,"231":0,"232":0,"234":0,"235":0,"236":0,"237":0,"239":0,"240":0,"241":0,"242":0,"243":0,"244":0,"245":0,"246":0,"247":0,"248":0,"249":0,"250":0,"253":0,"256":0,"257":0,"258":0,"259":0,"260":0,"261":0,"262":0,"263":0,"266":0,"267":0,"268":0},"branchMap":{"0":{"type":"branch","line":1,"loc":{"start":{"line":1,"column":6391},"end":{"line":269,"column":1}},"locations":[{"start":{"line":1,"column":6391},"end":{"line":269,"column":1}}]}},"b":{"0":[1]},"fnMap":{"0":{"name":"(empty-report)","decl":{"start":{"line":1,"column":6391},"end":{"line":269,"column":1}},"loc":{"start":{"line":1,"column":6391},"end":{"line":269,"column":1}},"line":1}},"f":{"0":1}},"C:\\buildgame\\vitegame\\src\\i18n\\index.ts":{"path":"C:\\buildgame\\vitegame\\src\\i18n\\index.ts","all":true,"statementMap":{"1":{"start":{"line":2,"column":0},"end":{"line":2,"column":65}},"2":{"start":{"line":3,"column":0},"end":{"line":3,"column":76}},"4":{"start":{"line":5,"column":0},"end":{"line":5,"column":32}},"5":{"start":{"line":6,"column":0},"end":{"line":6,"column":43}},"6":{"start":{"line":7,"column":0},"end":{"line":7,"column":14}},"7":{"start":{"line":8,"column":0},"end":{"line":8,"column":1}},"8":{"start":{"line":9,"column":0},"end":{"line":9,"column":40}},"9":{"start":{"line":10,"column":0},"end":{"line":10,"column":50}},"10":{"start":{"line":11,"column":0},"end":{"line":11,"column":1}}},"s":{"1":0,"2":0,"4":0,"5":0,"6":0,"7":0,"8":0,"9":0,"10":0},"branchMap":{"0":{"type":"branch","line":1,"loc":{"start":{"line":1,"column":367},"end":{"line":11,"column":1}},"locations":[{"start":{"line":1,"column":367},"end":{"line":11,"column":1}}]}},"b":{"0":[1]},"fnMap":{"0":{"name":"(empty-report)","decl":{"start":{"line":1,"column":367},"end":{"line":11,"column":1}},"loc":{"start":{"line":1,"column":367},"end":{"line":11,"column":1}},"line":1}},"f":{"0":1}},"C:\\buildgame\\vitegame\\src\\runtime\\state.ts":{"path":"C:\\buildgame\\vitegame\\src\\runtime\\state.ts","all":true,"statementMap":{"2":{"start":{"line":3,"column":0},"end":{"line":3,"column":27}},"3":{"start":{"line":4,"column":0},"end":{"line":4,"column":35}},"4":{"start":{"line":5,"column":0},"end":{"line":5,"column":17}},"5":{"start":{"line":6,"column":0},"end":{"line":6,"column":22}},"6":{"start":{"line":7,"column":0},"end":{"line":7,"column":3}},"7":{"start":{"line":8,"column":0},"end":{"line":8,"column":30}},"8":{"start":{"line":9,"column":0},"end":{"line":9,"column":51}},"9":{"start":{"line":10,"column":0},"end":{"line":10,"column":33}},"10":{"start":{"line":11,"column":0},"end":{"line":11,"column":36}},"11":{"start":{"line":12,"column":0},"end":{"line":12,"column":35}},"12":{"start":{"line":13,"column":0},"end":{"line":13,"column":35}},"13":{"start":{"line":14,"column":0},"end":{"line":14,"column":22}},"14":{"start":{"line":15,"column":0},"end":{"line":15,"column":6}},"15":{"start":{"line":16,"column":0},"end":{"line":16,"column":44}},"16":{"start":{"line":17,"column":0},"end":{"line":17,"column":69}},"17":{"start":{"line":18,"column":0},"end":{"line":18,"column":22}},"18":{"start":{"line":19,"column":0},"end":{"line":19,"column":3}},"19":{"start":{"line":20,"column":0},"end":{"line":20,"column":1}}},"s":{"2":0,"3":0,"4":0,"5":0,"6":0,"7":0,"8":0,"9":0,"10":0,"11":0,"12":0,"13":0,"14":0,"15":0,"16":0,"17":0,"18":0,"19":0},"branchMap":{"0":{"type":"branch","line":1,"loc":{"start":{"line":1,"column":585},"end":{"line":20,"column":1}},"locations":[{"start":{"line":1,"column":585},"end":{"line":20,"column":1}}]}},"b":{"0":[1]},"fnMap":{"0":{"name":"(empty-report)","decl":{"start":{"line":1,"column":585},"end":{"line":20,"column":1}},"loc":{"start":{"line":1,"column":585},"end":{"line":20,"column":1}},"line":1}},"f":{"0":1}},"C:\\buildgame\\vitegame\\src\\preload\\bridge.ts":{"path":"C:\\buildgame\\vitegame\\src\\preload\\bridge.ts","all":true,"statementMap":{"0":{"start":{"line":1,"column":0},"end":{"line":1,"column":54}},"6":{"start":{"line":7,"column":0},"end":{"line":7,"column":22}},"7":{"start":{"line":8,"column":0},"end":{"line":8,"column":45}},"8":{"start":{"line":9,"column":0},"end":{"line":9,"column":2}},"10":{"start":{"line":11,"column":0},"end":{"line":11,"column":44}}},"s":{"0":0,"6":0,"7":0,"8":0,"10":0},"branchMap":{"0":{"type":"branch","line":1,"loc":{"start":{"line":1,"column":0},"end":{"line":11,"column":14}},"locations":[{"start":{"line":1,"column":0},"end":{"line":11,"column":14}}]}},"b":{"0":[0]},"fnMap":{"0":{"name":"(empty-report)","decl":{"start":{"line":1,"column":0},"end":{"line":11,"column":14}},"loc":{"start":{"line":1,"column":0},"end":{"line":11,"column":14}},"line":1}},"f":{"0":0}},"C:\\buildgame\\vitegame\\src\\runtime\\loop.ts":{"path":"C:\\buildgame\\vitegame\\src\\runtime\\loop.ts","all":true,"statementMap":{"2":{"start":{"line":3,"column":0},"end":{"line":3,"column":23}},"3":{"start":{"line":4,"column":0},"end":{"line":4,"column":26}},"4":{"start":{"line":5,"column":0},"end":{"line":5,"column":19}},"5":{"start":{"line":6,"column":0},"end":{"line":6,"column":28}},"6":{"start":{"line":7,"column":0},"end":{"line":7,"column":25}},"7":{"start":{"line":8,"column":0},"end":{"line":8,"column":43}},"9":{"start":{"line":10,"column":0},"end":{"line":10,"column":65}},"10":{"start":{"line":11,"column":0},"end":{"line":11,"column":25}},"11":{"start":{"line":12,"column":0},"end":{"line":12,"column":27}},"12":{"start":{"line":13,"column":0},"end":{"line":13,"column":3}},"14":{"start":{"line":15,"column":0},"end":{"line":15,"column":11}},"15":{"start":{"line":16,"column":0},"end":{"line":16,"column":29}},"16":{"start":{"line":17,"column":0},"end":{"line":17,"column":24}},"17":{"start":{"line":18,"column":0},"end":{"line":18,"column":34}},"18":{"start":{"line":19,"column":0},"end":{"line":19,"column":39}},"19":{"start":{"line":20,"column":0},"end":{"line":20,"column":32}},"20":{"start":{"line":21,"column":0},"end":{"line":21,"column":31}},"21":{"start":{"line":22,"column":0},"end":{"line":22,"column":20}},"22":{"start":{"line":23,"column":0},"end":{"line":23,"column":11}},"23":{"start":{"line":24,"column":0},"end":{"line":24,"column":30}},"24":{"start":{"line":25,"column":0},"end":{"line":25,"column":19}},"25":{"start":{"line":26,"column":0},"end":{"line":26,"column":26}},"26":{"start":{"line":27,"column":0},"end":{"line":27,"column":7}},"27":{"start":{"line":28,"column":0},"end":{"line":28,"column":76}},"28":{"start":{"line":29,"column":0},"end":{"line":29,"column":6}},"29":{"start":{"line":30,"column":0},"end":{"line":30,"column":20}},"30":{"start":{"line":31,"column":0},"end":{"line":31,"column":3}},"31":{"start":{"line":32,"column":0},"end":{"line":32,"column":10}},"32":{"start":{"line":33,"column":0},"end":{"line":33,"column":25}},"33":{"start":{"line":34,"column":0},"end":{"line":34,"column":45}},"34":{"start":{"line":35,"column":0},"end":{"line":35,"column":3}},"35":{"start":{"line":36,"column":0},"end":{"line":36,"column":1}}},"s":{"2":0,"3":0,"4":0,"5":0,"6":0,"7":0,"9":0,"10":0,"11":0,"12":0,"14":0,"15":0,"16":0,"17":0,"18":0,"19":0,"20":0,"21":0,"22":0,"23":0,"24":0,"25":0,"26":0,"27":0,"28":0,"29":0,"30":0,"31":0,"32":0,"33":0,"34":0,"35":0},"branchMap":{"0":{"type":"branch","line":1,"loc":{"start":{"line":1,"column":881},"end":{"line":36,"column":1}},"locations":[{"start":{"line":1,"column":881},"end":{"line":36,"column":1}}]}},"b":{"0":[1]},"fnMap":{"0":{"name":"(empty-report)","decl":{"start":{"line":1,"column":881},"end":{"line":36,"column":1}},"loc":{"start":{"line":1,"column":881},"end":{"line":36,"column":1}},"line":1}},"f":{"0":1}},"C:\\buildgame\\vitegame\\src\\main\\window.ts":{"path":"C:\\buildgame\\vitegame\\src\\main\\window.ts","all":true,"statementMap":{"0":{"start":{"line":1,"column":0},"end":{"line":1,"column":46}},"1":{"start":{"line":2,"column":0},"end":{"line":2,"column":29}},"3":{"start":{"line":4,"column":0},"end":{"line":4,"column":36}},"4":{"start":{"line":5,"column":0},"end":{"line":5,"column":33}},"5":{"start":{"line":6,"column":0},"end":{"line":6,"column":21}},"6":{"start":{"line":7,"column":0},"end":{"line":7,"column":29}},"7":{"start":{"line":8,"column":0},"end":{"line":8,"column":29}},"8":{"start":{"line":9,"column":0},"end":{"line":9,"column":20}},"9":{"start":{"line":10,"column":0},"end":{"line":10,"column":60}},"10":{"start":{"line":11,"column":0},"end":{"line":11,"column":6}},"11":{"start":{"line":12,"column":0},"end":{"line":12,"column":5}},"14":{"start":{"line":15,"column":0},"end":{"line":15,"column":40}},"15":{"start":{"line":16,"column":0},"end":{"line":16,"column":49}},"16":{"start":{"line":17,"column":0},"end":{"line":17,"column":10}},"17":{"start":{"line":18,"column":0},"end":{"line":18,"column":71}},"18":{"start":{"line":19,"column":0},"end":{"line":19,"column":3}},"19":{"start":{"line":20,"column":0},"end":{"line":20,"column":13}},"20":{"start":{"line":21,"column":0},"end":{"line":21,"column":1}},"22":{"start":{"line":23,"column":0},"end":{"line":23,"column":28}},"23":{"start":{"line":24,"column":0},"end":{"line":24,"column":33}},"24":{"start":{"line":25,"column":0},"end":{"line":25,"column":37}},"25":{"start":{"line":26,"column":0},"end":{"line":26,"column":3}}},"s":{"0":0,"1":0,"3":0,"4":0,"5":0,"6":0,"7":0,"8":0,"9":0,"10":0,"11":0,"14":0,"15":0,"16":0,"17":0,"18":0,"19":0,"20":0,"22":0,"23":0,"24":0,"25":0},"branchMap":{"0":{"type":"branch","line":1,"loc":{"start":{"line":1,"column":648},"end":{"line":26,"column":3}},"locations":[{"start":{"line":1,"column":648},"end":{"line":26,"column":3}}]}},"b":{"0":[0]},"fnMap":{"0":{"name":"(empty-report)","decl":{"start":{"line":1,"column":648},"end":{"line":26,"column":3}},"loc":{"start":{"line":1,"column":648},"end":{"line":26,"column":3}},"line":1}},"f":{"0":0}},"C:\\buildgame\\vitegame\\src\\domain\\models.ts":{"path":"C:\\buildgame\\vitegame\\src\\domain\\models.ts","all":true,"statementMap":{},"s":{},"branchMap":{"0":{"type":"branch","line":1,"loc":{"start":{"line":1,"column":146},"end":{"line":10,"column":1}},"locations":[{"start":{"line":1,"column":146},"end":{"line":10,"column":1}}]}},"b":{"0":[1]},"fnMap":{"0":{"name":"(empty-report)","decl":{"start":{"line":1,"column":146},"end":{"line":10,"column":1}},"loc":{"start":{"line":1,"column":146},"end":{"line":10,"column":1}},"line":1}},"f":{"0":1}},"C:\\buildgame\\vitegame\\src\\slices\\mvp\\flow.ts":{"path":"C:\\buildgame\\vitegame\\src\\slices\\mvp\\flow.ts","all":true,"statementMap":{"0":{"start":{"line":1,"column":0},"end":{"line":1,"column":69}},"3":{"start":{"line":4,"column":0},"end":{"line":4,"column":53}},"4":{"start":{"line":5,"column":0},"end":{"line":5,"column":39}},"5":{"start":{"line":6,"column":0},"end":{"line":6,"column":43}},"6":{"start":{"line":7,"column":0},"end":{"line":7,"column":11}},"7":{"start":{"line":8,"column":0},"end":{"line":8,"column":1}}},"s":{"0":0,"3":0,"4":0,"5":0,"6":0,"7":0},"branchMap":{"0":{"type":"branch","line":1,"loc":{"start":{"line":1,"column":275},"end":{"line":8,"column":1}},"locations":[{"start":{"line":1,"column":275},"end":{"line":8,"column":1}}]}},"b":{"0":[0]},"fnMap":{"0":{"name":"(empty-report)","decl":{"start":{"line":1,"column":275},"end":{"line":8,"column":1}},"loc":{"start":{"line":1,"column":275},"end":{"line":8,"column":1}},"line":1}},"f":{"0":0}},"C:\\buildgame\\vitegame\\src\\shared\\quality\\gates.ts":{"path":"C:\\buildgame\\vitegame\\src\\shared\\quality\\gates.ts","all":true,"statementMap":{"8":{"start":{"line":9,"column":0},"end":{"line":9,"column":33}},"9":{"start":{"line":10,"column":0},"end":{"line":10,"column":3}},"10":{"start":{"line":11,"column":0},"end":{"line":11,"column":22}},"11":{"start":{"line":12,"column":0},"end":{"line":12,"column":20}},"12":{"start":{"line":13,"column":0},"end":{"line":13,"column":21}},"13":{"start":{"line":14,"column":0},"end":{"line":14,"column":18}},"14":{"start":{"line":15,"column":0},"end":{"line":15,"column":22}},"15":{"start":{"line":16,"column":0},"end":{"line":16,"column":4}},"16":{"start":{"line":17,"column":0},"end":{"line":17,"column":3}},"17":{"start":{"line":18,"column":0},"end":{"line":18,"column":16}},"18":{"start":{"line":19,"column":0},"end":{"line":19,"column":18}},"19":{"start":{"line":20,"column":0},"end":{"line":20,"column":24}},"20":{"start":{"line":21,"column":0},"end":{"line":21,"column":17}},"21":{"start":{"line":22,"column":0},"end":{"line":22,"column":23}},"22":{"start":{"line":23,"column":0},"end":{"line":23,"column":4}},"23":{"start":{"line":24,"column":0},"end":{"line":24,"column":3}},"24":{"start":{"line":25,"column":0},"end":{"line":25,"column":20}},"25":{"start":{"line":26,"column":0},"end":{"line":26,"column":18}},"26":{"start":{"line":27,"column":0},"end":{"line":27,"column":23}},"27":{"start":{"line":28,"column":0},"end":{"line":28,"column":22}},"28":{"start":{"line":29,"column":0},"end":{"line":29,"column":22}},"29":{"start":{"line":30,"column":0},"end":{"line":30,"column":4}},"30":{"start":{"line":31,"column":0},"end":{"line":31,"column":2}}},"s":{"8":0,"9":0,"10":0,"11":0,"12":0,"13":0,"14":0,"15":0,"16":0,"17":0,"18":0,"19":0,"20":0,"21":0,"22":0,"23":0,"24":0,"25":0,"26":0,"27":0,"28":0,"29":0,"30":0},"branchMap":{"0":{"type":"branch","line":1,"loc":{"start":{"line":1,"column":586},"end":{"line":31,"column":2}},"locations":[{"start":{"line":1,"column":586},"end":{"line":31,"column":2}}]}},"b":{"0":[1]},"fnMap":{"0":{"name":"(empty-report)","decl":{"start":{"line":1,"column":586},"end":{"line":31,"column":2}},"loc":{"start":{"line":1,"column":586},"end":{"line":31,"column":2}},"line":1}},"f":{"0":1}},"C:\\buildgame\\vitegame\\src\\shared\\observability\\sentry-renderer.ts":{"path":"C:\\buildgame\\vitegame\\src\\shared\\observability\\sentry-renderer.ts","all":true,"statementMap":{"0":{"start":{"line":1,"column":0},"end":{"line":1,"column":52}},"8":{"start":{"line":9,"column":0},"end":{"line":9,"column":38}},"9":{"start":{"line":10,"column":0},"end":{"line":10,"column":15}},"10":{"start":{"line":11,"column":0},"end":{"line":11,"column":38}},"11":{"start":{"line":12,"column":0},"end":{"line":12,"column":36}},"12":{"start":{"line":13,"column":0},"end":{"line":13,"column":20}},"13":{"start":{"line":14,"column":0},"end":{"line":14,"column":26}},"14":{"start":{"line":15,"column":0},"end":{"line":15,"column":5}},"15":{"start":{"line":16,"column":0},"end":{"line":16,"column":1}}},"s":{"0":0,"8":0,"9":0,"10":0,"11":0,"12":0,"13":0,"14":0,"15":0},"branchMap":{"0":{"type":"branch","line":1,"loc":{"start":{"line":1,"column":315},"end":{"line":16,"column":1}},"locations":[{"start":{"line":1,"column":315},"end":{"line":16,"column":1}}]}},"b":{"0":[0]},"fnMap":{"0":{"name":"(empty-report)","decl":{"start":{"line":1,"column":315},"end":{"line":16,"column":1}},"loc":{"start":{"line":1,"column":315},"end":{"line":16,"column":1}},"line":1}},"f":{"0":0}},"C:\\buildgame\\vitegame\\src\\shared\\validation\\CloudEventValidator.ts":{"path":"C:\\buildgame\\vitegame\\src\\shared\\validation\\CloudEventValidator.ts","all":true,"statementMap":{"13":{"start":{"line":14,"column":0},"end":{"line":14,"column":34}},"14":{"start":{"line":15,"column":0},"end":{"line":15,"column":67}},"15":{"start":{"line":16,"column":0},"end":{"line":16,"column":18}},"16":{"start":{"line":17,"column":0},"end":{"line":17,"column":10}},"17":{"start":{"line":18,"column":0},"end":{"line":18,"column":13}},"18":{"start":{"line":19,"column":0},"end":{"line":19,"column":10}},"19":{"start":{"line":20,"column":0},"end":{"line":20,"column":4}},"21":{"start":{"line":22,"column":0},"end":{"line":22,"column":53}},"23":{"start":{"line":24,"column":0},"end":{"line":24,"column":76}},"24":{"start":{"line":25,"column":0},"end":{"line":25,"column":28}},"25":{"start":{"line":26,"column":0},"end":{"line":26,"column":34}},"26":{"start":{"line":27,"column":0},"end":{"line":27,"column":30}},"27":{"start":{"line":28,"column":0},"end":{"line":28,"column":30}},"28":{"start":{"line":29,"column":0},"end":{"line":29,"column":37}},"29":{"start":{"line":30,"column":0},"end":{"line":30,"column":26}},"30":{"start":{"line":31,"column":0},"end":{"line":31,"column":27}},"31":{"start":{"line":32,"column":0},"end":{"line":32,"column":25}},"32":{"start":{"line":33,"column":0},"end":{"line":33,"column":28}},"33":{"start":{"line":34,"column":0},"end":{"line":34,"column":31}},"34":{"start":{"line":35,"column":0},"end":{"line":35,"column":4}},"39":{"start":{"line":40,"column":0},"end":{"line":40,"column":94}},"40":{"start":{"line":41,"column":0},"end":{"line":41,"column":51}},"42":{"start":{"line":43,"column":0},"end":{"line":43,"column":46}},"43":{"start":{"line":44,"column":0},"end":{"line":44,"column":14}},"44":{"start":{"line":45,"column":0},"end":{"line":45,"column":23}},"45":{"start":{"line":46,"column":0},"end":{"line":46,"column":88}},"46":{"start":{"line":47,"column":0},"end":{"line":47,"column":8}},"47":{"start":{"line":48,"column":0},"end":{"line":48,"column":5}},"49":{"start":{"line":50,"column":0},"end":{"line":50,"column":52}},"52":{"start":{"line":53,"column":0},"end":{"line":53,"column":47}},"53":{"start":{"line":54,"column":0},"end":{"line":54,"column":31}},"54":{"start":{"line":55,"column":0},"end":{"line":55,"column":21}},"55":{"start":{"line":56,"column":0},"end":{"line":56,"column":16}},"56":{"start":{"line":57,"column":0},"end":{"line":57,"column":58}},"57":{"start":{"line":58,"column":0},"end":{"line":58,"column":37}},"58":{"start":{"line":59,"column":0},"end":{"line":59,"column":11}},"59":{"start":{"line":60,"column":0},"end":{"line":60,"column":7}},"60":{"start":{"line":61,"column":0},"end":{"line":61,"column":5}},"63":{"start":{"line":64,"column":0},"end":{"line":64,"column":87}},"64":{"start":{"line":65,"column":0},"end":{"line":65,"column":19}},"65":{"start":{"line":66,"column":0},"end":{"line":66,"column":29}},"66":{"start":{"line":67,"column":0},"end":{"line":67,"column":79}},"67":{"start":{"line":68,"column":0},"end":{"line":68,"column":40}},"68":{"start":{"line":69,"column":0},"end":{"line":69,"column":9}},"69":{"start":{"line":70,"column":0},"end":{"line":70,"column":5}},"72":{"start":{"line":73,"column":0},"end":{"line":73,"column":108}},"73":{"start":{"line":74,"column":0},"end":{"line":74,"column":19}},"74":{"start":{"line":75,"column":0},"end":{"line":75,"column":22}},"75":{"start":{"line":76,"column":0},"end":{"line":76,"column":100}},"76":{"start":{"line":77,"column":0},"end":{"line":77,"column":33}},"77":{"start":{"line":78,"column":0},"end":{"line":78,"column":9}},"78":{"start":{"line":79,"column":0},"end":{"line":79,"column":5}},"81":{"start":{"line":82,"column":0},"end":{"line":82,"column":70}},"82":{"start":{"line":83,"column":0},"end":{"line":83,"column":19}},"83":{"start":{"line":84,"column":0},"end":{"line":84,"column":24}},"84":{"start":{"line":85,"column":0},"end":{"line":85,"column":62}},"85":{"start":{"line":86,"column":0},"end":{"line":86,"column":35}},"86":{"start":{"line":87,"column":0},"end":{"line":87,"column":9}},"87":{"start":{"line":88,"column":0},"end":{"line":88,"column":5}},"90":{"start":{"line":91,"column":0},"end":{"line":91,"column":69}},"91":{"start":{"line":92,"column":0},"end":{"line":92,"column":19}},"92":{"start":{"line":93,"column":0},"end":{"line":93,"column":22}},"93":{"start":{"line":94,"column":0},"end":{"line":94,"column":62}},"94":{"start":{"line":95,"column":0},"end":{"line":95,"column":33}},"95":{"start":{"line":96,"column":0},"end":{"line":96,"column":9}},"96":{"start":{"line":97,"column":0},"end":{"line":97,"column":5}},"98":{"start":{"line":99,"column":0},"end":{"line":99,"column":12}},"99":{"start":{"line":100,"column":0},"end":{"line":100,"column":35}},"100":{"start":{"line":101,"column":0},"end":{"line":101,"column":12}},"101":{"start":{"line":102,"column":0},"end":{"line":102,"column":6}},"102":{"start":{"line":103,"column":0},"end":{"line":103,"column":3}},"107":{"start":{"line":108,"column":0},"end":{"line":108,"column":57}},"108":{"start":{"line":109,"column":0},"end":{"line":109,"column":9}},"109":{"start":{"line":110,"column":0},"end":{"line":110,"column":22}},"110":{"start":{"line":111,"column":0},"end":{"line":111,"column":18}},"111":{"start":{"line":112,"column":0},"end":{"line":112,"column":13}},"113":{"start":{"line":114,"column":0},"end":{"line":114,"column":59}},"114":{"start":{"line":115,"column":0},"end":{"line":115,"column":5}},"115":{"start":{"line":116,"column":0},"end":{"line":116,"column":3}},"120":{"start":{"line":121,"column":0},"end":{"line":121,"column":58}},"121":{"start":{"line":122,"column":0},"end":{"line":122,"column":77}},"122":{"start":{"line":123,"column":0},"end":{"line":123,"column":47}},"124":{"start":{"line":125,"column":0},"end":{"line":125,"column":32}},"125":{"start":{"line":126,"column":0},"end":{"line":126,"column":34}},"126":{"start":{"line":127,"column":0},"end":{"line":127,"column":3}},"131":{"start":{"line":132,"column":0},"end":{"line":132,"column":21}},"132":{"start":{"line":133,"column":0},"end":{"line":133,"column":28}},"133":{"start":{"line":134,"column":0},"end":{"line":134,"column":19}},"134":{"start":{"line":135,"column":0},"end":{"line":135,"column":19}},"135":{"start":{"line":136,"column":0},"end":{"line":136,"column":15}},"141":{"start":{"line":142,"column":0},"end":{"line":142,"column":17}},"142":{"start":{"line":143,"column":0},"end":{"line":143,"column":12}},"143":{"start":{"line":144,"column":0},"end":{"line":144,"column":43}},"144":{"start":{"line":145,"column":0},"end":{"line":145,"column":43}},"145":{"start":{"line":146,"column":0},"end":{"line":146,"column":13}},"146":{"start":{"line":147,"column":0},"end":{"line":147,"column":11}},"147":{"start":{"line":148,"column":0},"end":{"line":148,"column":54}},"148":{"start":{"line":149,"column":0},"end":{"line":149,"column":28}},"149":{"start":{"line":150,"column":0},"end":{"line":150,"column":60}},"150":{"start":{"line":151,"column":0},"end":{"line":151,"column":83}},"151":{"start":{"line":152,"column":0},"end":{"line":152,"column":6}},"152":{"start":{"line":153,"column":0},"end":{"line":153,"column":3}},"157":{"start":{"line":158,"column":0},"end":{"line":158,"column":39}},"158":{"start":{"line":159,"column":0},"end":{"line":159,"column":73}},"159":{"start":{"line":160,"column":0},"end":{"line":160,"column":3}},"164":{"start":{"line":165,"column":0},"end":{"line":165,"column":52}},"165":{"start":{"line":166,"column":0},"end":{"line":166,"column":43}},"166":{"start":{"line":167,"column":0},"end":{"line":167,"column":5}},"167":{"start":{"line":168,"column":0},"end":{"line":168,"column":56}},"168":{"start":{"line":169,"column":0},"end":{"line":169,"column":46}},"170":{"start":{"line":171,"column":0},"end":{"line":171,"column":32}},"171":{"start":{"line":172,"column":0},"end":{"line":172,"column":42}},"172":{"start":{"line":173,"column":0},"end":{"line":173,"column":53}},"173":{"start":{"line":174,"column":0},"end":{"line":174,"column":22}},"174":{"start":{"line":175,"column":0},"end":{"line":175,"column":69}},"175":{"start":{"line":176,"column":0},"end":{"line":176,"column":7}},"177":{"start":{"line":178,"column":0},"end":{"line":178,"column":33}},"178":{"start":{"line":179,"column":0},"end":{"line":179,"column":6}},"179":{"start":{"line":180,"column":0},"end":{"line":180,"column":3}},"180":{"start":{"line":181,"column":0},"end":{"line":181,"column":1}},"183":{"start":{"line":184,"column":0},"end":{"line":184,"column":72}},"184":{"start":{"line":185,"column":0},"end":{"line":185,"column":53}},"185":{"start":{"line":186,"column":0},"end":{"line":186,"column":1}}},"s":{"13":0,"14":0,"15":0,"16":0,"17":0,"18":0,"19":0,"21":0,"23":0,"24":0,"25":0,"26":0,"27":0,"28":0,"29":0,"30":0,"31":0,"32":0,"33":0,"34":0,"39":0,"40":0,"42":0,"43":0,"44":0,"45":0,"46":0,"47":0,"49":0,"52":0,"53":0,"54":0,"55":0,"56":0,"57":0,"58":0,"59":0,"60":0,"63":0,"64":0,"65":0,"66":0,"67":0,"68":0,"69":0,"72":0,"73":0,"74":0,"75":0,"76":0,"77":0,"78":0,"81":0,"82":0,"83":0,"84":0,"85":0,"86":0,"87":0,"90":0,"91":0,"92":0,"93":0,"94":0,"95":0,"96":0,"98":0,"99":0,"100":0,"101":0,"102":0,"107":0,"108":0,"109":0,"110":0,"111":0,"113":0,"114":0,"115":0,"120":0,"121":0,"122":0,"124":0,"125":0,"126":0,"131":0,"132":0,"133":0,"134":0,"135":0,"141":0,"142":0,"143":0,"144":0,"145":0,"146":0,"147":0,"148":0,"149":0,"150":0,"151":0,"152":0,"157":0,"158":0,"159":0,"164":0,"165":0,"166":0,"167":0,"168":0,"170":0,"171":0,"172":0,"173":0,"174":0,"175":0,"177":0,"178":0,"179":0,"180":0,"183":0,"184":0,"185":0},"branchMap":{"0":{"type":"branch","line":1,"loc":{"start":{"line":1,"column":4708},"end":{"line":186,"column":1}},"locations":[{"start":{"line":1,"column":4708},"end":{"line":186,"column":1}}]}},"b":{"0":[1]},"fnMap":{"0":{"name":"(empty-report)","decl":{"start":{"line":1,"column":4708},"end":{"line":186,"column":1}},"loc":{"start":{"line":1,"column":4708},"end":{"line":186,"column":1}},"line":1}},"f":{"0":1}},"C:\\buildgame\\vitegame\\src\\shared\\security\\events.ts":{"path":"C:\\buildgame\\vitegame\\src\\shared\\security\\events.ts","all":true,"statementMap":{},"s":{},"branchMap":{"0":{"type":"branch","line":1,"loc":{"start":{"line":1,"column":154},"end":{"line":3,"column":54}},"locations":[{"start":{"line":1,"column":154},"end":{"line":3,"column":54}}]}},"b":{"0":[1]},"fnMap":{"0":{"name":"(empty-report)","decl":{"start":{"line":1,"column":154},"end":{"line":3,"column":54}},"loc":{"start":{"line":1,"column":154},"end":{"line":3,"column":54}},"line":1}},"f":{"0":1}},"C:\\buildgame\\vitegame\\src\\shared\\observability\\service-mesh-integration.ts":{"path":"C:\\buildgame\\vitegame\\src\\shared\\observability\\service-mesh-integration.ts","all":true,"statementMap":{"17":{"start":{"line":18,"column":0},"end":{"line":18,"column":38}},"18":{"start":{"line":19,"column":0},"end":{"line":19,"column":29}},"126":{"start":{"line":127,"column":0},"end":{"line":127,"column":58}},"130":{"start":{"line":131,"column":0},"end":{"line":131,"column":32}},"133":{"start":{"line":134,"column":0},"end":{"line":134,"column":63}},"136":{"start":{"line":137,"column":0},"end":{"line":137,"column":67}},"139":{"start":{"line":140,"column":0},"end":{"line":140,"column":48}},"142":{"start":{"line":143,"column":0},"end":{"line":143,"column":47}},"148":{"start":{"line":149,"column":0},"end":{"line":149,"column":25}},"149":{"start":{"line":150,"column":0},"end":{"line":150,"column":12}},"150":{"start":{"line":151,"column":0},"end":{"line":151,"column":42}},"151":{"start":{"line":152,"column":0},"end":{"line":152,"column":3}},"153":{"start":{"line":154,"column":0},"end":{"line":154,"column":48}},"154":{"start":{"line":155,"column":0},"end":{"line":155,"column":43}},"155":{"start":{"line":156,"column":0},"end":{"line":156,"column":69}},"156":{"start":{"line":157,"column":0},"end":{"line":157,"column":5}},"157":{"start":{"line":158,"column":0},"end":{"line":158,"column":43}},"158":{"start":{"line":159,"column":0},"end":{"line":159,"column":3}},"163":{"start":{"line":164,"column":0},"end":{"line":164,"column":72}},"164":{"start":{"line":165,"column":0},"end":{"line":165,"column":29}},"165":{"start":{"line":166,"column":0},"end":{"line":166,"column":43}},"166":{"start":{"line":167,"column":0},"end":{"line":167,"column":13}},"167":{"start":{"line":168,"column":0},"end":{"line":168,"column":5}},"169":{"start":{"line":170,"column":0},"end":{"line":170,"column":9}},"170":{"start":{"line":171,"column":0},"end":{"line":171,"column":50}},"172":{"start":{"line":173,"column":0},"end":{"line":173,"column":38}},"173":{"start":{"line":174,"column":0},"end":{"line":174,"column":59}},"174":{"start":{"line":175,"column":0},"end":{"line":175,"column":55}},"177":{"start":{"line":178,"column":0},"end":{"line":178,"column":49}},"178":{"start":{"line":179,"column":0},"end":{"line":179,"column":43}},"179":{"start":{"line":180,"column":0},"end":{"line":180,"column":7}},"182":{"start":{"line":183,"column":0},"end":{"line":183,"column":33}},"185":{"start":{"line":186,"column":0},"end":{"line":186,"column":50}},"186":{"start":{"line":187,"column":0},"end":{"line":187,"column":38}},"187":{"start":{"line":188,"column":0},"end":{"line":188,"column":7}},"190":{"start":{"line":191,"column":0},"end":{"line":191,"column":39}},"192":{"start":{"line":193,"column":0},"end":{"line":193,"column":32}},"193":{"start":{"line":194,"column":0},"end":{"line":194,"column":35}},"194":{"start":{"line":195,"column":0},"end":{"line":195,"column":21}},"195":{"start":{"line":196,"column":0},"end":{"line":196,"column":43}},"196":{"start":{"line":197,"column":0},"end":{"line":197,"column":18}},"197":{"start":{"line":198,"column":0},"end":{"line":198,"column":5}},"198":{"start":{"line":199,"column":0},"end":{"line":199,"column":3}},"203":{"start":{"line":204,"column":0},"end":{"line":204,"column":24}},"204":{"start":{"line":205,"column":0},"end":{"line":205,"column":61}},"205":{"start":{"line":206,"column":0},"end":{"line":206,"column":22}},"206":{"start":{"line":207,"column":0},"end":{"line":207,"column":9}},"207":{"start":{"line":208,"column":0},"end":{"line":208,"column":100}},"209":{"start":{"line":210,"column":0},"end":{"line":210,"column":45}},"210":{"start":{"line":211,"column":0},"end":{"line":211,"column":20}},"211":{"start":{"line":212,"column":0},"end":{"line":212,"column":22}},"212":{"start":{"line":213,"column":0},"end":{"line":213,"column":50}},"213":{"start":{"line":214,"column":0},"end":{"line":214,"column":8}},"215":{"start":{"line":216,"column":0},"end":{"line":216,"column":56}},"217":{"start":{"line":218,"column":0},"end":{"line":218,"column":18}},"218":{"start":{"line":219,"column":0},"end":{"line":219,"column":73}},"219":{"start":{"line":220,"column":0},"end":{"line":220,"column":8}},"222":{"start":{"line":223,"column":0},"end":{"line":223,"column":47}},"223":{"start":{"line":224,"column":0},"end":{"line":224,"column":53}},"224":{"start":{"line":225,"column":0},"end":{"line":225,"column":7}},"226":{"start":{"line":227,"column":0},"end":{"line":227,"column":52}},"227":{"start":{"line":228,"column":0},"end":{"line":228,"column":23}},"228":{"start":{"line":229,"column":0},"end":{"line":229,"column":21}},"229":{"start":{"line":230,"column":0},"end":{"line":230,"column":40}},"230":{"start":{"line":231,"column":0},"end":{"line":231,"column":18}},"231":{"start":{"line":232,"column":0},"end":{"line":232,"column":5}},"232":{"start":{"line":233,"column":0},"end":{"line":233,"column":3}},"237":{"start":{"line":238,"column":0},"end":{"line":238,"column":61}},"238":{"start":{"line":239,"column":0},"end":{"line":239,"column":9}},"239":{"start":{"line":240,"column":0},"end":{"line":240,"column":59}},"240":{"start":{"line":241,"column":0},"end":{"line"
[...]
0},"end":{"line":577,"column":34}},"577":{"start":{"line":578,"column":0},"end":{"line":578,"column":8}},"578":{"start":{"line":579,"column":0},"end":{"line":579,"column":7}},"580":{"start":{"line":581,"column":0},"end":{"line":581,"column":48}},"581":{"start":{"line":582,"column":0},"end":{"line":582,"column":33}},"582":{"start":{"line":583,"column":0},"end":{"line":583,"column":32}},"583":{"start":{"line":584,"column":0},"end":{"line":584,"column":32}},"584":{"start":{"line":585,"column":0},"end":{"line":585,"column":29}},"585":{"start":{"line":586,"column":0},"end":{"line":586,"column":31}},"586":{"start":{"line":587,"column":0},"end":{"line":587,"column":30}},"587":{"start":{"line":588,"column":0},"end":{"line":588,"column":8}},"589":{"start":{"line":590,"column":0},"end":{"line":590,"column":45}},"591":{"start":{"line":592,"column":0},"end":{"line":592,"column":49}},"592":{"start":{"line":593,"column":0},"end":{"line":593,"column":57}},"593":{"start":{"line":594,"column":0},"end":{"line":594,"column":42}},"594":{"start":{"line":595,"column":0},"end":{"line":595,"column":78}},"595":{"start":{"line":596,"column":0},"end":{"line":596,"column":7}},"597":{"start":{"line":598,"column":0},"end":{"line":598,"column":31}},"598":{"start":{"line":599,"column":0},"end":{"line":599,"column":7}},"600":{"start":{"line":601,"column":0},"end":{"line":601,"column":48}},"601":{"start":{"line":602,"column":0},"end":{"line":602,"column":27}},"602":{"start":{"line":603,"column":0},"end":{"line":603,"column":29}},"603":{"start":{"line":604,"column":0},"end":{"line":604,"column":36}},"604":{"start":{"line":605,"column":0},"end":{"line":605,"column":28}},"605":{"start":{"line":606,"column":0},"end":{"line":606,"column":34}},"606":{"start":{"line":607,"column":0},"end":{"line":607,"column":24}},"607":{"start":{"line":608,"column":0},"end":{"line":608,"column":8}},"609":{"start":{"line":610,"column":0},"end":{"line":610,"column":39}},"610":{"start":{"line":611,"column":0},"end":{"line":611,"column":48}},"611":{"start":{"line":612,"column":0},"end":{"line":612,"column":40}},"614":{"start":{"line":615,"column":0},"end":{"line":615,"column":63}},"615":{"start":{"line":616,"column":0},"end":{"line":616,"column":74}},"617":{"start":{"line":618,"column":0},"end":{"line":618,"column":73}},"618":{"start":{"line":619,"column":0},"end":{"line":619,"column":38}},"619":{"start":{"line":620,"column":0},"end":{"line":620,"column":9}},"620":{"start":{"line":621,"column":0},"end":{"line":621,"column":7}},"622":{"start":{"line":623,"column":0},"end":{"line":623,"column":25}},"623":{"start":{"line":624,"column":0},"end":{"line":624,"column":7}},"624":{"start":{"line":625,"column":0},"end":{"line":625,"column":3}},"628":{"start":{"line":629,"column":0},"end":{"line":629,"column":24}},"629":{"start":{"line":630,"column":0},"end":{"line":630,"column":17}},"630":{"start":{"line":631,"column":0},"end":{"line":631,"column":30}},"631":{"start":{"line":632,"column":0},"end":{"line":632,"column":20}},"632":{"start":{"line":633,"column":0},"end":{"line":633,"column":33}},"634":{"start":{"line":635,"column":0},"end":{"line":635,"column":9}},"635":{"start":{"line":636,"column":0},"end":{"line":636,"column":36}},"636":{"start":{"line":637,"column":0},"end":{"line":637,"column":46}},"638":{"start":{"line":639,"column":0},"end":{"line":639,"column":29}},"639":{"start":{"line":640,"column":0},"end":{"line":640,"column":13}},"640":{"start":{"line":641,"column":0},"end":{"line":641,"column":21}},"641":{"start":{"line":642,"column":0},"end":{"line":642,"column":17}},"642":{"start":{"line":643,"column":0},"end":{"line":643,"column":24}},"643":{"start":{"line":644,"column":0},"end":{"line":644,"column":9}},"645":{"start":{"line":646,"column":0},"end":{"line":646,"column":49}},"646":{"start":{"line":647,"column":0},"end":{"line":647,"column":21}},"647":{"start":{"line":648,"column":0},"end":{"line":648,"column":46}},"649":{"start":{"line":650,"column":0},"end":{"line":650,"column":29}},"650":{"start":{"line":651,"column":0},"end":{"line":651,"column":13}},"651":{"start":{"line":652,"column":0},"end":{"line":652,"column":22}},"652":{"start":{"line":653,"column":0},"end":{"line":653,"column":17}},"653":{"start":{"line":654,"column":0},"end":{"line":654,"column":70}},"654":{"start":{"line":655,"column":0},"end":{"line":655,"column":9}},"656":{"start":{"line":657,"column":0},"end":{"line":657,"column":59}},"657":{"start":{"line":658,"column":0},"end":{"line":658,"column":5}},"658":{"start":{"line":659,"column":0},"end":{"line":659,"column":3}},"660":{"start":{"line":661,"column":0},"end":{"line":661,"column":40}},"661":{"start":{"line":662,"column":0},"end":{"line":662,"column":36}},"662":{"start":{"line":663,"column":0},"end":{"line":663,"column":51}},"663":{"start":{"line":664,"column":0},"end":{"line":664,"column":5}},"664":{"start":{"line":665,"column":0},"end":{"line":665,"column":3}},"666":{"start":{"line":667,"column":0},"end":{"line":667,"column":47}},"668":{"start":{"line":669,"column":0},"end":{"line":669,"column":32}},"669":{"start":{"line":670,"column":0},"end":{"line":670,"column":17}},"670":{"start":{"line":671,"column":0},"end":{"line":671,"column":17}},"671":{"start":{"line":672,"column":0},"end":{"line":672,"column":18}},"672":{"start":{"line":673,"column":0},"end":{"line":673,"column":16}},"673":{"start":{"line":674,"column":0},"end":{"line":674,"column":15}},"674":{"start":{"line":675,"column":0},"end":{"line":675,"column":6}},"677":{"start":{"line":678,"column":0},"end":{"line":678,"column":17}},"678":{"start":{"line":679,"column":0},"end":{"line":679,"column":3}},"680":{"start":{"line":681,"column":0},"end":{"line":681,"column":49}},"681":{"start":{"line":682,"column":0},"end":{"line":682,"column":9}},"682":{"start":{"line":683,"column":0},"end":{"line":683,"column":54}},"683":{"start":{"line":684,"column":0},"end":{"line":684,"column":38}},"684":{"start":{"line":685,"column":0},"end":{"line":685,"column":34}},"685":{"start":{"line":686,"column":0},"end":{"line":686,"column":13}},"686":{"start":{"line":687,"column":0},"end":{"line":687,"column":19}},"687":{"start":{"line":688,"column":0},"end":{"line":688,"column":5}},"688":{"start":{"line":689,"column":0},"end":{"line":689,"column":3}},"690":{"start":{"line":691,"column":0},"end":{"line":691,"column":46}},"691":{"start":{"line":692,"column":0},"end":{"line":692,"column":89}},"692":{"start":{"line":693,"column":0},"end":{"line":693,"column":3}},"694":{"start":{"line":695,"column":0},"end":{"line":695,"column":55}},"695":{"start":{"line":696,"column":0},"end":{"line":696,"column":80}},"696":{"start":{"line":697,"column":0},"end":{"line":697,"column":34}},"697":{"start":{"line":698,"column":0},"end":{"line":698,"column":3}},"699":{"start":{"line":700,"column":0},"end":{"line":700,"column":76}},"700":{"start":{"line":701,"column":0},"end":{"line":701,"column":37}},"701":{"start":{"line":702,"column":0},"end":{"line":702,"column":39}},"702":{"start":{"line":703,"column":0},"end":{"line":703,"column":21}},"703":{"start":{"line":704,"column":0},"end":{"line":704,"column":3}},"705":{"start":{"line":706,"column":0},"end":{"line":706,"column":47}},"706":{"start":{"line":707,"column":0},"end":{"line":707,"column":32}},"707":{"start":{"line":708,"column":0},"end":{"line":708,"column":32}},"708":{"start":{"line":709,"column":0},"end":{"line":709,"column":32}},"709":{"start":{"line":710,"column":0},"end":{"line":710,"column":32}},"710":{"start":{"line":711,"column":0},"end":{"line":711,"column":15}},"711":{"start":{"line":712,"column":0},"end":{"line":712,"column":3}},"713":{"start":{"line":714,"column":0},"end":{"line":714,"column":62}},"714":{"start":{"line":715,"column":0},"end":{"line":715,"column":42}},"715":{"start":{"line":716,"column":0},"end":{"line":716,"column":39}},"716":{"start":{"line":717,"column":0},"end":{"line":717,"column":41}},"717":{"start":{"line":718,"column":0},"end":{"line":718,"column":40}},"718":{"start":{"line":719,"column":0},"end":{"line":719,"column":18}},"719":{"start":{"line":720,"column":0},"end":{"line":720,"column":3}},"721":{"start":{"line":722,"column":0},"end":{"line":722,"column":62}},"722":{"start":{"line":723,"column":0},"end":{"line":723,"column":29}},"723":{"start":{"line":724,"column":0},"end":{"line":724,"column":24}},"724":{"start":{"line":725,"column":0},"end":{"line":725,"column":28}},"725":{"start":{"line":726,"column":0},"end":{"line":726,"column":24}},"726":{"start":{"line":727,"column":0},"end":{"line":727,"column":29}},"727":{"start":{"line":728,"column":0},"end":{"line":728,"column":17}},"728":{"start":{"line":729,"column":0},"end":{"line":729,"column":23}},"729":{"start":{"line":730,"column":0},"end":{"line":730,"column":22}},"730":{"start":{"line":731,"column":0},"end":{"line":731,"column":6}},"731":{"start":{"line":732,"column":0},"end":{"line":732,"column":46}},"732":{"start":{"line":733,"column":0},"end":{"line":733,"column":3}},"734":{"start":{"line":735,"column":0},"end":{"line":735,"column":53}},"735":{"start":{"line":736,"column":0},"end":{"line":736,"column":58}},"736":{"start":{"line":737,"column":0},"end":{"line":737,"column":16}},"737":{"start":{"line":738,"column":0},"end":{"line":738,"column":3}},"739":{"start":{"line":740,"column":0},"end":{"line":740,"column":53}},"740":{"start":{"line":741,"column":0},"end":{"line":741,"column":58}},"741":{"start":{"line":742,"column":0},"end":{"line":742,"column":16}},"742":{"start":{"line":743,"column":0},"end":{"line":743,"column":3}},"744":{"start":{"line":745,"column":0},"end":{"line":745,"column":70}},"745":{"start":{"line":746,"column":0},"end":{"line":746,"column":47}},"746":{"start":{"line":747,"column":0},"end":{"line":747,"column":70}},"747":{"start":{"line":748,"column":0},"end":{"line":748,"column":49}},"749":{"start":{"line":750,"column":0},"end":{"line":750,"column":37}},"750":{"start":{"line":751,"column":0},"end":{"line":751,"column":30}},"751":{"start":{"line":752,"column":0},"end":{"line":752,"column":42}},"752":{"start":{"line":753,"column":0},"end":{"line":753,"column":17}},"753":{"start":{"line":754,"column":0},"end":{"line":754,"column":18}},"754":{"start":{"line":755,"column":0},"end":{"line":755,"column":18}},"755":{"start":{"line":756,"column":0},"end":{"line":756,"column":15}},"756":{"start":{"line":757,"column":0},"end":{"line":757,"column":55}},"757":{"start":{"line":758,"column":0},"end":{"line":758,"column":30}},"758":{"start":{"line":759,"column":0},"end":{"line":759,"column":18}},"759":{"start":{"line":760,"column":0},"end":{"line":760,"column":6}},"761":{"start":{"line":762,"column":0},"end":{"line":762,"column":50}},"762":{"start":{"line":763,"column":0},"end":{"line":763,"column":18}},"763":{"start":{"line":764,"column":0},"end":{"line":764,"column":3}},"765":{"start":{"line":766,"column":0},"end":{"line":766,"column":60}},"766":{"start":{"line":767,"column":0},"end":{"line":767,"column":35}},"767":{"start":{"line":768,"column":0},"end":{"line":768,"column":52}},"768":{"start":{"line":769,"column":0},"end":{"line":769,"column":6}},"770":{"start":{"line":771,"column":0},"end":{"line":771,"column":71}},"771":{"start":{"line":772,"column":0},"end":{"line":772,"column":48}},"772":{"start":{"line":773,"column":0},"end":{"line":773,"column":47}},"773":{"start":{"line":774,"column":0},"end":{"line":774,"column":47}},"774":{"start":{"line":775,"column":0},"end":{"line":775,"column":40}},"775":{"start":{"line":776,"column":0},"end":{"line":776,"column":43}},"777":{"start":{"line":778,"column":0},"end":{"line":778,"column":33}},"778":{"start":{"line":779,"column":0},"end":{"line":779,"column":30}},"779":{"start":{"line":780,"column":0},"end":{"line":780,"column":18}},"780":{"start":{"line":781,"column":0},"end":{"line":781,"column":31}},"781":{"start":{"line":782,"column":0},"end":{"line":782,"column":26}},"782":{"start":{"line":783,"column":0},"end":{"line":783,"column":55}},"783":{"start":{"line":784,"column":0},"end":{"line":784,"column":11}},"784":{"start":{"line":785,"column":0},"end":{"line":785,"column":5}},"786":{"start":{"line":787,"column":0},"end":{"line":787,"column":19}},"787":{"start":{"line":788,"column":0},"end":{"line":788,"column":3}},"792":{"start":{"line":793,"column":0},"end":{"line":793,"column":19}},"793":{"start":{"line":794,"column":0},"end":{"line":794,"column":9}},"794":{"start":{"line":795,"column":0},"end":{"line":795,"column":37}},"795":{"start":{"line":796,"column":0},"end":{"line":796,"column":63}},"796":{"start":{"line":797,"column":0},"end":{"line":797,"column":7}},"797":{"start":{"line":798,"column":0},"end":{"line":798,"column":21}},"798":{"start":{"line":799,"column":0},"end":{"line":799,"column":39}},"799":{"start":{"line":800,"column":0},"end":{"line":800,"column":5}},"800":{"start":{"line":801,"column":0},"end":{"line":801,"column":3}},"801":{"start":{"line":802,"column":0},"end":{"line":802,"column":1}},"804":{"start":{"line":805,"column":0},"end":{"line":805,"column":73}},"805":{"start":{"line":806,"column":0},"end":{"line":806,"column":49}},"807":{"start":{"line":808,"column":0},"end":{"line":808,"column":7}},"808":{"start":{"line":809,"column":0},"end":{"line":809,"column":54}},"810":{"start":{"line":811,"column":0},"end":{"line":811,"column":39}},"811":{"start":{"line":812,"column":0},"end":{"line":812,"column":32}},"813":{"start":{"line":814,"column":0},"end":{"line":814,"column":38}},"814":{"start":{"line":815,"column":0},"end":{"line":815,"column":32}},"815":{"start":{"line":816,"column":0},"end":{"line":816,"column":12}},"816":{"start":{"line":817,"column":0},"end":{"line":817,"column":35}},"817":{"start":{"line":818,"column":0},"end":{"line":818,"column":5}},"819":{"start":{"line":820,"column":0},"end":{"line":820,"column":18}},"820":{"start":{"line":821,"column":0},"end":{"line":821,"column":13}},"821":{"start":{"line":822,"column":0},"end":{"line":822,"column":24}},"822":{"start":{"line":823,"column":0},"end":{"line":823,"column":3}},"823":{"start":{"line":824,"column":0},"end":{"line":824,"column":1}},"826":{"start":{"line":827,"column":0},"end":{"line":827,"column":30}},"827":{"start":{"line":828,"column":0},"end":{"line":828,"column":25}},"828":{"start":{"line":829,"column":0},"end":{"line":829,"column":21}},"829":{"start":{"line":830,"column":0},"end":{"line":830,"column":56}},"830":{"start":{"line":831,"column":0},"end":{"line":831,"column":6}},"831":{"start":{"line":832,"column":0},"end":{"line":832,"column":21}},"832":{"start":{"line":833,"column":0},"end":{"line":833,"column":40}},"833":{"start":{"line":834,"column":0},"end":{"line":834,"column":22}},"834":{"start":{"line":835,"column":0},"end":{"line":835,"column":7}},"835":{"start":{"line":836,"column":0},"end":{"line":836,"column":1}}},"s":{"6":0,"7":0,"33":0,"34":0,"37":0,"38":0,"39":0,"40":0,"45":0,"46":0,"48":0,"50":0,"52":0,"54":0,"57":0,"60":0,"63":0,"66":0,"69":0,"72":0,"75":0,"78":0,"79":0,"80":0,"81":0,"83":0,"84":0,"85":0,"90":0,"91":0,"94":0,"95":0,"96":0,"98":0,"99":0,"100":0,"102":0,"103":0,"106":0,"107":0,"108":0,"110":0,"111":0,"112":0,"113":0,"114":0,"115":0,"116":0,"119":0,"120":0,"121":0,"122":0,"123":0,"124":0,"125":0,"127":0,"128":0,"130":0,"131":0,"132":0,"134":0,"135":0,"136":0,"141":0,"142":0,"145":0,"146":0,"147":0,"149":0,"150":0,"152":0,"153":0,"154":0,"155":0,"156":0,"157":0,"159":0,"161":0,"162":0,"163":0,"164":0,"165":0,"166":0,"167":0,"168":0,"169":0,"170":0,"171":0,"172":0,"173":0,"174":0,"176":0,"177":0,"178":0,"183":0,"184":0,"186":0,"187":0,"188":0,"189":0,"190":0,"191":0,"192":0,"194":0,"195":0,"196":0,"197":0,"199":0,"200":0,"201":0,"202":0,"203":0,"204":0,"206":0,"207":0,"208":0,"209":0,"210":0,"211":0,"213":0,"214":0,"215":0,"220":0,"221":0,"223":0,"224":0,"226":0,"227":0,"228":0,"230":0,"231":0,"232":0,"233":0,"234":0,"236":0,"237":0,"238":0,"239":0,"240":0,"241":0,"243":0,"244":0,"245":0,"246":0,"247":0,"248":0,"249":0,"251":0,"252":0,"253":0,"254":0,"255":0,"256":0,"258":0,"259":0,"260":0,"262":0,"263":0,"264":0,"266":0,"267":0,"269":0,"270":0,"271":0,"272":0,"273":0,"274":0,"275":0,"276":0,"281":0,"282":0,"284":0,"285":0,"286":0,"287":0,"288":0,"289":0,"290":0,"292":0,"293":0,"294":0,"295":0,"296":0,"297":0,"298":0,"299":0,"300":0,"301":0,"302":0,"304":0,"306":0,"307":0,"308":0,"309":0,"310":0,"311":0,"313":0,"314":0,"315":0,"316":0,"317":0,"318":0,"319":0,"321":0,"322":0,"323":0,"324":0,"325":0,"327":0,"328":0,"329":0,"330":0,"331":0,"332":0,"333":0,"334":0,"339":0,"340":0,"342":0,"343":0,"344":0,"345":0,"346":0,"347":0,"350":0,"351":0,"352":0,"353":0,"355":0,"356":0,"357":0,"358":0,"359":0,"360":0,"361":0,"363":0,"364":0,"365":0,"366":0,"367":0,"368":0,"369":0,"370":0,"371":0,"372":0,"373":0,"374":0,"375":0,"376":0,"377":0,"379":0,"380":0,"381":0,"382":0,"383":0,"384":0,"385":0,"386":0,"387":0,"389":0,"390":0,"391":0,"392":0,"393":0,"395":0,"396":0,"397":0,"398":0,"399":0,"400":0,"401":0,"403":0,"404":0,"405":0,"406":0,"407":0,"409":0,"410":0,"411":0,"412":0,"413":0,"414":0,"419":0,"420":0,"422":0,"423":0,"426":0,"429":0,"432":0,"435":0,"438":0,"440":0,"442":0,"443":0,"444":0,"445":0,"446":0,"447":0,"449":0,"450":0,"451":0,"452":0,"453":0,"454":0,"455":0,"456":0,"457":0,"459":0,"460":0,"461":0,"462":0,"463":0,"464":0,"465":0,"466":0,"467":0,"469":0,"470":0,"472":0,"473":0,"474":0,"475":0,"476":0,"477":0,"478":0,"479":0,"484":0,"485":0,"487":0,"488":0,"491":0,"492":0,"493":0,"494":0,"495":0,"496":0,"497":0,"498":0,"500":0,"501":0,"503":0,"504":0,"505":0,"506":0,"507":0,"508":0,"509":0,"510":0,"512":0,"513":0,"514":0,"515":0,"516":0,"517":0,"518":0,"519":0,"520":0,"521":0,"523":0,"525":0,"526":0,"527":0,"528":0,"530":0,"531":0,"532":0,"533":0,"534":0,"535":0,"537":0,"538":0,"539":0,"541":0,"542":0,"543":0,"544":0,"545":0,"546":0,"547":0,"552":0,"553":0,"555":0,"556":0,"557":0,"558":0,"559":0,"560":0,"561":0,"564":0,"565":0,"566":0,"568":0,"569":0,"570":0,"571":0,"573":0,"574":0,"575":0,"576":0,"577":0,"578":0,"580":0,"581":0,"582":0,"583":0,"584":0,"585":0,"586":0,"587":0,"589":0,"591":0,"592":0,"593":0,"594":0,"595":0,"597":0,"598":0,"600":0,"601":0,"602":0,"603":0,"604":0,"605":0,"606":0,"607":0,"609":0,"610":0,"611":0,"614":0,"615":0,"617":0,"618":0,"619":0,"620":0,"622":0,"623":0,"624":0,"628":0,"629":0,"630":0,"631":0,"632":0,"634":0,"635":0,"636":0,"638":0,"639":0,"640":0,"641":0,"642":0,"643":0,"645":0,"646":0,"647":0,"649":0,"650":0,"651":0,"652":0,"653":0,"654":0,"656":0,"657":0,"658":0,"660":0,"661":0,"662":0,"663":0,"664":0,"666":0,"668":0,"669":0,"670":0,"671":0,"672":0,"673":0,"674":0,"677":0,"678":0,"680":0,"681":0,"682":0,"683":0,"684":0,"685":0,"686":0,"687":0,"688":0,"690":0,"691":0,"692":0,"694":0,"695":0,"696":0,"697":0,"699":0,"700":0,"701":0,"702":0,"703":0,"705":0,"706":0,"707":0,"708":0,"709":0,"710":0,"711":0,"713":0,"714":0,"715":0,"716":0,"717":0,"718":0,"719":0,"721":0,"722":0,"723":0,"724":0,"725":0,"726":0,"727":0,"728":0,"729":0,"730":0,"731":0,"732":0,"734":0,"735":0,"736":0,"737":0,"739":0,"740":0,"741":0,"742":0,"744":0,"745":0,"746":0,"747":0,"749":0,"750":0,"751":0,"752":0,"753":0,"754":0,"755":0,"756":0,"757":0,"758":0,"759":0,"761":0,"762":0,"763":0,"765":0,"766":0,"767":0,"768":0,"770":0,"771":0,"772":0,"773":0,"774":0,"775":0,"777":0,"778":0,"779":0,"780":0,"781":0,"782":0,"783":0,"784":0,"786":0,"787":0,"792":0,"793":0,"794":0,"795":0,"796":0,"797":0,"798":0,"799":0,"800":0,"801":0,"804":0,"805":0,"807":0,"808":0,"810":0,"811":0,"813":0,"814":0,"815":0,"816":0,"817":0,"819":0,"820":0,"821":0,"822":0,"823":0,"826":0,"827":0,"828":0,"829":0,"830":0,"831":0,"832":0,"833":0,"834":0,"835":0},"branchMap":{"0":{"type":"branch","line":1,"loc":{"start":{"line":1,"column":21023},"end":{"line":836,"column":1}},"locations":[{"start":{"line":1,"column":21023},"end":{"line":836,"column":1}}]}},"b":{"0":[1]},"fnMap":{"0":{"name":"(empty-report)","decl":{"start":{"line":1,"column":21023},"end":{"line":836,"column":1}},"loc":{"start":{"line":1,"column":21023},"end":{"line":836,"column":1}},"line":1}},"f":{"0":1}}}}