{"numTotalTestSuites":263,"numPassedTestSuites":245,"numFailedTestSuites":16,"numPendingTestSuites":2,"numTotalTests":533,"numPassedTests":517,"numFailedTests":9,"numPendingTests":7,"numTodoTests":0,"snapshot":{"added":0,"failure":false,"filesAdded":0,"filesRemoved":0,"filesRemovedList":[],"filesUnmatched":0,"filesUpdated":0,"matched":1,"total":1,"unchecked":0,"uncheckedKeysByFile":[],"unmatched":0,"updated":0,"didUpdate":false},"startTime":1756921342811,"success":false,"testResults":[{"assertionResults":[{"ancestorTitles":["App 组件","渲染测试"],"fullName":"App 组件 渲染测试 应该正确渲染应用标题","status":"passed","title":"应该正确渲染应用标题","duration":199.30840000000035,"failureMessages":[],"meta":{}},{"ancestorTitles":["App 组件","渲染测试"],"fullName":"App 组件 渲染测试 应该包含正确的技术栈信息","status":"passed","title":"应该包含正确的技术栈信息","duration":19.072299999999814,"failureMessages":[],"meta":{}},{"ancestorTitles":["App 组件","渲染测试"],"fullName":"App 组件 渲染测试 应该包含主容器元素","status":"passed","title":"应该包含主容器元素","duration":17.112099999999828,"failureMessages":[],"meta":{}},{"ancestorTitles":["App 组件","可访问性测试"],"fullName":"App 组件 可访问性测试 应该有正确的语义结构","status":"passed","title":"应该有正确的语义结构","duration":27.677599999999984,"failureMessages":[],"meta":{}},{"ancestorTitles":["App 组件","可访问性测试"],"fullName":"App 组件 可访问性测试 应该支持屏幕阅读器","status":"passed","title":"应该支持屏幕阅读器","duration":17.373399999999947,"failureMessages":[],"meta":{}},{"ancestorTitles":["App 组件","快照测试"],"fullName":"App 组件 快照测试 应该匹配快照","status":"passed","title":"应该匹配快照","duration":21.710199999999986,"failureMessages":[],"meta":{}}],"startTime":1756921349407,"endTime":1756921349710.7102,"status":"passed","message":"","name":"C:/buildgame/vitegame/src/App.test.tsx"},{"assertionResults":[{"ancestorTitles":["docs-scorer Performance Tests"],"fullName":"docs-scorer Performance Tests 单个文档解析性能测试","status":"passed","title":"单个文档解析性能测试","duration":1.5871000000001914,"failureMessages":[],"meta":{}},{"ancestorTitles":["docs-scorer Performance Tests"],"fullName":"docs-scorer Performance Tests AST缓存机制性能测试","status":"passed","title":"AST缓存机制性能测试","duration":0.5734999999999673,"failureMessages":[],"meta":{}},{"ancestorTitles":["docs-scorer Performance Tests"],"fullName":"docs-scorer Performance Tests 批量文档处理性能测试","status":"passed","title":"批量文档处理性能测试","duration":98.98019999999997,"failureMessages":[],"meta":{}},{"ancestorTitles":["docs-scorer Performance Tests"],"fullName":"docs-scorer Performance Tests 内存使用测试","status":"passed","title":"内存使用测试","duration":0.5618999999996959,"failureMessages":[],"meta":{}},{"ancestorTitles":["docs-scorer Performance Tests"],"fullName":"docs-scorer Performance Tests 并发处理性能测试","status":"passed","title":"并发处理性能测试","duration":14.996800000000349,"failureMessages":[],"meta":{}},{"ancestorTitles":["docs-scorer Performance Tests"],"fullName":"docs-scorer Performance Tests 大文档处理压力测试","status":"passed","title":"大文档处理压力测试","duration":307.33759999999984,"failureMessages":[],"meta":{}}],"startTime":1756921346663,"endTime":1756921347087.3376,"status":"passed","message":"","name":"C:/buildgame/vitegame/src/tests/docs-scorer-performance.test.js"},{"assertionResults":[{"ancestorTitles":["P95 采样方法论验证"],"fullName":"P95 采样方法论验证 演示单点测试的不稳定性 vs P95 的稳定性","status":"passed","title":"演示单点测试的不稳定性 vs P95 的稳定性","duration":1.3021000000003369,"failureMessages":[],"meta":{}},{"ancestorTitles":["P95 采样方法论验证"],"fullName":"P95 采样方法论验证 对比单点断言的不稳定性","status":"passed","title":"对比单点断言的不稳定性","duration":0.3407999999999447,"failureMessages":[],"meta":{}},{"ancestorTitles":["P95 采样方法论验证"],"fullName":"P95 采样方法论验证 验证 P95 计算的数学正确性","status":"passed","title":"验证 P95 计算的数学正确性","duration":0.404700000000048,"failureMessages":[],"meta":{}},{"ancestorTitles":["P95 采样方法论验证"],"fullName":"P95 采样方法论验证 验证 PerformanceCollector 的完整统计功能","status":"passed","title":"验证 PerformanceCollector 的完整统计功能","duration":0.4392000000002554,"failureMessages":[],"meta":{}}],"startTime":1756921357147,"endTime":1756921357149.4392,"status":"passed","message":"","name":"C:/buildgame/vitegame/src/__tests__/p95-sampling-demo.test.ts"},{"assertionResults":[{"ancestorTitles":["P95 性能测试工具","PerformanceCollector"],"fullName":"P95 性能测试工具 PerformanceCollector 应该正确计算 P95 值","status":"passed","title":"应该正确计算 P95 值","duration":2.805399999999281,"failureMessages":[],"meta":{}},{"ancestorTitles":["P95 性能测试工具","PerformanceCollector"],"fullName":"P95 性能测试工具 PerformanceCollector 应该正确计算平均值","status":"passed","title":"应该正确计算平均值","duration":0.5044000000007145,"failureMessages":[],"meta":{}},{"ancestorTitles":["P95 性能测试工具","PerformanceCollector"],"fullName":"P95 性能测试工具 PerformanceCollector 应该处理空数据集","status":"passed","title":"应该处理空数据集","duration":0.5806999999995242,"failureMessages":[],"meta":{}},{"ancestorTitles":["P95 性能测试工具","PerformanceCollector"],"fullName":"P95 性能测试工具 PerformanceCollector 应该正确报告样本数量","status":"passed","title":"应该正确报告样本数量","duration":0.7489999999997963,"failureMessages":[],"meta":{}},{"ancestorTitles":["P95 性能测试工具","P95 计算函数"],"fullName":"P95 性能测试工具 P95 计算函数 应该正确计算各种数据集的 P95 值","status":"passed","title":"应该正确计算各种数据集的 P95 值","duration":0.9454999999998108,"failureMessages":[],"meta":{}},{"ancestorTitles":["P95 性能测试工具","P95 计算函数"],"fullName":"P95 性能测试工具 P95 计算函数 应该处理边界情况","status":"passed","title":"应该处理边界情况","duration":0.4375,"failureMessages":[],"meta":{}},{"ancestorTitles":["P95 性能测试工具","PerformanceTestUtils 工厂方法"],"fullName":"P95 性能测试工具 PerformanceTestUtils 工厂方法 runP95Test 应该执行指定次数的采样","status":"passed","title":"runP95Test 应该执行指定次数的采样","duration":150.09239999999954,"failureMessages":[],"meta":{}},{"ancestorTitles":["P95 性能测试工具","PerformanceTestUtils 工厂方法"],"fullName":"P95 性能测试工具 PerformanceTestUtils 工厂方法 应该在 P95 超过阈值时抛出错误","status":"passed","title":"应该在 P95 超过阈值时抛出错误","duration":62.949100000000726,"failureMessages":[],"meta":{}}],"startTime":1756921351908,"endTime":1756921352127.9492,"status":"passed","message":"","name":"C:/buildgame/vitegame/src/__tests__/performance-utils.test.ts"},{"assertionResults":[{"ancestorTitles":[],"fullName":"backup creates a valid sqlite file","status":"skipped","title":"backup creates a valid sqlite file","failureMessages":[],"meta":{}},{"ancestorTitles":[],"fullName":"VACUUM INTO mode creates compressed backup","status":"skipped","title":"VACUUM INTO mode creates compressed backup","failureMessages":[],"meta":{}},{"ancestorTitles":[],"fullName":"backup handles concurrent access gracefully","status":"skipped","title":"backup handles concurrent access gracefully","failureMessages":[],"meta":{}},{"ancestorTitles":[],"fullName":"checkpoint integration with backup workflow","status":"skipped","title":"checkpoint integration with backup workflow","failureMessages":[],"meta":{}},{"ancestorTitles":[],"fullName":"backup error handling and validation","status":"skipped","title":"backup error handling and validation","failureMessages":[],"meta":{}},{"ancestorTitles":[],"fullName":"backup script JSON output format","status":"skipped","title":"backup script JSON output format","failureMessages":[],"meta":{}}],"startTime":1756921342811,"endTime":1756921342811,"status":"passed","message":"","name":"C:/buildgame/vitegame/tests/unit/db.backup.spec.ts"},{"assertionResults":[{"ancestorTitles":[],"fullName":"checkpoint TRUNCATE mode clears WAL file","status":"skipped","title":"checkpoint TRUNCATE mode clears WAL file","failureMessages":[],"meta":{}},{"ancestorTitles":[],"fullName":"checkpoint handles non-WAL databases gracefully","status":"passed","title":"checkpoint handles non-WAL databases gracefully","duration":283.84299999999985,"failureMessages":[],"meta":{}},{"ancestorTitles":[],"fullName":"checkpoint script parameter validation","status":"passed","title":"checkpoint script parameter validation","duration":273.2555000000002,"failureMessages":[],"meta":{}},{"ancestorTitles":[],"fullName":"checkpoint script help output","status":"passed","title":"checkpoint script help output","duration":308.92650000000003,"failureMessages":[],"meta":{}},{"ancestorTitles":[],"fullName":"checkpoint integration with guard:ci","status":"passed","title":"checkpoint integration with guard:ci","duration":441.8861999999999,"failureMessages":[],"meta":{}},{"ancestorTitles":[],"fullName":"checkpoint error handling and recovery","status":"passed","title":"checkpoint error handling and recovery","duration":405.99040000000014,"failureMessages":[],"meta":{}},{"ancestorTitles":[],"fullName":"checkpoint script JSON output format consistency","status":"passed","title":"checkpoint script JSON output format consistency","duration":766.8089,"failureMessages":[],"meta":{}}],"startTime":1756921345974,"endTime":1756921348454.8088,"status":"passed","message":"","name":"C:/buildgame/vitegame/tests/unit/db.checkpoint.spec.ts"},{"assertionResults":[{"ancestorTitles":["质量门禁配置","默认配置验证"],"fullName":"质量门禁配置 默认配置验证 应提供合理的覆盖率阈值","status":"passed","title":"应提供合理的覆盖率阈值","duration":3.072400000000016,"failureMessages":[],"meta":{}},{"ancestorTitles":["质量门禁配置","默认配置验证"],"fullName":"质量门禁配置 默认配置验证 应强制 Electron 安全配置","status":"passed","title":"应强制 Electron 安全配置","duration":0.6839999999997417,"failureMessages":[],"meta":{}},{"ancestorTitles":["质量门禁配置","默认配置验证"],"fullName":"质量门禁配置 默认配置验证 应提供合理的超时配置","status":"passed","title":"应提供合理的超时配置","duration":0.6752999999998792,"failureMessages":[],"meta":{}},{"ancestorTitles":["质量门禁配置","Sentry 配置验证"],"fullName":"质量门禁配置 Sentry 配置验证 应提供合理的 Release Health 阈值","status":"passed","title":"应提供合理的 Release Health 阈值","duration":0.5490999999997257,"failureMessages":[],"meta":{}},{"ancestorTitles":["质量门禁配置","Sentry 配置验证"],"fullName":"质量门禁配置 Sentry 配置验证 应提供合理的性能阈值","status":"passed","title":"应提供合理的性能阈值","duration":0.49919999999974607,"failureMessages":[],"meta":{}},{"ancestorTitles":["质量门禁配置","Electron 安全基线验证"],"fullName":"质量门禁配置 Electron 安全基线验证 应强制禁用危险的 Electron 特性","status":"passed","title":"应强制禁用危险的 Electron 特性","duration":0.5381000000002132,"failureMessages":[],"meta":{}},{"ancestorTitles":["质量门禁配置","Electron 安全基线验证"],"fullName":"质量门禁配置 Electron 安全基线验证 应提供严格的 CSP 配置","status":"passed","title":"应提供严格的 CSP 配置","duration":1.7631999999998698,"failureMessages":[],"meta":{}},{"ancestorTitles":["质量门禁配置","Electron 安全基线验证"],"fullName":"质量门禁配置 Electron 安全基线验证 应强制预加载脚本安全约束","status":"passed","title":"应强制预加载脚本安全约束","duration":0.38639999999986685,"failureMessages":[],"meta":{}},{"ancestorTitles":["环境变量配置","buildConfigFromEnv"],"fullName":"环境变量配置 buildConfigFromEnv 应使用环境变量覆盖默认配置","status":"passed","title":"应使用环境变量覆盖默认配置","duration":1.3018000000001848,"failureMessages":[],"meta":{}},{"ancestorTitles":["环境变量配置","buildConfigFromEnv"],"fullName":"环境变量配置 buildConfigFromEnv 应在缺少环境变量时使用默认值","status":"passed","title":"应在缺少环境变量时使用默认值","duration":0.6268999999997504,"failureMessages":[],"meta":{}},{"ancestorTitles":["环境变量配置","sentryConfigFromEnv"],"fullName":"环境变量配置 sentryConfigFromEnv 应使用环境变量覆盖 Sentry 配置","status":"passed","title":"应使用环境变量覆盖 Sentry 配置","duration":0.46849999999994907,"failureMessages":[],"meta":{}},{"ancestorTitles":["门禁脚本接口（占位）","package.json 脚本验证"],"fullName":"门禁脚本接口（占位） package.json 脚本验证 应暴露所有必需的门禁脚本","status":"passed","title":"应暴露所有必需的门禁脚本","duration":0.2448000000003958,"failureMessages":[],"meta":{}},{"ancestorTitles":["门禁脚本接口（占位）","门禁结果类型验证"],"fullName":"门禁脚本接口（占位） 门禁结果类型验证 GateResult 应包含必要字段","status":"passed","title":"GateResult 应包含必要字段","duration":0.6290999999996529,"failureMessages":[],"meta":{}},{"ancestorTitles":["门禁脚本接口（占位）","门禁结果类型验证"],"fullName":"门禁脚本接口（占位） 门禁结果类型验证 BuildPipelineResult 应聚合所有阶段结果","status":"passed","title":"BuildPipelineResult 应聚合所有阶段结果","duration":0.46889999999984866,"failureMessages":[],"meta":{}},{"ancestorTitles":["Release Health 数据处理（占位）"],"fullName":"Release Health 数据处理（占位） 应验证 Release Health 数据格式","status":"passed","title":"应验证 Release Health 数据格式","duration":0.5552999999999884,"failureMessages":[],"meta":{}},{"ancestorTitles":["Release Health 数据处理（占位）"],"fullName":"Release Health 数据处理（占位） 应检测 Release Health 违规","status":"passed","title":"应检测 Release Health 违规","duration":2.7753999999999905,"failureMessages":[],"meta":{}}],"startTime":1756921355418,"endTime":1756921355434.7754,"status":"passed","message":"","name":"C:/buildgame/vitegame/tests/unit/gates.spec.ts"},{"assertionResults":[{"ancestorTitles":["Glossary SSoT Contract","Core Term Validation"],"fullName":"Glossary SSoT Contract Core Term Validation should validate a complete and valid term","status":"passed","title":"should validate a complete and valid term","duration":4.03859999999986,"failureMessages":[],"meta":{}},{"ancestorTitles":["Glossary SSoT Contract","Core Term Validation"],"fullName":"Glossary SSoT Contract Core Term Validation should reject terms with missing required fields","status":"passed","title":"should reject terms with missing required fields","duration":1.422900000000027,"failureMessages":[],"meta":{}},{"ancestorTitles":["Glossary SSoT Contract","Core Term Validation"],"fullName":"Glossary SSoT Contract Core Term Validation should reject invalid term types","status":"passed","title":"should reject invalid term types","duration":0.5333999999998014,"failureMessages":[],"meta":{}},{"ancestorTitles":["Glossary SSoT Contract","Core Term Validation"],"fullName":"Glossary SSoT Contract Core Term Validation should warn about missing optional fields","status":"passed","title":"should warn about missing optional fields","duration":0.5799999999999272,"failureMessages":[],"meta":{}},{"ancestorTitles":["Glossary SSoT Contract","Core Term Validation"],"fullName":"Glossary SSoT Contract Core Term Validation should warn about special characters in term names","status":"passed","title":"should warn about special characters in term names","duration":0.3765000000003056,"failureMessages":[],"meta":{}},{"ancestorTitles":["Glossary SSoT Contract","Core Term Validation"],"fullName":"Glossary SSoT Contract Core Term Validation should warn about very long definitions","status":"passed","title":"should warn about very long definitions","duration":0.46680000000014843,"failureMessages":[],"meta":{}},{"ancestorTitles":["Glossary SSoT Contract","Glossary Terms Dictionary"],"fullName":"Glossary SSoT Contract Glossary Terms Dictionary should contain essential architectural terms","status":"passed","title":"should contain essential architectural terms","duration":1.4497000000001208,"failureMessages":[],"meta":{}},{"ancestorTitles":["Glossary SSoT Contract","Glossary Terms Dictionary"],"fullName":"Glossary SSoT Contract Glossary Terms Dictionary should have all terms with both language translations","status":"passed","title":"should have all terms with both language translations","duration":7.774799999999686,"failureMessages":[],"meta":{}},{"ancestorTitles":["Glossary SSoT Contract","Glossary Terms Dictionary"],"fullName":"Glossary SSoT Contract Glossary Terms Dictionary should maintain reasonable term counts","status":"passed","title":"should maintain reasonable term counts","duration":0.6615999999999076,"failureMessages":[],"meta":{}},{"ancestorTitles":["Glossary SSoT Contract","Translation Uniqueness"],"fullName":"Glossary SSoT Contract Translation Uniqueness should not have duplicate English translations","status":"passed","title":"should not have duplicate English translations","duration":0.5711999999998625,"failureMessages":[],"meta":{}},{"ancestorTitles":["Glossary SSoT Contract","Translation Uniqueness"],"fullName":"Glossary SSoT Contract Translation Uniqueness should not have duplicate Chinese translations","status":"passed","title":"should not have duplicate Chinese translations","duration":0.2571000000002641,"failureMessages":[],"meta":{}},{"ancestorTitles":["Glossary SSoT Contract","Translation Uniqueness"],"fullName":"Glossary SSoT Contract Translation Uniqueness should detect duplicate translations when they exist","status":"passed","title":"should detect duplicate translations when they exist","duration":0.30569999999988795,"failureMessages":[],"meta":{}},{"ancestorTitles":["Glossary SSoT Contract","Event Naming Validation"],"fullName":"Glossary SSoT Contract Event Naming Validation should validate correct event naming patterns","status":"passed","title":"should validate correct event naming patterns","duration":0.42250000000012733,"failureMessages":[],"meta":{}},{"ancestorTitles":["Glossary SSoT Contract","Event Naming Validation"],"fullName":"Glossary SSoT Contract Event Naming Validation should reject invalid event naming patterns","status":"passed","title":"should reject invalid event naming patterns","duration":0.32389999999986685,"failureMessages":[],"meta":{}},{"ancestorTitles":["Glossary SSoT Contract","Event Naming Validation"],"fullName":"Glossary SSoT Contract Event Naming Validation should validate all example event names","status":"passed","title":"should validate all example event names","duration":0.2597000000000662,"failureMessages":[],"meta":{}},{"ancestorTitles":["Glossary SSoT Contract","Utility Functions","getTermTranslation"],"fullName":"Glossary SSoT Contract Utility Functions getTermTranslation should return correct translations for existing terms","status":"passed","title":"should return correct translations for existing terms","duration":0.2448999999996886,"failureMessages":[],"meta":{}},{"ancestorTitles":["Glossary SSoT Contract","Utility Functions","getTermTranslation"],"fullName":"Glossary SSoT Contract Utility Functions getTermTranslation should return undefined for non-existent terms","status":"passed","title":"should return undefined for non-existent terms","duration":0.2341999999998734,"failureMessages":[],"meta":{}},{"ancestorTitles":["Glossary SSoT Contract","Utility Functions","searchTerms"],"fullName":"Glossary SSoT Contract Utility Functions searchTerms should find terms by partial English text","status":"passed","title":"should find terms by partial English text","duration":0.3463000000001557,"failureMessages":[],"meta":{}},{"ancestorTitles":["Glossary SSoT Contract","Utility Functions","searchTerms"],"fullName":"Glossary SSoT Contract Utility Functions searchTerms should find terms by partial Chinese text","status":"passed","title":"should find terms by partial Chinese text","duration":0.2357999999999265,"failureMessages":[],"meta":{}},{"ancestorTitles":["Glossary SSoT Contract","Utility Functions","searchTerms"],"fullName":"Glossary SSoT Contract Utility Functions searchTerms should find terms by key name","status":"passed","title":"should find terms by key name","duration":0.22390000000041255,"failureMessages":[],"meta":{}},{"ancestorTitles":["Glossary SSoT Contract","Utility Functions","searchTerms"],"fullName":"Glossary SSoT Contract Utility Functions searchTerms should be case insensitive","status":"passed","title":"should be case insensitive","duration":0.20010000000002037,"failureMessages":[],"meta":{}},{"ancestorTitles":["Glossary SSoT Contract","Utility Functions","searchTerms"],"fullName":"Glossary SSoT Contract Utility Functions searchTerms should return empty array for no matches","status":"passed","title":"should return empty array for no matches","duration":0.23090000000001965,"failureMessages":[],"meta":{}},{"ancestorTitles":["Glossary SSoT Contract","Utility Functions","isGlossaryTermKey"],"fullName":"Glossary SSoT Contract Utility Functions isGlossaryTermKey should return true for valid term keys","status":"passed","title":"should return true for valid term keys","duration":0.4454000000000633,"failureMessages":[],"meta":{}},{"ancestorTitles":["Glossary SSoT Contract","Utility Functions","isGlossaryTermKey"],"fullName":"Glossary SSoT Contract Utility Functions isGlossaryTermKey should return false for invalid term keys","status":"passed","title":"should return false for invalid term keys","duration":0.2624000000000706,"failureMessages":[],"meta":{}},{"ancestorTitles":["Glossary SSoT Contract","Validator Collection"],"fullName":"Glossary SSoT Contract Validator Collection should export all validation functions in GlossaryValidators","status":"passed","title":"should export all validation functions in GlossaryValidators","duration":0.266399999999976,"failureMessages":[],"meta":{}},{"ancestorTitles":["Glossary SSoT Contract","Validator Collection"],"fullName":"Glossary SSoT Contract Validator Collection should export all utility functions in GlossaryUtils","status":"passed","title":"should export all utility functions in GlossaryUtils","duration":0.22550000000001091,"failureMessages":[],"meta":{}},{"ancestorTitles":["Glossary SSoT Contract","SSoT Integrity"],"fullName":"Glossary SSoT Contract SSoT Integrity should maintain non-empty glossary","status":"passed","title":"should maintain non-empty glossary","duration":0.19549999999981083,"failureMessages":[],"meta":{}},{"ancestorTitles":["Glossary SSoT Contract","SSoT Integrity"],"fullName":"Glossary SSoT Contract SSoT Integrity should have consistent term key naming","status":"passed","title":"should have consistent term key naming","duration":2.094000000000051,"failureMessages":[],"meta":{}},{"ancestorTitles":["Glossary SSoT Contract","SSoT Integrity"],"fullName":"Glossary SSoT Contract SSoT Integrity should maintain architectural terms coverage","status":"passed","title":"should maintain architectural terms coverage","duration":1.5747000000001208,"failureMessages":[],"meta":{}},{"ancestorTitles":["Glossary SSoT Contract","SSoT Integrity"],"fullName":"Glossary SSoT Contract SSoT Integrity should provide SSoT functionality for event naming","status":"passed","title":"should provide SSoT functionality for event naming","duration":0.309099999999944,"failureMessages":[],"meta":{}},{"ancestorTitles":["Glossary SSoT Contract","SSoT Integrity"],"fullName":"Glossary SSoT Contract SSoT Integrity should support i18n requirements","status":"passed","title":"should support i18n requirements","duration":3.1579999999999018,"failureMessages":[],"meta":{}},{"ancestorTitles":["Glossary SSoT Contract","Performance and Scalability"],"fullName":"Glossary SSoT Contract Performance and Scalability should handle glossary operations efficiently","status":"passed","title":"should handle glossary operations efficiently","duration":0.3481000000001586,"failureMessages":[],"meta":{}},{"ancestorTitles":["Glossary SSoT Contract","Performance and Scalability"],"fullName":"Glossary SSoT Contract Performance and Scalability should handle search operations efficiently","status":"passed","title":"should handle search operations efficiently","duration":0.229200000000219,"failureMessages":[],"meta":{}},{"ancestorTitles":["Glossary Integration Tests","i18n Integration"],"fullName":"Glossary Integration Tests i18n Integration should provide consistent translation mapping","status":"passed","title":"should provide consistent translation mapping","duration":5.057800000000043,"failureMessages":[],"meta":{}},{"ancestorTitles":["Glossary Integration Tests","i18n Integration"],"fullName":"Glossary Integration Tests i18n Integration should support reverse translation lookup","status":"passed","title":"should support reverse translation lookup","duration":0.46230000000014115,"failureMessages":[],"meta":{}},{"ancestorTitles":["Glossary Integration Tests","Event System Integration"],"fullName":"Glossary Integration Tests Event System Integration should validate event naming patterns used in the system","status":"passed","title":"should validate event naming patterns used in the system","duration":0.34680000000025757,"failureMessages":[],"meta":{}},{"ancestorTitles":["Glossary Integration Tests","Event System Integration"],"fullName":"Glossary Integration Tests Event System Integration should support domain prefix placeholder validation","status":"passed","title":"should support domain prefix placeholder validation","duration":1.2164000000002488,"failureMessages":[],"meta":{}},{"ancestorTitles":["Glossary Integration Tests","Architecture Documentation Integration"],"fullName":"Glossary Integration Tests Architecture Documentation Integration should align with security baseline terms (Chapter 02)","status":"passed","title":"should align with security baseline terms (Chapter 02)","duration":0.9555999999997766,"failureMessages":[],"meta":{}},{"ancestorTitles":["Glossary Integration Tests","Architecture Documentation Integration"],"fullName":"Glossary Integration Tests Architecture Documentation Integration should align with quality goals terms (Chapter 01)","status":"passed","title":"should align with quality goals terms (Chapter 01)","duration":0.7258999999999105,"failureMessages":[],"meta":{}},{"ancestorTitles":["Glossary Integration Tests","Architecture Documentation Integration"],"fullName":"Glossary Integration Tests Architecture Documentation Integration should support Base-Clean placeholder pattern","status":"passed","title":"should support Base-Clean placeholder pattern","duration":0.5416999999997643,"failureMessages":[],"meta":{}}],"startTime":1756921351677,"endTime":1756921351718.7258,"status":"passed","message":"","name":"C:/buildgame/vitegame/tests/unit/glossary.spec.ts"},{"assertionResults":[{"ancestorTitles":["Guild Manager Chunk 001 - Core Models","Guild Entity"],"fullName":"Guild Manager Chunk 001 - Core Models Guild Entity should have valid guild properties","status":"passed","title":"should have valid guild properties","duration":3.776100000000042,"failureMessages":[],"meta":{}},{"ancestorTitles":["Guild Manager Chunk 001 - Core Models","Guild Entity"],"fullName":"Guild Manager Chunk 001 - Core Models Guild Entity should have proper resource state","status":"passed","title":"should have proper resource state","duration":0.6784999999999854,"failureMessages":[],"meta":{}},{"ancestorTitles":["Guild Manager Chunk 001 - Core Models","Guild Entity"],"fullName":"Guild Manager Chunk 001 - Core Models Guild Entity should support members array","status":"passed","title":"should support members array","duration":0.5230999999998858,"failureMessages":[],"meta":{}},{"ancestorTitles":["Guild Manager Chunk 001 - Core Models","Guild Member Entity"],"fullName":"Guild Manager Chunk 001 - Core Models Guild Member Entity should have valid member properties","status":"passed","title":"should have valid member properties","duration":0.4527000000002772,"failureMessages":[],"meta":{}},{"ancestorTitles":["Guild Manager Chunk 001 - Core Models","Guild Member Entity"],"fullName":"Guild Manager Chunk 001 - Core Models Guild Member Entity should have personality traits within valid range","status":"passed","title":"should have personality traits within valid range","duration":0.9050999999999476,"failureMessages":[],"meta":{}},{"ancestorTitles":["Guild Manager Chunk 001 - Core Models","Guild Member Entity"],"fullName":"Guild Manager Chunk 001 - Core Models Guild Member Entity should support empty relationships map","status":"passed","title":"should support empty relationships map","duration":1.7777999999998428,"failureMessages":[],"meta":{}},{"ancestorTitles":["Guild Manager Chunk 001 - Core Models","Guild Member Entity"],"fullName":"Guild Manager Chunk 001 - Core Models Guild Member Entity should support adding relationships","status":"passed","title":"should support adding relationships","duration":0.33279999999967913,"failureMessages":[],"meta":{}},{"ancestorTitles":["Guild Manager Chunk 001 - Core Models","Game Turn Entity"],"fullName":"Guild Manager Chunk 001 - Core Models Game Turn Entity should have valid turn properties","status":"passed","title":"should have valid turn properties","duration":0.5001000000002023,"failureMessages":[],"meta":{}},{"ancestorTitles":["Guild Manager Chunk 001 - Core Models","Game Turn Entity"],"fullName":"Guild Manager Chunk 001 - Core Models Game Turn Entity should support phase transitions","status":"passed","title":"should support phase transitions","duration":0.5875999999998385,"failureMessages":[],"meta":{}},{"ancestorTitles":["Guild Manager Chunk 001 - Core Models","Game Turn Entity"],"fullName":"Guild Manager Chunk 001 - Core Models Game Turn Entity should support pending decisions","status":"passed","title":"should support pending decisions","duration":0.6395999999999731,"failureMessages":[],"meta":{}},{"ancestorTitles":["Guild Manager Chunk 001 - Repository Contracts","Guild Repository"],"fullName":"Guild Manager Chunk 001 - Repository Contracts Guild Repository should support basic CRUD operations","status":"passed","title":"should support basic CRUD operations","duration":0.8822000000000116,"failureMessages":[],"meta":{}},{"ancestorTitles":["Guild Manager Chunk 001 - Repository Contracts","Guild Repository"],"fullName":"Guild Manager Chunk 001 - Repository Contracts Guild Repository should have extended repository methods","status":"passed","title":"should have extended repository methods","duration":0.2990999999997257,"failureMessages":[],"meta":{}},{"ancestorTitles":["Guild Manager Chunk 001 - Repository Contracts","Member Repository"],"fullName":"Guild Manager Chunk 001 - Repository Contracts Member Repository should support basic CRUD operations","status":"passed","title":"should support basic CRUD operations","duration":0.36639999999988504,"failureMessages":[],"meta":{}},{"ancestorTitles":["Guild Manager Chunk 001 - Repository Contracts","Member Repository"],"fullName":"Guild Manager Chunk 001 - Repository Contracts Member Repository should have extended repository methods","status":"passed","title":"should have extended repository methods","duration":0.38639999999986685,"failureMessages":[],"meta":{}},{"ancestorTitles":["Guild Manager Chunk 001 - Repository Contracts","Turn Repository"],"fullName":"Guild Manager Chunk 001 - Repository Contracts Turn Repository should support basic CRUD operations","status":"passed","title":"should support basic CRUD operations","duration":0.4110000000000582,"failureMessages":[],"meta":{}},{"ancestorTitles":["Guild Manager Chunk 001 - Repository Contracts","Turn Repository"],"fullName":"Guild Manager Chunk 001 - Repository Contracts Turn Repository should have extended repository methods","status":"passed","title":"should have extended repository methods","duration":0.30169999999998254,"failureMessages":[],"meta":{}},{"ancestorTitles":["Guild Manager Chunk 001 - Business Logic","Turn Phase Transitions"],"fullName":"Guild Manager Chunk 001 - Business Logic Turn Phase Transitions should validate turn phase transitions","status":"passed","title":"should validate turn phase transitions","duration":1.4286000000001877,"failureMessages":[],"meta":{}},{"ancestorTitles":["Guild Manager Chunk 001 - Business Logic","Member State Management"],"fullName":"Guild Manager Chunk 001 - Business Logic Member State Management should support all member states","status":"passed","title":"should support all member states","duration":0.9728000000000065,"failureMessages":[],"meta":{}},{"ancestorTitles":["Guild Manager Chunk 001 - Business Logic","Member State Management"],"fullName":"Guild Manager Chunk 001 - Business Logic Member State Management should validate personality traits range","status":"passed","title":"should validate personality traits range","duration":0.6808999999998377,"failureMessages":[],"meta":{}},{"ancestorTitles":["Guild Manager Chunk 001 - Business Logic","Resource Management"],"fullName":"Guild Manager Chunk 001 - Business Logic Resource Management should support resource calculations","status":"passed","title":"should support resource calculations","duration":0.4815000000003238,"failureMessages":[],"meta":{}},{"ancestorTitles":["Guild Manager Chunk 001 - Business Logic","Resource Management"],"fullName":"Guild Manager Chunk 001 - Business Logic Resource Management should handle resource constraints","status":"passed","title":"should handle resource constraints","duration":0.48450000000002547,"failureMessages":[],"meta":{}},{"ancestorTitles":["Guild Manager Chunk 001 - Business Logic","Decision System"],"fullName":"Guild Manager Chunk 001 - Business Logic Decision System should create valid decisions","status":"passed","title":"should create valid decisions","duration":0.5996000000000095,"failureMessages":[],"meta":{}},{"ancestorTitles":["Guild Manager Chunk 001 - Type Safety Tests"],"fullName":"Guild Manager Chunk 001 - Type Safety Tests should enforce strong typing for state changes","status":"passed","title":"should enforce strong typing for state changes","duration":0.23590000000012878,"failureMessages":[],"meta":{}},{"ancestorTitles":["Guild Manager Chunk 001 - Type Safety Tests"],"fullName":"Guild Manager Chunk 001 - Type Safety Tests should validate decision parameters with discriminated unions","status":"passed","title":"should validate decision parameters with discriminated unions","duration":0.22719999999981155,"failureMessages":[],"meta":{}},{"ancestorTitles":["Guild Manager Chunk 001 - Type Safety Tests"],"fullName":"Guild Manager Chunk 001 - Type Safety Tests should validate AI action parameters","status":"passed","title":"should validate AI action parameters","duration":0.29539999999997235,"failureMessages":[],"meta":{}},{"ancestorTitles":["Guild Manager Chunk 001 - CloudEvents Validation Tests"],"fullName":"Guild Manager Chunk 001 - CloudEvents Validation Tests should validate CloudEvent 1.0 structure","status":"passed","title":"should validate CloudEvent 1.0 structure","duration":1.6385999999997694,"failureMessages":[],"meta":{}},{"ancestorTitles":["Guild Manager Chunk 001 - CloudEvents Validation Tests"],"fullName":"Guild Manager Chunk 001 - CloudEvents Validation Tests should reject invalid CloudEvent structure","status":"passed","title":"should reject invalid CloudEvent structure","duration":0.49240000000008877,"failureMessages":[],"meta":{}},{"ancestorTitles":["Guild Manager Chunk 001 - CloudEvents Validation Tests"],"fullName":"Guild Manager Chunk 001 - CloudEvents Validation Tests should reject unknown event types","status":"passed","title":"should reject unknown event types","duration":0.4151999999999134,"failureMessages":[],"meta":{}},{"ancestorTitles":["Guild Manager Chunk 001 - CloudEvents Validation Tests"],"fullName":"Guild Manager Chunk 001 - CloudEvents Validation Tests should create standard CloudEvents","status":"passed","title":"should create standard CloudEvents","duration":1.7028000000000247,"failureMessages":[],"meta":{}},{"ancestorTitles":["Guild Manager Chunk 001 - Performance Tests"],"fullName":"Guild Manager Chunk 001 - Performance Tests should handle large member collections efficiently","status":"passed","title":"should handle large member collections efficiently","duration":4.500300000000152,"failureMessages":[],"meta":{}},{"ancestorTitles":["Guild Manager Chunk 001 - Performance Tests"],"fullName":"Guild Manager Chunk 001 - Performance Tests should validate SLO thresholds","status":"passed","title":"should validate SLO thresholds","duration":0.29899999999997817,"failureMessages":[],"meta":{}}],"startTime":1756921354989,"endTime":1756921355018.5002,"status":"passed","message":"","name":"C:/buildgame/vitegame/tests/unit/guild-manager-chunk-001.spec.ts"},{"assertionResults":[{"ancestorTitles":["公会管理器 - PVE 系统与战术中心","阵容管理"],"fullName":"公会管理器 - PVE 系统与战术中心 阵容管理 应该创建有效的大型副本阵容","status":"passed","title":"应该创建有效的大型副本阵容","duration":4.1491000000000895,"failureMessages":[],"meta":{}},{"ancestorTitles":["公会管理器 - PVE 系统与战术中心","阵容管理"],"fullName":"公会管理器 - PVE 系统与战术中心 阵容管理 应该创建不同类型的副本阵容","status":"passed","title":"应该创建不同类型的副本阵容","duration":1.8139999999998508,"failureMessages":[],"meta":{}},{"ancestorTitles":["公会管理器 - PVE 系统与战术中心","阵容管理"],"fullName":"公会管理器 - PVE 系统与战术中心 阵容管理 应该支持成员分配到特定角色","status":"passed","title":"应该支持成员分配到特定角色","duration":1.4666999999999462,"failureMessages":[],"meta":{}},{"ancestorTitles":["公会管理器 - PVE 系统与战术中心","阵容管理"],"fullName":"公会管理器 - PVE 系统与战术中心 阵容管理 应该验证阵容配置的有效性","status":"passed","title":"应该验证阵容配置的有效性","duration":0.5139000000003762,"failureMessages":[],"meta":{}},{"ancestorTitles":["公会管理器 - PVE 系统与战术中心","AI 自动分配系统"],"fullName":"公会管理器 - PVE 系统与战术中心 AI 自动分配系统 AI自动分配应该在指定时间内完成","status":"passed","title":"AI自动分配应该在指定时间内完成","duration":279.81089999999995,"failureMessages":[],"meta":{}},{"ancestorTitles":["公会管理器 - PVE 系统与战术中心","AI 自动分配系统"],"fullName":"公会管理器 - PVE 系统与战术中心 AI 自动分配系统 AI分配应该返回合理的推荐结果","status":"passed","title":"AI分配应该返回合理的推荐结果","duration":251.80349999999999,"failureMessages":[],"meta":{}},{"ancestorTitles":["公会管理器 - PVE 系统与战术中心","阵容复制与管理"],"fullName":"公会管理器 - PVE 系统与战术中心 阵容复制与管理 应该支持阵容复制功能","status":"passed","title":"应该支持阵容复制功能","duration":2.173500000000331,"failureMessages":[],"meta":{}},{"ancestorTitles":["公会管理器 - PVE 系统与战术中心","阵容复制与管理"],"fullName":"公会管理器 - PVE 系统与战术中心 阵容复制与管理 应该支持阵容删除功能","status":"passed","title":"应该支持阵容删除功能","duration":0.44010000000025684,"failureMessages":[],"meta":{}},{"ancestorTitles":["公会管理器 - PVE 系统与战术中心","Repository 查询功能"],"fullName":"公会管理器 - PVE 系统与战术中心 Repository 查询功能 应该能按公会ID查询阵容","status":"passed","title":"应该能按公会ID查询阵容","duration":0.8802999999998065,"failureMessages":[],"meta":{}},{"ancestorTitles":["公会管理器 - PVE 系统与战术中心","Repository 查询功能"],"fullName":"公会管理器 - PVE 系统与战术中心 Repository 查询功能 应该能按副本类型查询阵容","status":"passed","title":"应该能按副本类型查询阵容","duration":0.5837999999998829,"failureMessages":[],"meta":{}},{"ancestorTitles":["公会管理器 - PVE 系统与战术中心","性能与错误处理"],"fullName":"公会管理器 - PVE 系统与战术中心 性能与错误处理 阵容创建操作应该满足性能SLO","status":"passed","title":"阵容创建操作应该满足性能SLO","duration":0.2203999999996995,"failureMessages":[],"meta":{}},{"ancestorTitles":["公会管理器 - PVE 系统与战术中心","性能与错误处理"],"fullName":"公会管理器 - PVE 系统与战术中心 性能与错误处理 应该正确处理不存在的阵容ID","status":"passed","title":"应该正确处理不存在的阵容ID","duration":0.27719999999999345,"failureMessages":[],"meta":{}},{"ancestorTitles":["公会管理器 - PVE 系统与战术中心","性能与错误处理"],"fullName":"公会管理器 - PVE 系统与战术中心 性能与错误处理 应该处理无效的角色分配请求","status":"passed","title":"应该处理无效的角色分配请求","duration":2.936899999999696,"failureMessages":[],"meta":{}},{"ancestorTitles":["公会管理器 - PVE 系统与战术中心","SLO 常量验证"],"fullName":"公会管理器 - PVE 系统与战术中心 SLO 常量验证 应该定义所有必要的 SLO 常量","status":"passed","title":"应该定义所有必要的 SLO 常量","duration":0.5676000000003114,"failureMessages":[],"meta":{}},{"ancestorTitles":["战术中心服务"],"fullName":"战术中心服务 应该支持战斗模拟计算","status":"passed","title":"应该支持战斗模拟计算","duration":0.2240999999999076,"failureMessages":[],"meta":{}},{"ancestorTitles":["战术中心服务"],"fullName":"战术中心服务 应该支持阵容优化建议","status":"passed","title":"应该支持阵容优化建议","duration":0.20460000000002765,"failureMessages":[],"meta":{}},{"ancestorTitles":["战术中心服务"],"fullName":"战术中心服务 应该生成战术报告","status":"passed","title":"应该生成战术报告","duration":0.1938999999997577,"failureMessages":[],"meta":{}}],"startTime":1756921350833,"endTime":1756921351383.224,"status":"passed","message":"","name":"C:/buildgame/vitegame/tests/unit/guild-manager-chunk-002.spec.ts"},{"assertionResults":[{"ancestorTitles":["NFR Keys"],"fullName":"NFR Keys 应包含所有必需的可靠性 NFR 键值","status":"passed","title":"应包含所有必需的可靠性 NFR 键值","duration":3.1639000000000124,"failureMessages":[],"meta":{}},{"ancestorTitles":["NFR Keys"],"fullName":"NFR Keys 应包含所有必需的性能 NFR 键值","status":"passed","title":"应包含所有必需的性能 NFR 键值","duration":1.1082000000001244,"failureMessages":[],"meta":{}},{"ancestorTitles":["NFR Keys"],"fullName":"NFR Keys 应包含所有必需的可用性和安全性 NFR 键值","status":"passed","title":"应包含所有必需的可用性和安全性 NFR 键值","duration":0.8247000000001208,"failureMessages":[],"meta":{}},{"ancestorTitles":["NFR Keys"],"fullName":"NFR Keys 所有 NFR 键值应该是唯一的","status":"passed","title":"所有 NFR 键值应该是唯一的","duration":0.3375999999998385,"failureMessages":[],"meta":{}},{"ancestorTitles":["Service Level Indicators (SLI)"],"fullName":"Service Level Indicators (SLI) 应定义核心 SLI 并包含必需字段","status":"passed","title":"应定义核心 SLI 并包含必需字段","duration":0.8768000000000029,"failureMessages":[],"meta":{}},{"ancestorTitles":["Service Level Indicators (SLI)"],"fullName":"Service Level Indicators (SLI) 每个 SLI 应该有对应的 NFR 键值","status":"passed","title":"每个 SLI 应该有对应的 NFR 键值","duration":0.5851999999999862,"failureMessages":[],"meta":{}},{"ancestorTitles":["Service Level Objectives (SLO)"],"fullName":"Service Level Objectives (SLO) 应定义核心 SLO 并包含环境差异化目标","status":"passed","title":"应定义核心 SLO 并包含环境差异化目标","duration":0.5367000000001099,"failureMessages":[],"meta":{}},{"ancestorTitles":["Service Level Objectives (SLO)"],"fullName":"Service Level Objectives (SLO) 所有 SLO 应该有对应的 SLI","status":"passed","title":"所有 SLO 应该有对应的 SLI","duration":0.39620000000013533,"failureMessages":[],"meta":{}},{"ancestorTitles":["Service Level Objectives (SLO)"],"fullName":"Service Level Objectives (SLO) 生产环境目标应该最严格","status":"passed","title":"生产环境目标应该最严格","duration":0.9688000000001011,"failureMessages":[],"meta":{}},{"ancestorTitles":["ReleaseHealthGate"],"fullName":"ReleaseHealthGate 应该正确实例化并保存配置","status":"passed","title":"应该正确实例化并保存配置","duration":1.7192000000000007,"failureMessages":[],"meta":{}},{"ancestorTitles":["ReleaseHealthGate"],"fullName":"ReleaseHealthGate 应该使用默认阈值当未提供环境变量时","status":"passed","title":"应该使用默认阈值当未提供环境变量时","duration":2.9681000000000495,"failureMessages":[],"meta":{}},{"ancestorTitles":["ReleaseHealthGate"],"fullName":"ReleaseHealthGate 应该识别违规并返回失败结果","status":"passed","title":"应该识别违规并返回失败结果","duration":1.0533000000000357,"failureMessages":[],"meta":{}},{"ancestorTitles":["ReleaseHealthGate"],"fullName":"ReleaseHealthGate 应该支持环境变量覆盖阈值","status":"passed","title":"应该支持环境变量覆盖阈值","duration":0.7399000000000342,"failureMessages":[],"meta":{}},{"ancestorTitles":["ReleaseHealthGate"],"fullName":"ReleaseHealthGate 应该生成格式化的 Markdown 报告","status":"passed","title":"应该生成格式化的 Markdown 报告","duration":0.840900000000147,"failureMessages":[],"meta":{}},{"ancestorTitles":["ReleaseHealthGate"],"fullName":"ReleaseHealthGate 应该在检查失败时抛出适当的错误","status":"passed","title":"应该在检查失败时抛出适当的错误","duration":2.4942000000000917,"failureMessages":[],"meta":{}},{"ancestorTitles":["Default Configurations"],"fullName":"Default Configurations 应该定义有效的默认采样配置","status":"passed","title":"应该定义有效的默认采样配置","duration":1.3184000000001106,"failureMessages":[],"meta":{}},{"ancestorTitles":["Default Configurations"],"fullName":"Default Configurations 应该定义有效的默认观察窗口","status":"passed","title":"应该定义有效的默认观察窗口","duration":0.9141999999997097,"failureMessages":[],"meta":{}},{"ancestorTitles":["Traceability Matrix"],"fullName":"Traceability Matrix 应该定义 NFR 到 SLO 的映射","status":"passed","title":"应该定义 NFR 到 SLO 的映射","duration":1.553099999999631,"failureMessages":[],"meta":{}},{"ancestorTitles":["Traceability Matrix"],"fullName":"Traceability Matrix 应该定义 ADR 到实现的映射","status":"passed","title":"应该定义 ADR 到实现的映射","duration":0.5346999999997024,"failureMessages":[],"meta":{}},{"ancestorTitles":["Traceability Matrix"],"fullName":"Traceability Matrix 每个定义的 NFR 应该在追溯矩阵中有映射","status":"passed","title":"每个定义的 NFR 应该在追溯矩阵中有映射","duration":0.3065000000001419,"failureMessages":[],"meta":{}},{"ancestorTitles":["Traceability Matrix"],"fullName":"Traceability Matrix 每个 ADR 映射应该包含实现文件和测试","status":"passed","title":"每个 ADR 映射应该包含实现文件和测试","duration":1.304399999999987,"failureMessages":[],"meta":{}},{"ancestorTitles":["Integration Tests"],"fullName":"Integration Tests NFR Keys、SLI 和 SLO 应该形成一致的映射关系","status":"passed","title":"NFR Keys、SLI 和 SLO 应该形成一致的映射关系","duration":0.669800000000123,"failureMessages":[],"meta":{}},{"ancestorTitles":["Integration Tests"],"fullName":"Integration Tests 所有配置应该与文档规范保持一致","status":"passed","title":"所有配置应该与文档规范保持一致","duration":0.4515000000001237,"failureMessages":[],"meta":{}},{"ancestorTitles":["Edge Cases and Error Handling"],"fullName":"Edge Cases and Error Handling 应该处理无效的环境变量值","status":"passed","title":"应该处理无效的环境变量值","duration":0.640400000000227,"failureMessages":[],"meta":{}},{"ancestorTitles":["Edge Cases and Error Handling"],"fullName":"Edge Cases and Error Handling 应该验证配置参数的完整性","status":"passed","title":"应该验证配置参数的完整性","duration":0.37800000000015643,"failureMessages":[],"meta":{}},{"ancestorTitles":["Edge Cases and Error Handling"],"fullName":"Edge Cases and Error Handling 应该处理边界指标值","status":"passed","title":"应该处理边界指标值","duration":0.49510000000009313,"failureMessages":[],"meta":{}},{"ancestorTitles":["V2 游戏特定监控 SLI"],"fullName":"V2 游戏特定监控 SLI 应包含 Phaser 场景转换监控","status":"passed","title":"应包含 Phaser 场景转换监控","duration":0.5734999999999673,"failureMessages":[],"meta":{}},{"ancestorTitles":["V2 游戏特定监控 SLI"],"fullName":"V2 游戏特定监控 SLI 应包含 React-Phaser 同步监控","status":"passed","title":"应包含 React-Phaser 同步监控","duration":0.34029999999984284,"failureMessages":[],"meta":{}},{"ancestorTitles":["V2 游戏特定监控 SLI"],"fullName":"V2 游戏特定监控 SLI 应包含战斗计算和 AI 决策监控","status":"passed","title":"应包含战斗计算和 AI 决策监控","duration":0.33870000000024447,"failureMessages":[],"meta":{}},{"ancestorTitles":["V2 游戏特定监控 SLI"],"fullName":"V2 游戏特定监控 SLI 所有游戏 SLI 应关联到性能 NFR","status":"passed","title":"所有游戏 SLI 应关联到性能 NFR","duration":0.42039999999997235,"failureMessages":[],"meta":{}},{"ancestorTitles":["V2 Tier-0 阈值配置"],"fullName":"V2 Tier-0 阈值配置 应包含环境差异化的崩溃率阈值","status":"passed","title":"应包含环境差异化的崩溃率阈值","duration":0.4760000000001128,"failureMessages":[],"meta":{}},{"ancestorTitles":["V2 Tier-0 阈值配置"],"fullName":"V2 Tier-0 阈值配置 应包含关键错误零容忍策略","status":"passed","title":"应包含关键错误零容忍策略","duration":0.21900000000005093,"failureMessages":[],"meta":{}},{"ancestorTitles":["V2 Tier-0 阈值配置"],"fullName":"V2 Tier-0 阈值配置 应包含性能回归检测阈值","status":"passed","title":"应包含性能回归检测阈值","duration":0.3305000000000291,"failureMessages":[],"meta":{}},{"ancestorTitles":["V2 智能采样策略"],"fullName":"V2 智能采样策略 应包含环境差异化采样配置","status":"passed","title":"应包含环境差异化采样配置","duration":0.43029999999998836,"failureMessages":[],"meta":{}},{"ancestorTitles":["V2 智能采样策略"],"fullName":"V2 智能采样策略 开发环境应有最高的采样率","status":"passed","title":"开发环境应有最高的采样率","duration":0.258900000000267,"failureMessages":[],"meta":{}},{"ancestorTitles":["V2 智能采样策略"],"fullName":"V2 智能采样策略 所有采样率应在有效范围内","status":"passed","title":"所有采样率应在有效范围内","duration":0.8722999999999956,"failureMessages":[],"meta":{}},{"ancestorTitles":["V2 与 01 章 SLO 框架对齐验证"],"fullName":"V2 与 01 章 SLO 框架对齐验证 Tier-0 阈值应与 01 章定义保持一致","status":"passed","title":"Tier-0 阈值应与 01 章定义保持一致","duration":0.21889999999984866,"failureMessages":[],"meta":{}},{"ancestorTitles":["V2 与 01 章 SLO 框架对齐验证"],"fullName":"V2 与 01 章 SLO 框架对齐验证 性能指标应符合 01 章质量目标","status":"passed","title":"性能指标应符合 01 章质量目标","duration":0.1789000000003398,"failureMessages":[],"meta":{}},{"ancestorTitles":["V2 Release Health Gate 增强功能"],"fullName":"V2 Release Health Gate 增强功能 应支持 Tier-0 阈值的环境变量覆盖","status":"passed","title":"应支持 Tier-0 阈值的环境变量覆盖","duration":0.5981000000001586,"failureMessages":[],"meta":{}},{"ancestorTitles":["V2 向后兼容性测试"],"fullName":"V2 向后兼容性测试 DEFAULT_SAMPLING_CONFIG 应保持向后兼容","status":"passed","title":"DEFAULT_SAMPLING_CONFIG 应保持向后兼容","duration":0.34760000000005675,"failureMessages":[],"meta":{}}],"startTime":1756921353518,"endTime":1756921353553.3477,"status":"passed","message":"","name":"C:/buildgame/vitegame/tests/unit/metrics.spec.ts"},{"assertionResults":[{"ancestorTitles":["性能预算基线验证","帧预算配置验证"],"fullName":"性能预算基线验证 帧预算配置验证 应提供60FPS帧预算配置","status":"passed","title":"应提供60FPS帧预算配置","duration":1.7108000000002903,"failureMessages":[],"meta":{}},{"ancestorTitles":["性能预算基线验证","帧预算配置验证"],"fullName":"性能预算基线验证 帧预算配置验证 应允许环境变量覆盖帧预算","status":"passed","title":"应允许环境变量覆盖帧预算","duration":0.3008999999997286,"failureMessages":[],"meta":{}},{"ancestorTitles":["性能预算基线验证","帧预算配置验证"],"fullName":"性能预算基线验证 帧预算配置验证 各层预算应合理分配","status":"passed","title":"各层预算应合理分配","duration":0.30789999999979045,"failureMessages":[],"meta":{}},{"ancestorTitles":["性能预算基线验证","延迟预算配置验证"],"fullName":"性能预算基线验证 延迟预算配置验证 应提供延迟预算配置","status":"passed","title":"应提供延迟预算配置","duration":0.285099999999602,"failureMessages":[],"meta":{}},{"ancestorTitles":["性能预算基线验证","延迟预算配置验证"],"fullName":"性能预算基线验证 延迟预算配置验证 P99应大于P95","status":"passed","title":"P99应大于P95","duration":0.16429999999991196,"failureMessages":[],"meta":{}},{"ancestorTitles":["性能预算基线验证","延迟预算配置验证"],"fullName":"性能预算基线验证 延迟预算配置验证 冷启动应比热缓存慢","status":"passed","title":"冷启动应比热缓存慢","duration":0.1273999999998523,"failureMessages":[],"meta":{}},{"ancestorTitles":["性能预算基线验证","容量模型配置验证"],"fullName":"性能预算基线验证 容量模型配置验证 应提供合理的基础容量配置","status":"passed","title":"应提供合理的基础容量配置","duration":0.18209999999999127,"failureMessages":[],"meta":{}},{"ancestorTitles":["性能预算基线验证","容量模型配置验证"],"fullName":"性能预算基线验证 容量模型配置验证 负载倍数应大于1","status":"passed","title":"负载倍数应大于1","duration":0.12609999999995125,"failureMessages":[],"meta":{}},{"ancestorTitles":["性能预算基线验证","容量模型配置验证"],"fullName":"性能预算基线验证 容量模型配置验证 安全边界应在合理范围","status":"passed","title":"安全边界应在合理范围","duration":0.3415999999997439,"failureMessages":[],"meta":{}},{"ancestorTitles":["性能预算基线验证","性能指标格式验证"],"fullName":"性能预算基线验证 性能指标格式验证 应符合域事件命名规范","status":"passed","title":"应符合域事件命名规范","duration":0.9315999999998894,"failureMessages":[],"meta":{}},{"ancestorTitles":["性能预算基线验证","进程内存限制验证"],"fullName":"性能预算基线验证 进程内存限制验证 应定义合理的内存限制","status":"passed","title":"应定义合理的内存限制","duration":0.15450000000009823,"failureMessages":[],"meta":{}},{"ancestorTitles":["性能预算基线验证","采样规则验证"],"fullName":"性能预算基线验证 采样规则验证 关键路径应有高采样率","status":"passed","title":"关键路径应有高采样率","duration":0.14109999999982392,"failureMessages":[],"meta":{}},{"ancestorTitles":["性能预算基线验证","采样规则验证"],"fullName":"性能预算基线验证 采样规则验证 噪音事件应禁用采样","status":"passed","title":"噪音事件应禁用采样","duration":0.1125000000001819,"failureMessages":[],"meta":{}},{"ancestorTitles":["性能预算基线验证","采样规则验证"],"fullName":"性能预算基线验证 采样规则验证 默认采样率应合理","status":"passed","title":"默认采样率应合理","duration":0.09600000000000364,"failureMessages":[],"meta":{}},{"ancestorTitles":["性能预算基线验证","环境变量覆盖机制"],"fullName":"性能预算基线验证 环境变量覆盖机制 应支持关键阈值的环境变量覆盖","status":"passed","title":"应支持关键阈值的环境变量覆盖","duration":0.15379999999959182,"failureMessages":[],"meta":{}},{"ancestorTitles":["性能预算基线验证","数据完整性验证"],"fullName":"性能预算基线验证 数据完整性验证 预算配置应包含所有必需字段","status":"passed","title":"预算配置应包含所有必需字段","duration":0.3524999999999636,"failureMessages":[],"meta":{}},{"ancestorTitles":["性能预算基线验证","数据完整性验证"],"fullName":"性能预算基线验证 数据完整性验证 容量模型应包含完整配置","status":"passed","title":"容量模型应包含完整配置","duration":0.25509999999985666,"failureMessages":[],"meta":{}}],"startTime":1756921356010,"endTime":1756921356017.2551,"status":"passed","message":"","name":"C:/buildgame/vitegame/tests/unit/perf.budget.spec.ts"},{"assertionResults":[{"ancestorTitles":["Release Feed Management","patch-staging-percentage"],"fullName":"Release Feed Management patch-staging-percentage should set stagingPercentage to specified value","status":"passed","title":"should set stagingPercentage to specified value","duration":243.0227,"failureMessages":[],"meta":{}},{"ancestorTitles":["Release Feed Management","patch-staging-percentage"],"fullName":"Release Feed Management patch-staging-percentage should handle percentage boundary values","status":"passed","title":"should handle percentage boundary values","duration":1435.2527000000005,"failureMessages":[],"meta":{}},{"ancestorTitles":["Release Feed Management","patch-staging-percentage"],"fullName":"Release Feed Management patch-staging-percentage should create feed file if it does not exist","status":"passed","title":"should create feed file if it does not exist","duration":340.4224000000004,"failureMessages":[],"meta":{}},{"ancestorTitles":["Release Feed Management","rollback-feed"],"fullName":"Release Feed Management rollback-feed should rollback feed to specified version","status":"passed","title":"should rollback feed to specified version","duration":418.7381000000005,"failureMessages":[],"meta":{}},{"ancestorTitles":["Release Feed Management","rollback-feed"],"fullName":"Release Feed Management rollback-feed should fail when target version not found in manifest","status":"passed","title":"should fail when target version not found in manifest","duration":294.0630000000001,"failureMessages":[],"meta":{}},{"ancestorTitles":["Release Feed Management","manage-manifest integration"],"fullName":"Release Feed Management manage-manifest integration should add version to manifest and be usable for rollback","status":"passed","title":"should add version to manifest and be usable for rollback","duration":604.7446,"failureMessages":[],"meta":{}},{"ancestorTitles":["Release Feed Management","execute-rollback integration"],"fullName":"Release Feed Management execute-rollback integration should execute emergency rollback (stop only)","status":"passed","title":"should execute emergency rollback (stop only)","duration":325.8005999999996,"failureMessages":[],"meta":{}},{"ancestorTitles":["Release Feed Management","execute-rollback integration"],"fullName":"Release Feed Management execute-rollback integration should execute complete rollback with version revert","status":"passed","title":"should execute complete rollback with version revert","duration":417.8153000000002,"failureMessages":[],"meta":{}},{"ancestorTitles":["Release Feed Management","Staged Rollout Integration"],"fullName":"Release Feed Management Staged Rollout Integration should handle full staged rollout lifecycle","status":"passed","title":"should handle full staged rollout lifecycle","duration":1009.5924999999997,"failureMessages":[],"meta":{}},{"ancestorTitles":["Release Feed Management","Staged Rollout Integration"],"fullName":"Release Feed Management Staged Rollout Integration should support emergency rollback during staged rollout","status":"passed","title":"should support emergency rollback during staged rollout","duration":402.1292999999996,"failureMessages":[],"meta":{}},{"ancestorTitles":["Release Feed Management","Staged Rollout Integration"],"fullName":"Release Feed Management Staged Rollout Integration should validate feed file integrity during operations","status":"passed","title":"should validate feed file integrity during operations","duration":283.6259,"failureMessages":[],"meta":{}},{"ancestorTitles":["Release Feed Management","Release Health Monitoring"],"fullName":"Release Feed Management Release Health Monitoring should track release metrics in feed metadata","status":"passed","title":"should track release metrics in feed metadata","duration":2.886000000000422,"failureMessages":[],"meta":{}},{"ancestorTitles":["Release Feed Management","Release Health Monitoring"],"fullName":"Release Feed Management Release Health Monitoring should support rollback triggers based on health thresholds","status":"passed","title":"should support rollback triggers based on health thresholds","duration":382.4925999999996,"failureMessages":[],"meta":{}}],"startTime":1756921345988,"endTime":1756921352149.4927,"status":"passed","message":"","name":"C:/buildgame/vitegame/tests/unit/release.feed.spec.ts"},{"assertionResults":[{"ancestorTitles":["Repository<T> 契约测试","基本 CRUD 操作"],"fullName":"Repository<T> 契约测试 基本 CRUD 操作 应支持创建和读取实体","status":"passed","title":"应支持创建和读取实体","duration":3.2296000000001186,"failureMessages":[],"meta":{}},{"ancestorTitles":["Repository<T> 契约测试","基本 CRUD 操作"],"fullName":"Repository<T> 契约测试 基本 CRUD 操作 应支持更新现有实体","status":"passed","title":"应支持更新现有实体","duration":0.7229000000002088,"failureMessages":[],"meta":{}},{"ancestorTitles":["Repository<T> 契约测试","基本 CRUD 操作"],"fullName":"Repository<T> 契约测试 基本 CRUD 操作 应支持删除实体","status":"passed","title":"应支持删除实体","duration":0.5154999999999745,"failureMessages":[],"meta":{}},{"ancestorTitles":["Repository<T> 契约测试","基本 CRUD 操作"],"fullName":"Repository<T> 契约测试 基本 CRUD 操作 删除不存在的实体应抛出错误","status":"passed","title":"删除不存在的实体应抛出错误","duration":1.5471999999999753,"failureMessages":[],"meta":{}},{"ancestorTitles":["Repository<T> 契约测试","基本 CRUD 操作"],"fullName":"Repository<T> 契约测试 基本 CRUD 操作 读取不存在的实体应返回 null","status":"passed","title":"读取不存在的实体应返回 null","duration":0.2972999999997228,"failureMessages":[],"meta":{}},{"ancestorTitles":["Repository<T> 契约测试","查询和分页"],"fullName":"Repository<T> 契约测试 查询和分页 应支持列出所有实体","status":"passed","title":"应支持列出所有实体","duration":1.8834000000001652,"failureMessages":[],"meta":{}},{"ancestorTitles":["Repository<T> 契约测试","查询和分页"],"fullName":"Repository<T> 契约测试 查询和分页 应支持分页查询","status":"passed","title":"应支持分页查询","duration":0.8154999999997017,"failureMessages":[],"meta":{}},{"ancestorTitles":["Repository<T> 契约测试","查询和分页"],"fullName":"Repository<T> 契约测试 查询和分页 应支持过滤查询","status":"passed","title":"应支持过滤查询","duration":0.9827000000000226,"failureMessages":[],"meta":{}},{"ancestorTitles":["Repository<T> 契约测试","查询和分页"],"fullName":"Repository<T> 契约测试 查询和分页 应支持排序查询","status":"passed","title":"应支持排序查询","duration":0.847400000000107,"failureMessages":[],"meta":{}},{"ancestorTitles":["Repository<T> 契约测试","查询和分页"],"fullName":"Repository<T> 契约测试 查询和分页 应支持复合查询（过滤 + 排序 + 分页）","status":"passed","title":"应支持复合查询（过滤 + 排序 + 分页）","duration":0.7854000000002088,"failureMessages":[],"meta":{}},{"ancestorTitles":["Repository<T> 契约测试","查询和分页"],"fullName":"Repository<T> 契约测试 查询和分页 应支持计数查询","status":"passed","title":"应支持计数查询","duration":0.38220000000001164,"failureMessages":[],"meta":{}},{"ancestorTitles":["Repository<T> 契约测试","并发控制"],"fullName":"Repository<T> 契约测试 并发控制 应检测并发冲突","status":"passed","title":"应检测并发冲突","duration":0.49570000000039727,"failureMessages":[],"meta":{}},{"ancestorTitles":["Repository<T> 契约测试","并发控制"],"fullName":"Repository<T> 契约测试 并发控制 版本号应正确递增","status":"passed","title":"版本号应正确递增","duration":0.27200000000038926,"failureMessages":[],"meta":{}},{"ancestorTitles":["IUnitOfWork 契约测试","事务管理"],"fullName":"IUnitOfWork 契约测试 事务管理 应支持开始和提交事务","status":"passed","title":"应支持开始和提交事务","duration":0.7482999999997446,"failureMessages":[],"meta":{}},{"ancestorTitles":["IUnitOfWork 契约测试","事务管理"],"fullName":"IUnitOfWork 契约测试 事务管理 应支持事务回滚","status":"passed","title":"应支持事务回滚","duration":0.49860000000035143,"failureMessages":[],"meta":{}},{"ancestorTitles":["IUnitOfWork 契约测试","事务管理"],"fullName":"IUnitOfWork 契约测试 事务管理 重复开始事务应抛出错误","status":"passed","title":"重复开始事务应抛出错误","duration":1.405999999999949,"failureMessages":[],"meta":{}},{"ancestorTitles":["IUnitOfWork 契约测试","事务管理"],"fullName":"IUnitOfWork 契约测试 事务管理 无活动事务时提交应抛出错误","status":"passed","title":"无活动事务时提交应抛出错误","duration":0.6050000000000182,"failureMessages":[],"meta":{}},{"ancestorTitles":["IUnitOfWork 契约测试","实体变更追踪"],"fullName":"IUnitOfWork 契约测试 实体变更追踪 应追踪新实体","status":"passed","title":"应追踪新实体","duration":0.3625999999999294,"failureMessages":[],"meta":{}},{"ancestorTitles":["IUnitOfWork 契约测试","实体变更追踪"],"fullName":"IUnitOfWork 契约测试 实体变更追踪 应追踪修改的实体","status":"passed","title":"应追踪修改的实体","duration":0.370600000000195,"failureMessages":[],"meta":{}},{"ancestorTitles":["IUnitOfWork 契约测试","实体变更追踪"],"fullName":"IUnitOfWork 契约测试 实体变更追踪 应追踪删除的实体","status":"passed","title":"应追踪删除的实体","duration":0.3555999999998676,"failureMessages":[],"meta":{}},{"ancestorTitles":["IUnitOfWork 契约测试","实体变更追踪"],"fullName":"IUnitOfWork 契约测试 实体变更追踪 删除操作应移除其他注册状态","status":"passed","title":"删除操作应移除其他注册状态","duration":0.36839999999983775,"failureMessages":[],"meta":{}},{"ancestorTitles":["类型守卫测试"],"fullName":"类型守卫测试 isEntity 应正确识别实体","status":"passed","title":"isEntity 应正确识别实体","duration":0.39249999999992724,"failureMessages":[],"meta":{}},{"ancestorTitles":["类型守卫测试"],"fullName":"类型守卫测试 isAggregateRoot 应正确识别聚合根","status":"passed","title":"isAggregateRoot 应正确识别聚合根","duration":0.4090000000001055,"failureMessages":[],"meta":{}},{"ancestorTitles":["错误类型测试"],"fullName":"错误类型测试 RepositoryError 应包含正确信息","status":"passed","title":"RepositoryError 应包含正确信息","duration":0.3573999999998705,"failureMessages":[],"meta":{}},{"ancestorTitles":["错误类型测试"],"fullName":"错误类型测试 EntityNotFoundError 应继承 RepositoryError","status":"passed","title":"EntityNotFoundError 应继承 RepositoryError","duration":0.4317000000000917,"failureMessages":[],"meta":{}},{"ancestorTitles":["错误类型测试"],"fullName":"错误类型测试 ConcurrencyError 应包含版本信息","status":"passed","title":"ConcurrencyError 应包含版本信息","duration":0.6613999999999578,"failureMessages":[],"meta":{}},{"ancestorTitles":["端口标识符测试"],"fullName":"端口标识符测试 PORT_IDS 应包含所有必需的端口","status":"passed","title":"PORT_IDS 应包含所有必需的端口","duration":0.4601999999999862,"failureMessages":[],"meta":{}},{"ancestorTitles":["端口标识符测试"],"fullName":"端口标识符测试 端口标识符应遵循命名约定","status":"passed","title":"端口标识符应遵循命名约定","duration":0.6037000000001171,"failureMessages":[],"meta":{}},{"ancestorTitles":["性能基准测试"],"fullName":"性能基准测试 大量插入操作应满足性能要求","status":"passed","title":"大量插入操作应满足性能要求","duration":2.689300000000003,"failureMessages":[],"meta":{}},{"ancestorTitles":["性能基准测试"],"fullName":"性能基准测试 大量查询操作应满足性能要求","status":"passed","title":"大量查询操作应满足性能要求","duration":3.161200000000008,"failureMessages":[],"meta":{}},{"ancestorTitles":["性能基准测试"],"fullName":"性能基准测试 单个实体查询应具有稳定性能","status":"passed","title":"单个实体查询应具有稳定性能","duration":22.93899999999985,"failureMessages":[],"meta":{}},{"ancestorTitles":["ADR-0005 质量门禁对齐"],"fullName":"ADR-0005 质量门禁对齐 所有核心接口应有对应的测试覆盖","status":"passed","title":"所有核心接口应有对应的测试覆盖","duration":0.3442000000000007,"failureMessages":[],"meta":{}},{"ancestorTitles":["ADR-0005 质量门禁对齐"],"fullName":"ADR-0005 质量门禁对齐 性能基准应符合 SLO 要求","status":"passed","title":"性能基准应符合 SLO 要求","duration":0.2887000000000626,"failureMessages":[],"meta":{}}],"startTime":1756921351008,"endTime":1756921351060.3442,"status":"passed","message":"","name":"C:/buildgame/vitegame/tests/unit/repos.contract.spec.ts"},{"assertionResults":[{"ancestorTitles":["Risk Registry Core Functions","P×I Risk Score Calculation"],"fullName":"Risk Registry Core Functions P×I Risk Score Calculation should calculate risk score correctly for all probability-impact combinations","status":"passed","title":"should calculate risk score correctly for all probability-impact combinations","duration":4.403299999999945,"failureMessages":[],"meta":{}},{"ancestorTitles":["Risk Registry Core Functions","P×I Risk Score Calculation"],"fullName":"Risk Registry Core Functions P×I Risk Score Calculation should handle edge cases for probability and impact values","status":"passed","title":"should handle edge cases for probability and impact values","duration":0.6463000000003376,"failureMessages":[],"meta":{}},{"ancestorTitles":["Risk Registry Core Functions","Risk CRUD Operations"],"fullName":"Risk Registry Core Functions Risk CRUD Operations should create a new risk with all required fields","status":"passed","title":"should create a new risk with all required fields","duration":0.9634000000000924,"failureMessages":[],"meta":{}},{"ancestorTitles":["Risk Registry Core Functions","Risk CRUD Operations"],"fullName":"Risk Registry Core Functions Risk CRUD Operations should retrieve a risk by ID","status":"passed","title":"should retrieve a risk by ID","duration":1.5397000000002663,"failureMessages":[],"meta":{}},{"ancestorTitles":["Risk Registry Core Functions","Risk CRUD Operations"],"fullName":"Risk Registry Core Functions Risk CRUD Operations should return null for non-existent risk ID","status":"passed","title":"should return null for non-existent risk ID","duration":0.45659999999998035,"failureMessages":[],"meta":{}},{"ancestorTitles":["Risk Registry Core Functions","Risk CRUD Operations"],"fullName":"Risk Registry Core Functions Risk CRUD Operations should list risks with filtering","status":"passed","title":"should list risks with filtering","duration":2.6288000000004104,"failureMessages":[],"meta":{}},{"ancestorTitles":["Risk Registry Core Functions","Risk CRUD Operations"],"fullName":"Risk Registry Core Functions Risk CRUD Operations should validate required fields when creating risks","status":"passed","title":"should validate required fields when creating risks","duration":2.851599999999962,"failureMessages":[],"meta":{}},{"ancestorTitles":["Risk Registry Core Functions","Risk Association and Relationships"],"fullName":"Risk Registry Core Functions Risk Association and Relationships should handle SLO associations correctly","status":"passed","title":"should handle SLO associations correctly","duration":2.8980000000001382,"failureMessages":[],"meta":{}},{"ancestorTitles":["Risk Registry Core Functions","Risk Association and Relationships"],"fullName":"Risk Registry Core Functions Risk Association and Relationships should handle ADR associations correctly","status":"passed","title":"should handle ADR associations correctly","duration":0.8315999999999804,"failureMessages":[],"meta":{}},{"ancestorTitles":["Risk Registry Core Functions","Risk Association and Relationships"],"fullName":"Risk Registry Core Functions Risk Association and Relationships should handle component associations correctly","status":"passed","title":"should handle component associations correctly","duration":0.5709999999999127,"failureMessages":[],"meta":{}},{"ancestorTitles":["Technical Debt Detection and Management","Technical Debt Priority Calculation"],"fullName":"Technical Debt Detection and Management Technical Debt Priority Calculation should calculate priority correctly based on impact scores","status":"passed","title":"should calculate priority correctly based on impact scores","duration":1.0078999999996086,"failureMessages":[],"meta":{}},{"ancestorTitles":["Technical Debt Detection and Management","Technical Debt Classification"],"fullName":"Technical Debt Detection and Management Technical Debt Classification should create TDR with correct classification","status":"passed","title":"should create TDR with correct classification","duration":0.4072000000001026,"failureMessages":[],"meta":{}},{"ancestorTitles":["Technical Debt Detection and Management","Technical Debt Classification"],"fullName":"Technical Debt Detection and Management Technical Debt Classification should handle different debt types correctly","status":"passed","title":"should handle different debt types correctly","duration":0.8939000000000306,"failureMessages":[],"meta":{}},{"ancestorTitles":["Technical Debt Detection and Management","SLO Impact Assessment"],"fullName":"Technical Debt Detection and Management SLO Impact Assessment should track SLO degradation caused by technical debt","status":"passed","title":"should track SLO degradation caused by technical debt","duration":0.4527000000002772,"failureMessages":[],"meta":{}},{"ancestorTitles":["Traceability Analysis","Traceability Matrix Construction"],"fullName":"Traceability Analysis Traceability Matrix Construction should build complete traceability matrix","status":"passed","title":"should build complete traceability matrix","duration":1.2883999999999105,"failureMessages":[],"meta":{}},{"ancestorTitles":["Traceability Analysis","Traceability Matrix Construction"],"fullName":"Traceability Analysis Traceability Matrix Construction should include all required trace relationships","status":"passed","title":"should include all required trace relationships","duration":1.080199999999877,"failureMessages":[],"meta":{}},{"ancestorTitles":["Traceability Analysis","Traceability Matrix Construction"],"fullName":"Traceability Analysis Traceability Matrix Construction should track cross-references between entities","status":"passed","title":"should track cross-references between entities","duration":0.4877999999998792,"failureMessages":[],"meta":{}},{"ancestorTitles":["Traceability Analysis","Traceability Validation"],"fullName":"Traceability Analysis Traceability Validation should validate matrix consistency","status":"passed","title":"should validate matrix consistency","duration":0.5511000000001332,"failureMessages":[],"meta":{}},{"ancestorTitles":["Traceability Analysis","Traceability Validation"],"fullName":"Traceability Analysis Traceability Validation should detect inconsistencies in risk-SLO relationships","status":"passed","title":"should detect inconsistencies in risk-SLO relationships","duration":0.564600000000155,"failureMessages":[],"meta":{}},{"ancestorTitles":["SLO Integration Functions","Risk-SLO Correlation"],"fullName":"SLO Integration Functions Risk-SLO Correlation should correlate risk events with SLO violations","status":"passed","title":"should correlate risk events with SLO violations","duration":0.9546999999997752,"failureMessages":[],"meta":{}},{"ancestorTitles":["SLO Integration Functions","Risk-SLO Correlation"],"fullName":"SLO Integration Functions Risk-SLO Correlation should calculate risk impact on SLO targets","status":"passed","title":"should calculate risk impact on SLO targets","duration":0.35649999999986903,"failureMessages":[],"meta":{}},{"ancestorTitles":["SLO Integration Functions","Automated Risk Assessment"],"fullName":"SLO Integration Functions Automated Risk Assessment should trigger risk assessment on SLO violations","status":"passed","title":"should trigger risk assessment on SLO violations","duration":0.33969999999999345,"failureMessages":[],"meta":{}},{"ancestorTitles":["Decision Debt Monitoring","ADR Assumption Tracking"],"fullName":"Decision Debt Monitoring ADR Assumption Tracking should detect ADR assumption violations","status":"passed","title":"should detect ADR assumption violations","duration":0.3302000000003318,"failureMessages":[],"meta":{}},{"ancestorTitles":["Decision Debt Monitoring","ADR Assumption Tracking"],"fullName":"Decision Debt Monitoring ADR Assumption Tracking should recommend ADR updates based on decision debt","status":"passed","title":"should recommend ADR updates based on decision debt","duration":0.22990000000027067,"failureMessages":[],"meta":{}},{"ancestorTitles":["Test Utilities","Mock Data Generators"],"fullName":"Test Utilities Mock Data Generators should create valid mock risk entries","status":"passed","title":"should create valid mock risk entries","duration":0.70049999999992,"failureMessages":[],"meta":{}},{"ancestorTitles":["Test Utilities","Mock Data Generators"],"fullName":"Test Utilities Mock Data Generators should create valid mock TDR entries","status":"passed","title":"should create valid mock TDR entries","duration":0.6756000000000313,"failureMessages":[],"meta":{}},{"ancestorTitles":["Test Utilities","Mock Data Generators"],"fullName":"Test Utilities Mock Data Generators should allow customization of mock data","status":"passed","title":"should allow customization of mock data","duration":0.32179999999971187,"failureMessages":[],"meta":{}},{"ancestorTitles":["Performance Tests"],"fullName":"Performance Tests should handle large datasets efficiently","status":"passed","title":"should handle large datasets efficiently","duration":3.3510999999998603,"failureMessages":[],"meta":{}},{"ancestorTitles":["Performance Tests"],"fullName":"Performance Tests should efficiently query risks with complex filters","status":"passed","title":"should efficiently query risks with complex filters","duration":2.0430999999998676,"failureMessages":[],"meta":{}}],"startTime":1756921352616,"endTime":1756921352652.0432,"status":"passed","message":"","name":"C:/buildgame/vitegame/tests/unit/risk.spec.ts"},{"assertionResults":[{"ancestorTitles":["Runtime Budget Contracts","FrameBudget"],"fullName":"Runtime Budget Contracts FrameBudget should have correct total frame budget for 60fps","status":"passed","title":"should have correct total frame budget for 60fps","duration":3.1453999999998814,"failureMessages":[],"meta":{}},{"ancestorTitles":["Runtime Budget Contracts","FrameBudget"],"fullName":"Runtime Budget Contracts FrameBudget should allocate frame budget correctly","status":"passed","title":"should allocate frame budget correctly","duration":0.7593000000001666,"failureMessages":[],"meta":{}},{"ancestorTitles":["Runtime Budget Contracts","FrameBudget"],"fullName":"Runtime Budget Contracts FrameBudget should detect frame budget overrun","status":"passed","title":"should detect frame budget overrun","duration":0.45280000000002474,"failureMessages":[],"meta":{}},{"ancestorTitles":["Runtime Budget Contracts","FrameBudget"],"fullName":"Runtime Budget Contracts FrameBudget should prioritize Phaser rendering in budget allocation","status":"passed","title":"should prioritize Phaser rendering in budget allocation","duration":0.37419999999974607,"failureMessages":[],"meta":{}},{"ancestorTitles":["Runtime Budget Contracts","EventLatencyBudget"],"fullName":"Runtime Budget Contracts EventLatencyBudget should meet ADR-0005 event latency requirements","status":"passed","title":"should meet ADR-0005 event latency requirements","duration":0.5277000000000953,"failureMessages":[],"meta":{}},{"ancestorTitles":["Runtime Budget Contracts","EventLatencyBudget"],"fullName":"Runtime Budget Contracts EventLatencyBudget should detect event latency threshold exceeded","status":"passed","title":"should detect event latency threshold exceeded","duration":0.3852000000001681,"failureMessages":[],"meta":{}},{"ancestorTitles":["Runtime Budget Contracts","EventLatencyBudget"],"fullName":"Runtime Budget Contracts EventLatencyBudget should activate backpressure when queue builds up","status":"passed","title":"should activate backpressure when queue builds up","duration":0.2869999999998072,"failureMessages":[],"meta":{}},{"ancestorTitles":["Runtime Budget Contracts","Performance Degradation Logic"],"fullName":"Runtime Budget Contracts Performance Degradation Logic should have ascending threshold levels","status":"passed","title":"should have ascending threshold levels","duration":0.5422000000003209,"failureMessages":[],"meta":{}},{"ancestorTitles":["Runtime Budget Contracts","Performance Degradation Logic"],"fullName":"Runtime Budget Contracts Performance Degradation Logic should trigger degradation when normal thresholds exceeded","status":"passed","title":"should trigger degradation when normal thresholds exceeded","duration":0.6359999999999673,"failureMessages":[],"meta":{}},{"ancestorTitles":["Runtime Budget Contracts","Performance Degradation Logic"],"fullName":"Runtime Budget Contracts Performance Degradation Logic should trigger critical degradation when degraded thresholds exceeded","status":"passed","title":"should trigger critical degradation when degraded thresholds exceeded","duration":0.26179999999976644,"failureMessages":[],"meta":{}},{"ancestorTitles":["Runtime Budget Contracts","Performance Degradation Logic"],"fullName":"Runtime Budget Contracts Performance Degradation Logic should trigger emergency mode when critical thresholds exceeded","status":"passed","title":"should trigger emergency mode when critical thresholds exceeded","duration":0.19549999999981083,"failureMessages":[],"meta":{}},{"ancestorTitles":["Runtime Budget Contracts","Performance Degradation Logic"],"fullName":"Runtime Budget Contracts Performance Degradation Logic should maintain state when thresholds not exceeded","status":"passed","title":"should maintain state when thresholds not exceeded","duration":0.18299999999999272,"failureMessages":[],"meta":{}},{"ancestorTitles":["Runtime Budget Contracts","DegradeEvent Structure"],"fullName":"Runtime Budget Contracts DegradeEvent Structure should contain required degradation event fields","status":"passed","title":"should contain required degradation event fields","duration":0.34720000000015716,"failureMessages":[],"meta":{}},{"ancestorTitles":["Runtime Budget Contracts","DegradeEvent Structure"],"fullName":"Runtime Budget Contracts DegradeEvent Structure should track FPS accurately in metrics","status":"passed","title":"should track FPS accurately in metrics","duration":0.18620000000009895,"failureMessages":[],"meta":{}},{"ancestorTitles":["Runtime Budget Contracts","Runtime Constants Validation"],"fullName":"Runtime Budget Contracts Runtime Constants Validation should have correct target performance constants","status":"passed","title":"should have correct target performance constants","duration":0.19770000000016807,"failureMessages":[],"meta":{}},{"ancestorTitles":["Runtime Budget Contracts","Runtime Constants Validation"],"fullName":"Runtime Budget Contracts Runtime Constants Validation should have reasonable memory thresholds","status":"passed","title":"should have reasonable memory thresholds","duration":0.18829999999979918,"failureMessages":[],"meta":{}},{"ancestorTitles":["Runtime Budget Contracts","Runtime Constants Validation"],"fullName":"Runtime Budget Contracts Runtime Constants Validation should have bounded sampling rates","status":"passed","title":"should have bounded sampling rates","duration":0.1972000000000662,"failureMessages":[],"meta":{}},{"ancestorTitles":["Runtime Budget Contracts","Performance Budget Integration"],"fullName":"Runtime Budget Contracts Performance Budget Integration should support budget allocation tracking","status":"passed","title":"should support budget allocation tracking","duration":0.1999999999998181,"failureMessages":[],"meta":{}},{"ancestorTitles":["Runtime Budget Contracts","Performance Budget Integration"],"fullName":"Runtime Budget Contracts Performance Budget Integration should detect budget violations early","status":"passed","title":"should detect budget violations early","duration":0.15000000000009095,"failureMessages":[],"meta":{}},{"ancestorTitles":["Runtime Budget Contracts","Event Queue Management"],"fullName":"Runtime Budget Contracts Event Queue Management should enforce maximum queue size","status":"passed","title":"should enforce maximum queue size","duration":0.21420000000034634,"failureMessages":[],"meta":{}},{"ancestorTitles":["Runtime Budget Contracts","Event Queue Management"],"fullName":"Runtime Budget Contracts Event Queue Management should prioritize UI events over game events","status":"passed","title":"should prioritize UI events over game events","duration":0.18429999999989377,"failureMessages":[],"meta":{}},{"ancestorTitles":["Runtime Budget Contracts","Memory Pressure Handling"],"fullName":"Runtime Budget Contracts Memory Pressure Handling should define memory pressure thresholds","status":"passed","title":"should define memory pressure thresholds","duration":0.2955000000001746,"failureMessages":[],"meta":{}},{"ancestorTitles":["Runtime Budget Contracts","Memory Pressure Handling"],"fullName":"Runtime Budget Contracts Memory Pressure Handling should trigger degradation on excessive memory usage","status":"passed","title":"should trigger degradation on excessive memory usage","duration":0.203899999999976,"failureMessages":[],"meta":{}},{"ancestorTitles":["Runtime Budget Contracts","GC Pressure Monitoring"],"fullName":"Runtime Budget Contracts GC Pressure Monitoring should detect excessive GC frequency","status":"passed","title":"should detect excessive GC frequency","duration":0.24879999999984648,"failureMessages":[],"meta":{}},{"ancestorTitles":["Runtime Budget Integration (Placeholder)"],"fullName":"Runtime Budget Integration (Placeholder) should integrate with actual performance monitoring","status":"passed","title":"should integrate with actual performance monitoring","duration":0.20129999999971915,"failureMessages":[],"meta":{}},{"ancestorTitles":["Runtime Budget Integration (Placeholder)"],"fullName":"Runtime Budget Integration (Placeholder) should coordinate React and Phaser update cycles","status":"passed","title":"should coordinate React and Phaser update cycles","duration":0.14210000000002765,"failureMessages":[],"meta":{}},{"ancestorTitles":["Runtime Budget Integration (Placeholder)"],"fullName":"Runtime Budget Integration (Placeholder) should handle real degradation scenarios","status":"passed","title":"should handle real degradation scenarios","duration":0.1323000000002139,"failureMessages":[],"meta":{}}],"startTime":1756921355420,"endTime":1756921355433.142,"status":"passed","message":"","name":"C:/buildgame/vitegame/tests/unit/runtime.budget.spec.ts"},{"assertionResults":[{"ancestorTitles":["InMemoryEventBus","事件发布 (publish)"],"fullName":"InMemoryEventBus 事件发布 (publish) 应该成功发布有效格式的事件","status":"passed","title":"应该成功发布有效格式的事件","duration":3.671700000000328,"failureMessages":[],"meta":{}},{"ancestorTitles":["InMemoryEventBus","事件发布 (publish)"],"fullName":"InMemoryEventBus 事件发布 (publish) 应该拒绝无效格式的事件类型","status":"passed","title":"应该拒绝无效格式的事件类型","duration":1.8979000000003907,"failureMessages":[],"meta":{}},{"ancestorTitles":["InMemoryEventBus","事件发布 (publish)"],"fullName":"InMemoryEventBus 事件发布 (publish) 应该拒绝空事件类型","status":"passed","title":"应该拒绝空事件类型","duration":0.4968000000003485,"failureMessages":[],"meta":{}},{"ancestorTitles":["InMemoryEventBus","事件发布 (publish)"],"fullName":"InMemoryEventBus 事件发布 (publish) 应该拒绝单段事件类型","status":"passed","title":"应该拒绝单段事件类型","duration":0.5225999999997839,"failureMessages":[],"meta":{}},{"ancestorTitles":["InMemoryEventBus","事件订阅 (subscribe)"],"fullName":"InMemoryEventBus 事件订阅
[...]
valid source formats","duration":0.38259999999991123,"failureMessages":[],"meta":{}}],"startTime":1756921345995,"endTime":1756921346031.3926,"status":"failed","message":"","name":"C:/buildgame/vitegame/src/shared/middleware/__tests__/cloud-events-validator.spec.ts"},{"assertionResults":[{"ancestorTitles":["EventBus","publish()"],"fullName":"EventBus publish() should publish event successfully","status":"passed","title":"should publish event successfully","duration":6.069899999999961,"failureMessages":[],"meta":{}},{"ancestorTitles":["EventBus","publish()"],"fullName":"EventBus publish() should apply middleware to events","status":"passed","title":"should apply middleware to events","duration":1.634099999999762,"failureMessages":[],"meta":{}},{"ancestorTitles":["EventBus","publish()"],"fullName":"EventBus publish() should emit to wildcard listeners","status":"passed","title":"should emit to wildcard listeners","duration":0.7953999999999724,"failureMessages":[],"meta":{}},{"ancestorTitles":["EventBus","publish()"],"fullName":"EventBus publish() should handle middleware errors","status":"passed","title":"should handle middleware errors","duration":2.736499999999978,"failureMessages":[],"meta":{}},{"ancestorTitles":["EventBus","publish()"],"fullName":"EventBus publish() should update publish count statistics","status":"passed","title":"should update publish count statistics","duration":0.6489000000001397,"failureMessages":[],"meta":{}},{"ancestorTitles":["EventBus","subscribe()"],"fullName":"EventBus subscribe() should subscribe to events successfully","status":"passed","title":"should subscribe to events successfully","duration":0.5221999999998843,"failureMessages":[],"meta":{}},{"ancestorTitles":["EventBus","subscribe()"],"fullName":"EventBus subscribe() should handle multiple subscriptions to same event","status":"passed","title":"should handle multiple subscriptions to same event","duration":1.018800000000283,"failureMessages":[],"meta":{}},{"ancestorTitles":["EventBus","subscribe()"],"fullName":"EventBus subscribe() should handle handler errors gracefully","status":"passed","title":"should handle handler errors gracefully","duration":3.6330000000002656,"failureMessages":[],"meta":{}},{"ancestorTitles":["EventBus","unsubscribe()"],"fullName":"EventBus unsubscribe() should unsubscribe from events","status":"passed","title":"should unsubscribe from events","duration":1.060699999999997,"failureMessages":[],"meta":{}},{"ancestorTitles":["EventBus","unsubscribe()"],"fullName":"EventBus unsubscribe() should update subscription count","status":"passed","title":"should update subscription count","duration":0.5425999999997657,"failureMessages":[],"meta":{}},{"ancestorTitles":["EventBus","middleware management"],"fullName":"EventBus middleware management should add middleware","status":"passed","title":"should add middleware","duration":0.32500000000027285,"failureMessages":[],"meta":{}},{"ancestorTitles":["EventBus","middleware management"],"fullName":"EventBus middleware management should remove middleware","status":"passed","title":"should remove middleware","duration":0.28789999999980864,"failureMessages":[],"meta":{}},{"ancestorTitles":["EventBus","middleware management"],"fullName":"EventBus middleware management should clear all middlewares","status":"passed","title":"should clear all middlewares","duration":0.2644999999997708,"failureMessages":[],"meta":{}},{"ancestorTitles":["EventBus","middleware management"],"fullName":"EventBus middleware management should apply middleware in sequence","status":"passed","title":"should apply middleware in sequence","duration":0.9221000000002277,"failureMessages":[],"meta":{}},{"ancestorTitles":["EventBus","getStats()"],"fullName":"EventBus getStats() should return accurate statistics","status":"passed","title":"should return accurate statistics","duration":1.4202000000000226,"failureMessages":[],"meta":{}},{"ancestorTitles":["EventBus","destroy()"],"fullName":"EventBus destroy() should clean up all resources","status":"passed","title":"should clean up all resources","duration":1.2791999999999462,"failureMessages":[],"meta":{}},{"ancestorTitles":["EventBus","configuration options"],"fullName":"EventBus configuration options should respect maxListeners setting","status":"passed","title":"should respect maxListeners setting","duration":0.38370000000031723,"failureMessages":[],"meta":{}},{"ancestorTitles":["EventBus","configuration options"],"fullName":"EventBus configuration options should enable/disable debug logging","status":"passed","title":"should enable/disable debug logging","duration":1.593499999999949,"failureMessages":[],"meta":{}},{"ancestorTitles":["EventBus","configuration options"],"fullName":"EventBus configuration options should disable middleware when configured","status":"passed","title":"should disable middleware when configured","duration":0.33019999999987704,"failureMessages":[],"meta":{}},{"ancestorTitles":["factory functions","createEventBus()"],"fullName":"factory functions createEventBus() should create custom event bus","status":"passed","title":"should create custom event bus","duration":0.7341999999998734,"failureMessages":[],"meta":{}},{"ancestorTitles":["factory functions","publishEvent() and subscribeToEvent()"],"fullName":"factory functions publishEvent() and subscribeToEvent() should use default event bus instance","status":"passed","title":"should use default event bus instance","duration":0.8733999999999469,"failureMessages":[],"meta":{}},{"ancestorTitles":["error handling"],"fullName":"error handling should emit error events for publication failures","status":"passed","title":"should emit error events for publication failures","duration":1.050799999999981,"failureMessages":[],"meta":{}},{"ancestorTitles":["error handling"],"fullName":"error handling should emit handler-error events","status":"passed","title":"should emit handler-error events","duration":1.1417999999998756,"failureMessages":[],"meta":{}}],"startTime":1756921354628,"endTime":1756921354660.1418,"status":"passed","message":"","name":"C:/buildgame/vitegame/src/shared/services/__tests__/event-bus.spec.ts"},{"assertionResults":[{"ancestorTitles":["SqliteConfigManager","constructor"],"fullName":"SqliteConfigManager constructor should initialize with default environment","status":"passed","title":"should initialize with default environment","duration":3.442199999999957,"failureMessages":[],"meta":{}},{"ancestorTitles":["SqliteConfigManager","constructor"],"fullName":"SqliteConfigManager constructor should initialize with specific environment","status":"passed","title":"should initialize with specific environment","duration":0.5481999999997242,"failureMessages":[],"meta":{}},{"ancestorTitles":["SqliteConfigManager","constructor"],"fullName":"SqliteConfigManager constructor should load environment variable overrides","status":"passed","title":"should load environment variable overrides","duration":0.37809999999990396,"failureMessages":[],"meta":{}},{"ancestorTitles":["SqliteConfigManager","getRecommendedConfig()"],"fullName":"SqliteConfigManager getRecommendedConfig() should return development config","status":"failed","title":"should return development config","duration":16.53099999999995,"failureMessages":["AssertionError: expected 'FULL' to be 'NORMAL' // Object.is equality\n    at C:\\buildgame\\vitegame\\src\\shared\\adapters\\sqlite.bak\\__tests__\\config-manager.spec.ts:87:34\n    at file:///C:/buildgame/vitegame/node_modules/@vitest/runner/dist/chunk-hooks.js:155:11\n    at file:///C:/buildgame/vitegame/node_modules/@vitest/runner/dist/chunk-hooks.js:752:26\n    at file:///C:/buildgame/vitegame/node_modules/@vitest/runner/dist/chunk-hooks.js:1897:20\n    at new Promise (<anonymous>)\n    at runWithTimeout (file:///C:/buildgame/vitegame/node_modules/@vitest/runner/dist/chunk-hooks.js:1863:10)\n    at runTest (file:///C:/buildgame/vitegame/node_modules/@vitest/runner/dist/chunk-hooks.js:1574:12)\n    at processTicksAndRejections (node:internal/process/task_queues:105:5)\n    at runSuite (file:///C:/buildgame/vitegame/node_modules/@vitest/runner/dist/chunk-hooks.js:1729:8)\n    at runSuite (file:///C:/buildgame/vitegame/node_modules/@vitest/runner/dist/chunk-hooks.js:1729:8)"],"meta":{}},{"ancestorTitles":["SqliteConfigManager","getRecommendedConfig()"],"fullName":"SqliteConfigManager getRecommendedConfig() should apply custom overrides","status":"passed","title":"should apply custom overrides","duration":1.2323999999998705,"failureMessages":[],"meta":{}},{"ancestorTitles":["SqliteConfigManager","getRecommendedConfig()"],"fullName":"SqliteConfigManager getRecommendedConfig() should throw error for unknown environment","status":"passed","title":"should throw error for unknown environment","duration":1.8059999999995853,"failureMessages":[],"meta":{}},{"ancestorTitles":["SqliteConfigManager","getAdaptiveConfig()"],"fullName":"SqliteConfigManager getAdaptiveConfig() should select low memory profile for limited memory","status":"failed","title":"should select low memory profile for limited memory","duration":4.900900000000092,"failureMessages":["AssertionError: expected 10000 to be 2000 // Object.is equality\n    at C:\\buildgame\\vitegame\\src\\shared\\adapters\\sqlite.bak\\__tests__\\config-manager.spec.ts:121:33\n    at file:///C:/buildgame/vitegame/node_modules/@vitest/runner/dist/chunk-hooks.js:155:11\n    at file:///C:/buildgame/vitegame/node_modules/@vitest/runner/dist/chunk-hooks.js:752:26\n    at file:///C:/buildgame/vitegame/node_modules/@vitest/runner/dist/chunk-hooks.js:1897:20\n    at new Promise (<anonymous>)\n    at runWithTimeout (file:///C:/buildgame/vitegame/node_modules/@vitest/runner/dist/chunk-hooks.js:1863:10)\n    at runTest (file:///C:/buildgame/vitegame/node_modules/@vitest/runner/dist/chunk-hooks.js:1574:12)\n    at processTicksAndRejections (node:internal/process/task_queues:105:5)\n    at runSuite (file:///C:/buildgame/vitegame/node_modules/@vitest/runner/dist/chunk-hooks.js:1729:8)\n    at runSuite (file:///C:/buildgame/vitegame/node_modules/@vitest/runner/dist/chunk-hooks.js:1729:8)"],"meta":{}},{"ancestorTitles":["SqliteConfigManager","getAdaptiveConfig()"],"fullName":"SqliteConfigManager getAdaptiveConfig() should select high performance profile for abundant memory","status":"passed","title":"should select high performance profile for abundant memory","duration":2.464499999999589,"failureMessages":[],"meta":{}},{"ancestorTitles":["SqliteConfigManager","getAdaptiveConfig()"],"fullName":"SqliteConfigManager getAdaptiveConfig() should use environment profile for moderate memory","status":"passed","title":"should use environment profile for moderate memory","duration":0.8324999999999818,"failureMessages":[],"meta":{}},{"ancestorTitles":["SqliteConfigManager","applyConfig()"],"fullName":"SqliteConfigManager applyConfig() should apply configuration to database","status":"failed","title":"should apply configuration to database","duration":8.540899999999965,"failureMessages":["AssertionError: expected \"spy\" to be called with arguments: [ 'PRAGMA cache_size = 10000' ]\u001b[90m\n\nReceived: \n\n\u001b[1m  1st spy call:\n\n\u001b[22m\u001b[2m  [\u001b[22m\n\u001b[32m-   \"PRAGMA cache_size = 10000\",\u001b[90m\n\u001b[31m+   \"PRAGMA journal_mode = WAL\",\u001b[90m\n\u001b[2m  ]\u001b[22m\n\n\u001b[1m  2nd spy call:\n\n\u001b[22m\u001b[2m  [\u001b[22m\n\u001b[32m-   \"PRAGMA cache_size = 10000\",\u001b[90m\n\u001b[31m+   \"PRAGMA synchronous = NORMAL\",\u001b[90m\n\u001b[2m  ]\u001b[22m\n\n\u001b[1m  3rd spy call:\n\n\u001b[22m\u001b[2m  [\u001b[22m\n\u001b[32m-   \"PRAGMA cache_size = 10000\",\u001b[90m\n\u001b[31m+   \"PRAGMA cache_size = 100000\",\u001b[90m\n\u001b[2m  ]\u001b[22m\n\n\u001b[1m  4th spy call:\n\n\u001b[22m\u001b[2m  [\u001b[22m\n\u001b[32m-   \"PRAGMA cache_size = 10000\",\u001b[90m\n\u001b[31m+   \"PRAGMA foreign_keys = ON\",\u001b[90m\n\u001b[2m  ]\u001b[22m\n\n\u001b[1m  5th spy call:\n\n\u001b[22m\u001b[2m  [\u001b[22m\n\u001b[32m-   \"PRAGMA cache_size = 10000\",\u001b[90m\n\u001b[31m+   \"PRAGMA busy_timeout = 15000\",\u001b[90m\n\u001b[2m  ]\u001b[22m\n\n\u001b[1m  6th spy call:\n\n\u001b[22m\u001b[2m  [\u001b[22m\n\u001b[32m-   \"PRAGMA cache_size = 10000\",\u001b[90m\n\u001b[31m+   \"PRAGMA wal_autocheckpoint = 10000\",\u001b[90m\n\u001b[2m  ]\u001b[22m\n\n\u001b[1m  7th spy call:\n\n\u001b[22m\u001b[2m  [\u001b[22m\n\u001b[32m-   \"PRAGMA cache_size = 10000\",\u001b[90m\n\u001b[31m+   \"PRAGMA mmap_size = 2147483648\",\u001b[90m\n\u001b[2m  ]\u001b[22m\n\n\u001b[1m  8th spy call:\n\n\u001b[22m\u001b[2m  [\u001b[22m\n\u001b[32m-   \"PRAGMA cache_size = 10000\",\u001b[90m\n\u001b[31m+   \"PRAGMA temp_store = MEMORY\",\u001b[90m\n\u001b[2m  ]\u001b[22m\n\u001b[39m\u001b[90m\n\nNumber of calls: \u001b[1m8\u001b[22m\n\u001b[39m\n    at Proxy.<anonymous> (file:///C:/buildgame/vitegame/node_modules/@vitest/expect/dist/index.js:1355:10)\n    at Proxy.<anonymous> (file:///C:/buildgame/vitegame/node_modules/@vitest/expect/dist/index.js:1029:14)\n    at Proxy.methodWrapper (file:///C:/buildgame/vitegame/node_modules/chai/chai.js:1706:25)\n    at C:\\buildgame\\vitegame\\src\\shared\\adapters\\sqlite.bak\\__tests__\\config-manager.spec.ts:184:33\n    at processTicksAndRejections (node:internal/process/task_queues:105:5)\n    at file:///C:/buildgame/vitegame/node_modules/@vitest/runner/dist/chunk-hooks.js:752:20"],"meta":{}},{"ancestorTitles":["SqliteConfigManager","applyConfig()"],"fullName":"SqliteConfigManager applyConfig() should handle configuration errors","status":"passed","title":"should handle configuration errors","duration":2.5286000000000968,"failureMessages":[],"meta":{}},{"ancestorTitles":["SqliteConfigManager","applyConfig()"],"fullName":"SqliteConfigManager applyConfig() should use custom config when provided","status":"passed","title":"should use custom config when provided","duration":1.1286000000000058,"failureMessages":[],"meta":{}},{"ancestorTitles":["SqliteConfigManager","getConfigurationAdvice()"],"fullName":"SqliteConfigManager getConfigurationAdvice() should provide development advice","status":"passed","title":"should provide development advice","duration":1.2240999999999076,"failureMessages":[],"meta":{}},{"ancestorTitles":["SqliteConfigManager","getConfigurationAdvice()"],"fullName":"SqliteConfigManager getConfigurationAdvice() should provide production advice","status":"passed","title":"should provide production advice","duration":0.49810000000024957,"failureMessages":[],"meta":{}},{"ancestorTitles":["SqliteConfigManager","getConfigurationAdvice()"],"fullName":"SqliteConfigManager getConfigurationAdvice() should provide test advice","status":"passed","title":"should provide test advice","duration":0.4155000000000655,"failureMessages":[],"meta":{}},{"ancestorTitles":["SqliteConfigManager","healthCheck()"],"fullName":"SqliteConfigManager healthCheck() should return healthy status for good database","status":"passed","title":"should return healthy status for good database","duration":1.2100000000000364,"failureMessages":[],"meta":{}},{"ancestorTitles":["SqliteConfigManager","healthCheck()"],"fullName":"SqliteConfigManager healthCheck() should detect WAL file issues","status":"passed","title":"should detect WAL file issues","duration":0.5308999999997468,"failureMessages":[],"meta":{}},{"ancestorTitles":["SqliteConfigManager","healthCheck()"],"fullName":"SqliteConfigManager healthCheck() should detect integrity issues","status":"passed","title":"should detect integrity issues","duration":0.4555000000000291,"failureMessages":[],"meta":{}},{"ancestorTitles":["SqliteConfigManager","healthCheck()"],"fullName":"SqliteConfigManager healthCheck() should detect foreign key violations","status":"passed","title":"should detect foreign key violations","duration":0.6115999999997257,"failureMessages":[],"meta":{}},{"ancestorTitles":["SqliteConfigManager","healthCheck()"],"fullName":"SqliteConfigManager healthCheck() should handle health check errors","status":"passed","title":"should handle health check errors","duration":0.3872999999998683,"failureMessages":[],"meta":{}},{"ancestorTitles":["SqliteConfigManager","setConfigOverride()"],"fullName":"SqliteConfigManager setConfigOverride() should set configuration overrides","status":"passed","title":"should set configuration overrides","duration":0.31239999999979773,"failureMessages":[],"meta":{}},{"ancestorTitles":["SqliteConfigManager","setConfigOverride()"],"fullName":"SqliteConfigManager setConfigOverride() should merge with existing overrides","status":"passed","title":"should merge with existing overrides","duration":0.31910000000016225,"failureMessages":[],"meta":{}},{"ancestorTitles":["SqliteConfigManager","getCurrentConfig()"],"fullName":"SqliteConfigManager getCurrentConfig() should return null before applyConfig","status":"passed","title":"should return null before applyConfig","duration":0.3182999999999083,"failureMessages":[],"meta":{}},{"ancestorTitles":["SqliteConfigManager","getCurrentConfig()"],"fullName":"SqliteConfigManager getCurrentConfig() should return current config after applyConfig","status":"passed","title":"should return current config after applyConfig","duration":2.6235999999998967,"failureMessages":[],"meta":{}},{"ancestorTitles":["CONFIG_PROFILES"],"fullName":"CONFIG_PROFILES should have all required profiles","status":"passed","title":"should have all required profiles","duration":0.34560000000010405,"failureMessages":[],"meta":{}},{"ancestorTitles":["CONFIG_PROFILES"],"fullName":"CONFIG_PROFILES should have consistent profile structure","status":"passed","title":"should have consistent profile structure","duration":2.4295999999999367,"failureMessages":[],"meta":{}},{"ancestorTitles":["CONFIG_PROFILES"],"fullName":"CONFIG_PROFILES should have appropriate memory usage values","status":"passed","title":"should have appropriate memory usage values","duration":0.34740000000010696,"failureMessages":[],"meta":{}},{"ancestorTitles":["factory functions","createConfigManager()"],"fullName":"factory functions createConfigManager() should create manager with specified environment","status":"passed","title":"should create manager with specified environment","duration":0.32349999999996726,"failureMessages":[],"meta":{}},{"ancestorTitles":["factory functions","createConfigManager()"],"fullName":"factory functions createConfigManager() should use NODE_ENV when no environment specified","status":"passed","title":"should use NODE_ENV when no environment specified","duration":0.3627000000001317,"failureMessages":[],"meta":{}},{"ancestorTitles":["factory functions","createConfigManager()"],"fullName":"factory functions createConfigManager() should default to development when NODE_ENV not set","status":"passed","title":"should default to development when NODE_ENV not set","duration":0.24279999999998836,"failureMessages":[],"meta":{}},{"ancestorTitles":["factory functions","quickSetupDatabase()"],"fullName":"factory functions quickSetupDatabase() should setup database with default configuration","status":"passed","title":"should setup database with default configuration","duration":1.1062000000001717,"failureMessages":[],"meta":{}},{"ancestorTitles":["factory functions","quickSetupDatabase()"],"fullName":"factory functions quickSetupDatabase() should setup database with custom configuration","status":"passed","title":"should setup database with custom configuration","duration":0.35770000000002256,"failureMessages":[],"meta":{}},{"ancestorTitles":["factory functions","quickSetupDatabase()"],"fullName":"factory functions quickSetupDatabase() should display configuration advice","status":"passed","title":"should display configuration advice","duration":0.6114999999999782,"failureMessages":[],"meta":{}}],"startTime":1756921345994,"endTime":1756921346054.6116,"status":"failed","message":"","name":"C:/buildgame/vitegame/src/shared/adapters/sqlite.bak/__tests__/config-manager.spec.ts"}]}